2025-01-25 17:51:46.321 [info] read schema from vscode: vscode://schemas/vscode-extensions
2025-01-25 17:51:46.500 [info] read schema from vscode: vscode://schemas/toolsParameters
2025-01-25 17:51:46.501 [info] read schema from vscode: vscode://schemas/settings/configurationDefaults
2025-01-25 17:51:46.987 [info] read schema from vscode: vscode://schemas/settings/resourceLanguage
2025-01-25 17:51:46.987 [info] read schema from vscode: vscode://schemas/token-styling
2025-01-25 17:51:46.988 [info] read schema from vscode: vscode://schemas/textmate-colors
2025-01-25 17:51:46.988 [info] read schema from vscode: vscode://schemas/workbench-colors
2025-01-27 21:41:06.043 [info] schema change detected vscode://schemas/workbench-colors
2025-01-27 21:41:08.773 [info] schema change detected vscode://schemas/workbench-colors
2025-01-27 21:41:25.108 [info] schema change detected vscode://schemas/settings/configurationDefaults
2025-01-27 21:41:25.366 [info] schema change detected vscode://schemas/workbench-colors
2025-01-27 21:41:33.520 [info] schema change detected vscode://schemas/workbench-colors
2025-01-27 21:41:37.175 [info] schema change detected vscode://schemas/workbench-colors
2025-01-27 21:41:38.091 [info] schema change detected vscode://schemas/workbench-colors
2025-01-27 21:41:40.784 [info] schema change detected vscode://schemas/workbench-colors
2025-01-27 21:42:43.257 [info] schema change detected vscode://schemas/settings/configurationDefaults
2025-01-27 21:42:43.501 [info] schema change detected vscode://schemas/workbench-colors
2025-01-27 21:42:53.239 [info] schema change detected vscode://schemas/workbench-colors
2025-01-27 21:43:01.697 [info] schema change detected vscode://schemas/workbench-colors
2025-01-27 21:43:03.298 [info] schema change detected vscode://schemas/workbench-colors
2025-01-27 21:43:04.830 [info] schema change detected vscode://schemas/workbench-colors
2025-01-27 21:43:10.515 [info] schema change detected vscode://schemas/workbench-colors
2025-01-27 21:43:11.874 [info] schema change detected vscode://schemas/workbench-colors
2025-01-27 21:43:13.130 [info] schema change detected vscode://schemas/workbench-colors
2025-01-27 21:43:13.948 [info] schema change detected vscode://schemas/workbench-colors
2025-01-27 21:43:15.821 [info] schema change detected vscode://schemas/workbench-colors
2025-01-27 21:43:16.683 [info] schema change detected vscode://schemas/workbench-colors
2025-01-27 21:43:17.987 [info] schema change detected vscode://schemas/workbench-colors
2025-01-27 21:43:18.692 [info] schema change detected vscode://schemas/workbench-colors
2025-01-27 21:43:19.525 [info] schema change detected vscode://schemas/workbench-colors
2025-01-27 21:43:20.084 [info] schema change detected vscode://schemas/workbench-colors
2025-01-27 21:43:20.371 [info] schema change detected vscode://schemas/workbench-colors
2025-01-27 21:43:20.973 [info] schema change detected vscode://schemas/workbench-colors
2025-01-27 21:43:21.274 [info] schema change detected vscode://schemas/workbench-colors
2025-01-27 21:43:21.589 [info] schema change detected vscode://schemas/workbench-colors
2025-01-27 21:43:22.306 [info] schema change detected vscode://schemas/workbench-colors
2025-01-27 21:43:23.916 [info] schema change detected vscode://schemas/workbench-colors
2025-01-27 21:43:24.127 [info] schema change detected vscode://schemas/workbench-colors
2025-01-27 21:43:35.844 [info] schema change detected vscode://schemas/settings/configurationDefaults
2025-01-27 21:43:58.891 [info] schema change detected vscode://schemas/workbench-colors
2025-01-27 21:44:00.383 [info] schema change detected vscode://schemas/workbench-colors
2025-01-27 21:44:01.286 [info] schema change detected vscode://schemas/workbench-colors
2025-01-27 21:44:01.888 [info] schema change detected vscode://schemas/workbench-colors
2025-01-27 21:44:02.532 [info] schema change detected vscode://schemas/workbench-colors
2025-01-27 21:44:03.306 [info] schema change detected vscode://schemas/workbench-colors
2025-01-27 21:44:03.867 [info] schema change detected vscode://schemas/workbench-colors
2025-01-27 21:44:04.428 [info] schema change detected vscode://schemas/workbench-colors
2025-01-27 21:44:04.871 [info] schema change detected vscode://schemas/workbench-colors
2025-01-27 21:44:05.633 [info] schema change detected vscode://schemas/workbench-colors
2025-01-27 21:44:06.121 [info] schema change detected vscode://schemas/workbench-colors
2025-01-27 21:44:06.653 [info] schema change detected vscode://schemas/workbench-colors
2025-01-27 21:44:07.053 [info] schema change detected vscode://schemas/workbench-colors
2025-01-27 21:44:08.826 [info] schema change detected vscode://schemas/workbench-colors
2025-01-27 21:45:09.093 [info] schema change detected vscode://schemas/workbench-colors
2025-01-27 21:45:11.416 [info] schema change detected vscode://schemas/workbench-colors
2025-01-27 21:45:22.931 [info] schema change detected vscode://schemas/workbench-colors
2025-01-27 21:45:24.116 [info] schema change detected vscode://schemas/workbench-colors
2025-01-27 21:45:26.633 [info] schema change detected vscode://schemas/workbench-colors
2025-01-27 21:48:24.405 [info] schema change detected vscode://schemas/settings/configurationDefaults
2025-01-27 21:48:25.640 [info] schema change detected vscode://schemas/settings/configurationDefaults
2025-01-27 21:52:06.373 [info] schema change detected vscode://schemas/settings/configurationDefaults
2025-01-27 21:52:06.627 [info] schema change detected vscode://schemas/workbench-colors
2025-01-27 21:52:08.523 [info] schema change detected vscode://schemas/workbench-colors
2025-01-27 21:52:09.169 [info] schema change detected vscode://schemas/workbench-colors
2025-01-27 21:52:09.810 [info] schema change detected vscode://schemas/workbench-colors
2025-01-27 21:52:10.471 [info] schema change detected vscode://schemas/workbench-colors
2025-01-27 21:52:29.703 [info] schema change detected vscode://schemas/workbench-colors
2025-01-27 21:52:31.265 [info] schema change detected vscode://schemas/workbench-colors
2025-01-27 21:52:33.974 [info] schema change detected vscode://schemas/workbench-colors
2025-01-27 21:52:34.646 [info] schema change detected vscode://schemas/workbench-colors
2025-01-27 21:52:35.235 [info] schema change detected vscode://schemas/workbench-colors
2025-01-27 21:52:35.821 [info] schema change detected vscode://schemas/workbench-colors
2025-01-27 21:52:36.369 [info] schema change detected vscode://schemas/workbench-colors
2025-01-27 21:52:36.841 [info] schema change detected vscode://schemas/workbench-colors
2025-01-27 21:52:37.227 [info] schema change detected vscode://schemas/workbench-colors
2025-01-27 21:52:37.527 [info] schema change detected vscode://schemas/workbench-colors
2025-01-27 21:52:44.291 [info] schema change detected vscode://schemas/workbench-colors
2025-01-27 21:52:53.552 [info] schema change detected vscode://schemas/settings/configurationDefaults
2025-01-27 21:52:53.816 [info] schema change detected vscode://schemas/workbench-colors
2025-01-27 21:52:55.702 [info] schema change detected vscode://schemas/workbench-colors
2025-01-27 21:52:56.743 [info] schema change detected vscode://schemas/workbench-colors
2025-01-27 21:52:57.028 [info] schema change detected vscode://schemas/workbench-colors
2025-01-27 21:52:57.770 [info] schema change detected vscode://schemas/workbench-colors
2025-01-27 21:52:58.025 [info] schema change detected vscode://schemas/workbench-colors
2025-01-27 21:53:06.147 [info] schema change detected vscode://schemas/settings/configurationDefaults
2025-01-27 21:53:06.370 [info] schema change detected vscode://schemas/workbench-colors
2025-01-27 21:53:08.484 [info] schema change detected vscode://schemas/workbench-colors
2025-01-27 21:53:09.180 [info] schema change detected vscode://schemas/workbench-colors
2025-01-27 21:53:10.067 [info] schema change detected vscode://schemas/workbench-colors
2025-01-27 21:53:10.881 [info] schema change detected vscode://schemas/workbench-colors
2025-01-27 21:54:33.874 [info] schema change detected vscode://schemas/workbench-colors
2025-01-27 21:54:35.319 [info] schema change detected vscode://schemas/workbench-colors
2025-01-27 21:54:35.562 [info] schema change detected vscode://schemas/workbench-colors
2025-01-27 21:54:36.036 [info] schema change detected vscode://schemas/workbench-colors
2025-01-27 21:54:36.849 [info] schema change detected vscode://schemas/workbench-colors
2025-01-27 21:54:37.551 [info] schema change detected vscode://schemas/workbench-colors
2025-01-27 21:54:38.625 [info] schema change detected vscode://schemas/workbench-colors
2025-01-27 21:54:41.504 [info] schema change detected vscode://schemas/workbench-colors
2025-01-27 21:54:41.848 [info] schema change detected vscode://schemas/workbench-colors
2025-01-27 21:54:43.053 [info] schema change detected vscode://schemas/workbench-colors
2025-01-27 21:54:45.771 [info] schema change detected vscode://schemas/workbench-colors
2025-01-27 21:54:52.417 [info] schema change detected vscode://schemas/workbench-colors
2025-01-27 21:54:53.789 [info] schema change detected vscode://schemas/workbench-colors
2025-01-27 21:54:54.932 [info] schema change detected vscode://schemas/workbench-colors
2025-01-27 21:54:56.967 [info] schema change detected vscode://schemas/workbench-colors
2025-01-27 21:55:07.561 [info] schema change detected vscode://schemas/workbench-colors
2025-01-27 21:55:08.575 [info] schema change detected vscode://schemas/workbench-colors
2025-01-27 21:55:08.920 [info] schema change detected vscode://schemas/workbench-colors
2025-01-27 21:55:09.217 [info] schema change detected vscode://schemas/workbench-colors
2025-01-27 21:55:09.448 [info] schema change detected vscode://schemas/workbench-colors
2025-01-27 21:55:09.645 [info] schema change detected vscode://schemas/workbench-colors
2025-01-27 21:55:09.860 [info] schema change detected vscode://schemas/workbench-colors
2025-01-27 21:55:10.131 [info] schema change detected vscode://schemas/workbench-colors
2025-01-27 21:55:10.430 [info] schema change detected vscode://schemas/workbench-colors
2025-01-27 21:55:10.627 [info] schema change detected vscode://schemas/workbench-colors
2025-01-27 21:55:10.829 [info] schema change detected vscode://schemas/workbench-colors
2025-01-27 21:55:11.131 [info] schema change detected vscode://schemas/workbench-colors
2025-01-27 21:55:11.332 [info] schema change detected vscode://schemas/workbench-colors
2025-01-27 21:55:11.864 [info] schema change detected vscode://schemas/workbench-colors
2025-01-27 21:55:12.394 [info] schema change detected vscode://schemas/workbench-colors
2025-01-27 21:55:13.058 [info] schema change detected vscode://schemas/workbench-colors
2025-01-27 21:55:13.355 [info] schema change detected vscode://schemas/workbench-colors
2025-01-27 21:55:13.556 [info] schema change detected vscode://schemas/workbench-colors
2025-01-27 21:55:13.770 [info] schema change detected vscode://schemas/workbench-colors
2025-01-27 21:55:15.882 [info] schema change detected vscode://schemas/workbench-colors
2025-01-27 21:55:17.786 [info] schema change detected vscode://schemas/workbench-colors
2025-01-27 21:55:19.214 [info] schema change detected vscode://schemas/workbench-colors
2025-01-27 21:55:20.233 [info] schema change detected vscode://schemas/workbench-colors
2025-01-27 21:55:20.792 [info] schema change detected vscode://schemas/workbench-colors
2025-01-27 21:55:21.523 [info] schema change detected vscode://schemas/workbench-colors
2025-01-27 21:55:22.239 [info] schema change detected vscode://schemas/workbench-colors
2025-01-27 21:55:22.879 [info] schema change detected vscode://schemas/workbench-colors
2025-01-27 21:55:23.625 [info] schema change detected vscode://schemas/workbench-colors
2025-01-27 21:55:24.156 [info] schema change detected vscode://schemas/workbench-colors
2025-01-27 21:55:24.514 [info] schema change detected vscode://schemas/workbench-colors
2025-01-27 21:55:24.887 [info] schema change detected vscode://schemas/workbench-colors
2025-01-27 21:55:25.419 [info] schema change detected vscode://schemas/workbench-colors
2025-01-27 21:55:26.064 [info] schema change detected vscode://schemas/workbench-colors
2025-01-27 21:55:26.567 [info] schema change detected vscode://schemas/workbench-colors
2025-01-27 21:55:27.141 [info] schema change detected vscode://schemas/workbench-colors
2025-01-27 21:55:27.801 [info] schema change detected vscode://schemas/workbench-colors
2025-01-27 21:55:28.389 [info] schema change detected vscode://schemas/workbench-colors
2025-01-27 21:55:28.874 [info] schema change detected vscode://schemas/workbench-colors
2025-01-27 21:55:29.377 [info] schema change detected vscode://schemas/workbench-colors
2025-01-27 21:55:29.906 [info] schema change detected vscode://schemas/workbench-colors
2025-01-27 21:55:30.580 [info] schema change detected vscode://schemas/workbench-colors
2025-01-27 21:55:31.153 [info] schema change detected vscode://schemas/workbench-colors
2025-01-27 21:55:31.656 [info] schema change detected vscode://schemas/workbench-colors
2025-01-27 21:55:32.487 [info] schema change detected vscode://schemas/workbench-colors
2025-01-27 21:55:33.090 [info] schema change detected vscode://schemas/workbench-colors
2025-01-27 21:55:33.781 [info] schema change detected vscode://schemas/workbench-colors
2025-01-27 21:56:08.404 [info] schema change detected vscode://schemas/workbench-colors
2025-01-27 21:56:09.783 [info] schema change detected vscode://schemas/workbench-colors
2025-01-27 21:56:10.328 [info] schema change detected vscode://schemas/workbench-colors
2025-01-27 21:56:11.444 [info] schema change detected vscode://schemas/workbench-colors
2025-01-27 21:56:11.643 [info] schema change detected vscode://schemas/workbench-colors
2025-01-27 21:56:12.519 [info] schema change detected vscode://schemas/workbench-colors
2025-01-27 21:56:13.207 [info] schema change detected vscode://schemas/workbench-colors
2025-01-27 21:56:17.536 [info] schema change detected vscode://schemas/workbench-colors
2025-01-27 21:56:18.326 [info] schema change detected vscode://schemas/workbench-colors
