2025-02-20 17:43:37.039 [info] [main] Log level: Info
2025-02-20 17:43:37.040 [info] [main] Validating found git in: "git"
2025-02-20 17:43:37.040 [info] [main] Using git "2.43.0" from "git"
2025-02-20 17:43:37.040 [info] [Model][doInitialScan] Initial repository scan started
2025-02-20 17:43:37.040 [info] > git rev-parse --show-toplevel [70ms]
2025-02-20 17:43:37.041 [info] > git rev-parse --git-dir --git-common-dir [10ms]
2025-02-20 17:43:37.064 [info] [Model][openRepository] Opened repository: /home/mckaycjm21
2025-02-20 17:43:37.400 [info] > git rev-parse --show-toplevel [236ms]
2025-02-20 17:43:37.403 [info] > git config --get commit.template [307ms]
2025-02-20 17:43:37.434 [info] > git rev-parse --show-toplevel [12ms]
2025-02-20 17:43:37.452 [info] > git rev-parse --show-toplevel [2ms]
2025-02-20 17:43:37.453 [info] > git for-each-ref --format=%(refname)%00%(upstream:short)%00%(objectname)%00%(upstream:track)%00%(upstream:remotename)%00%(upstream:remoteref) refs/heads/main refs/remotes/main [20ms]
2025-02-20 17:43:37.487 [info] > git for-each-ref --sort -committerdate --format %(refname) %(objectname) %(*objectname) [9ms]
2025-02-20 17:43:37.492 [info] > git rev-parse --show-toplevel [6ms]
2025-02-20 17:43:37.496 [info] [Model][doInitialScan] Initial repository scan completed - repositories (1), closed repositories (0), parent repositories (0), unsafe repositories (0)
2025-02-20 17:43:37.555 [info] > git show --textconv :react-NIU/src/component/NewCard.jsx [21ms]
2025-02-20 17:43:37.577 [info] > git status -z -uall [104ms]
2025-02-20 17:43:37.645 [info] > git ls-files --stage -- /home/mckaycjm21/react-NIU/src/component/NewCard.jsx [90ms]
2025-02-20 17:43:37.658 [info] > git config --get commit.template [14ms]
2025-02-20 17:43:37.658 [info] > git for-each-ref --format=%(refname)%00%(upstream:short)%00%(objectname)%00%(upstream:track)%00%(upstream:remotename)%00%(upstream:remoteref) refs/heads/main refs/remotes/main [25ms]
2025-02-20 17:43:37.667 [info] > git config --get --local branch.main.vscode-merge-base [3ms]
2025-02-20 17:43:37.667 [warning] [Git][config] git config failed: Failed to execute git
2025-02-20 17:43:37.685 [info] > git cat-file -s 67de757ebb038d8b1efacfcde3a484e2cf77b587 [32ms]
2025-02-20 17:43:37.711 [info] > git reflog main --grep-reflog=branch: Created from *. [26ms]
2025-02-20 17:43:37.741 [info] > git for-each-ref --format=%(refname)%00%(upstream:short)%00%(objectname)%00%(upstream:track)%00%(upstream:remotename)%00%(upstream:remoteref) refs/heads/main refs/remotes/main [33ms]
2025-02-20 17:43:37.794 [info] > git symbolic-ref --short refs/remotes/origin/HEAD [60ms]
2025-02-20 17:43:37.794 [info] fatal: ref refs/remotes/origin/HEAD is not a symbolic ref
2025-02-20 17:43:37.794 [warning] [Repository][getDefaultBranch] Failed to get default branch details: Failed to execute git.
2025-02-20 17:43:37.804 [info] > git for-each-ref --sort -committerdate --format %(refname) %(objectname) %(*objectname) [39ms]
2025-02-20 17:43:37.831 [info] > git status -z -uall [85ms]
2025-02-20 17:43:37.897 [info] > git check-ignore -v -z --stdin [4ms]
2025-02-20 17:43:37.897 [info] > git blame --root --incremental 20699bbff6eb916f8528ffa2c1a7ce30e5fbbeee -- /home/mckaycjm21/react-NIU/src/component/NewCard.jsx [30ms]
2025-02-20 17:43:46.733 [info] > git config --get commit.template [2ms]
2025-02-20 17:43:46.733 [info] > git for-each-ref --format=%(refname)%00%(upstream:short)%00%(objectname)%00%(upstream:track)%00%(upstream:remotename)%00%(upstream:remoteref) refs/heads/main refs/remotes/main [1ms]
2025-02-20 17:43:46.737 [info] > git for-each-ref --sort -committerdate --format %(refname) %(objectname) %(*objectname) [1ms]
2025-02-20 17:43:46.773 [info] > git status -z -uall [39ms]
2025-02-20 17:43:51.780 [info] > git config --get commit.template [3ms]
2025-02-20 17:43:51.780 [info] > git for-each-ref --format=%(refname)%00%(upstream:short)%00%(objectname)%00%(upstream:track)%00%(upstream:remotename)%00%(upstream:remoteref) refs/heads/main refs/remotes/main [1ms]
2025-02-20 17:43:51.785 [info] > git for-each-ref --sort -committerdate --format %(refname) %(objectname) %(*objectname) [1ms]
2025-02-20 17:43:51.813 [info] > git status -z -uall [31ms]
2025-02-20 17:44:32.183 [info] > git config --get commit.template [0ms]
2025-02-20 17:44:32.186 [info] > git for-each-ref --format=%(refname)%00%(upstream:short)%00%(objectname)%00%(upstream:track)%00%(upstream:remotename)%00%(upstream:remoteref) refs/heads/main refs/remotes/main [1ms]
2025-02-20 17:44:32.200 [info] > git for-each-ref --sort -committerdate --format %(refname) %(objectname) %(*objectname) [3ms]
2025-02-20 17:44:32.224 [info] > git status -z -uall [35ms]
2025-02-20 18:18:17.865 [info] > git config --get commit.template [7ms]
2025-02-20 18:18:17.867 [info] > git ls-files --stage -- /home/mckaycjm21/react-NIU/src/component/NewCard.jsx [3ms]
2025-02-20 18:18:17.870 [info] > git for-each-ref --format=%(refname)%00%(upstream:short)%00%(objectname)%00%(upstream:track)%00%(upstream:remotename)%00%(upstream:remoteref) refs/heads/main refs/remotes/main [9ms]
2025-02-20 18:18:17.881 [info] > git cat-file -s 67de757ebb038d8b1efacfcde3a484e2cf77b587 [11ms]
2025-02-20 18:18:17.883 [info] > git for-each-ref --sort -committerdate --format %(refname) %(objectname) %(*objectname) [3ms]
2025-02-20 18:18:17.908 [info] > git status -z -uall [33ms]
2025-02-20 18:18:17.915 [info] > git show --textconv :react-NIU/src/component/NewCard.jsx [2ms]
2025-02-20 18:21:38.459 [info] > git config --get commit.template [3ms]
2025-02-20 18:21:38.460 [info] > git for-each-ref --format=%(refname)%00%(upstream:short)%00%(objectname)%00%(upstream:track)%00%(upstream:remotename)%00%(upstream:remoteref) refs/heads/main refs/remotes/main [2ms]
2025-02-20 18:21:38.468 [info] > git for-each-ref --sort -committerdate --format %(refname) %(objectname) %(*objectname) [4ms]
2025-02-20 18:21:38.500 [info] > git status -z -uall [38ms]
2025-02-20 18:21:43.507 [info] > git config --get commit.template [2ms]
2025-02-20 18:21:43.508 [info] > git for-each-ref --format=%(refname)%00%(upstream:short)%00%(objectname)%00%(upstream:track)%00%(upstream:remotename)%00%(upstream:remoteref) refs/heads/main refs/remotes/main [1ms]
2025-02-20 18:21:43.513 [info] > git for-each-ref --sort -committerdate --format %(refname) %(objectname) %(*objectname) [2ms]
2025-02-20 18:21:43.540 [info] > git status -z -uall [31ms]
2025-02-20 18:24:35.506 [info] > git config --get commit.template [3ms]
2025-02-20 18:24:35.507 [info] > git for-each-ref --format=%(refname)%00%(upstream:short)%00%(objectname)%00%(upstream:track)%00%(upstream:remotename)%00%(upstream:remoteref) refs/heads/main refs/remotes/main [1ms]
2025-02-20 18:24:35.514 [info] > git for-each-ref --sort -committerdate --format %(refname) %(objectname) %(*objectname) [2ms]
2025-02-20 18:24:35.552 [info] > git status -z -uall [42ms]
2025-02-20 18:28:05.775 [info] > git check-ignore -v -z --stdin [3ms]
2025-02-20 18:32:18.827 [info] > git config --get commit.template [3ms]
2025-02-20 18:32:18.827 [info] > git for-each-ref --format=%(refname)%00%(upstream:short)%00%(objectname)%00%(upstream:track)%00%(upstream:remotename)%00%(upstream:remoteref) refs/heads/main refs/remotes/main [1ms]
2025-02-20 18:32:18.835 [info] > git for-each-ref --sort -committerdate --format %(refname) %(objectname) %(*objectname) [3ms]
2025-02-20 18:32:18.864 [info] > git status -z -uall [34ms]
2025-02-20 18:32:23.872 [info] > git config --get commit.template [2ms]
2025-02-20 18:32:23.873 [info] > git for-each-ref --format=%(refname)%00%(upstream:short)%00%(objectname)%00%(upstream:track)%00%(upstream:remotename)%00%(upstream:remoteref) refs/heads/main refs/remotes/main [2ms]
2025-02-20 18:32:23.879 [info] > git for-each-ref --sort -committerdate --format %(refname) %(objectname) %(*objectname) [1ms]
2025-02-20 18:32:23.907 [info] > git status -z -uall [32ms]
2025-02-20 18:32:40.885 [info] > git config --get commit.template [4ms]
2025-02-20 18:32:40.886 [info] > git for-each-ref --format=%(refname)%00%(upstream:short)%00%(objectname)%00%(upstream:track)%00%(upstream:remotename)%00%(upstream:remoteref) refs/heads/main refs/remotes/main [2ms]
2025-02-20 18:32:40.896 [info] > git for-each-ref --sort -committerdate --format %(refname) %(objectname) %(*objectname) [1ms]
2025-02-20 18:32:40.926 [info] > git status -z -uall [38ms]
2025-02-20 18:32:45.934 [info] > git config --get commit.template [2ms]
2025-02-20 18:32:45.935 [info] > git for-each-ref --format=%(refname)%00%(upstream:short)%00%(objectname)%00%(upstream:track)%00%(upstream:remotename)%00%(upstream:remoteref) refs/heads/main refs/remotes/main [1ms]
2025-02-20 18:32:45.939 [info] > git for-each-ref --sort -committerdate --format %(refname) %(objectname) %(*objectname) [1ms]
2025-02-20 18:32:45.968 [info] > git status -z -uall [32ms]
2025-02-20 18:32:47.629 [info] > git show --textconv :react-NIU/.gitignore [2ms]
2025-02-20 18:32:47.631 [info] > git ls-files --stage -- /home/mckaycjm21/react-NIU/.gitignore [2ms]
2025-02-20 18:32:47.635 [info] > git cat-file -s a547bf36d8d11a4f89c59c144f24795749086dd1 [1ms]
2025-02-20 18:32:49.450 [info] > git blame --root --incremental 20699bbff6eb916f8528ffa2c1a7ce30e5fbbeee -- /home/mckaycjm21/react-NIU/.gitignore [1ms]
2025-02-20 18:32:50.975 [info] > git config --get commit.template [3ms]
2025-02-20 18:32:50.975 [info] > git for-each-ref --format=%(refname)%00%(upstream:short)%00%(objectname)%00%(upstream:track)%00%(upstream:remotename)%00%(upstream:remoteref) refs/heads/main refs/remotes/main [1ms]
2025-02-20 18:32:50.981 [info] > git for-each-ref --sort -committerdate --format %(refname) %(objectname) %(*objectname) [2ms]
2025-02-20 18:32:51.008 [info] > git status -z -uall [31ms]
2025-02-20 18:32:53.764 [info] > git check-ignore -v -z --stdin [5ms]
2025-02-20 18:33:02.438 [info] > git config --get commit.template [3ms]
2025-02-20 18:33:02.438 [info] > git for-each-ref --format=%(refname)%00%(upstream:short)%00%(objectname)%00%(upstream:track)%00%(upstream:remotename)%00%(upstream:remoteref) refs/heads/main refs/remotes/main [1ms]
2025-02-20 18:33:02.452 [info] > git for-each-ref --sort -committerdate --format %(refname) %(objectname) %(*objectname) [8ms]
2025-02-20 18:33:02.494 [info] > git status -z -uall [54ms]
2025-02-20 18:33:04.239 [info] > git check-ignore -v -z --stdin [6ms]
2025-02-20 18:33:05.735 [info] > git check-ignore -v -z --stdin [4ms]
2025-02-20 18:33:07.502 [info] > git config --get commit.template [3ms]
2025-02-20 18:33:07.502 [info] > git for-each-ref --format=%(refname)%00%(upstream:short)%00%(objectname)%00%(upstream:track)%00%(upstream:remotename)%00%(upstream:remoteref) refs/heads/main refs/remotes/main [0ms]
2025-02-20 18:33:07.513 [info] > git for-each-ref --sort -committerdate --format %(refname) %(objectname) %(*objectname) [2ms]
2025-02-20 18:33:07.543 [info] > git status -z -uall [39ms]
2025-02-20 18:33:12.241 [info] > git check-ignore -v -z --stdin [15ms]
2025-02-20 18:33:28.270 [info] > git config --get commit.template [4ms]
2025-02-20 18:33:28.270 [info] > git for-each-ref --format=%(refname)%00%(upstream:short)%00%(objectname)%00%(upstream:track)%00%(upstream:remotename)%00%(upstream:remoteref) refs/heads/main refs/remotes/main [1ms]
2025-02-20 18:33:28.281 [info] > git for-each-ref --sort -committerdate --format %(refname) %(objectname) %(*objectname) [3ms]
2025-02-20 18:33:28.315 [info] > git status -z -uall [41ms]
2025-02-20 18:33:33.321 [info] > git config --get commit.template [1ms]
2025-02-20 18:33:33.324 [info] > git for-each-ref --format=%(refname)%00%(upstream:short)%00%(objectname)%00%(upstream:track)%00%(upstream:remotename)%00%(upstream:remoteref) refs/heads/main refs/remotes/main [1ms]
2025-02-20 18:33:33.329 [info] > git for-each-ref --sort -committerdate --format %(refname) %(objectname) %(*objectname) [2ms]
2025-02-20 18:33:33.357 [info] > git status -z -uall [31ms]
2025-02-20 18:33:33.836 [info] > git check-ignore -v -z --stdin [13ms]
2025-02-20 18:33:38.365 [info] > git config --get commit.template [2ms]
2025-02-20 18:33:38.366 [info] > git for-each-ref --format=%(refname)%00%(upstream:short)%00%(objectname)%00%(upstream:track)%00%(upstream:remotename)%00%(upstream:remoteref) refs/heads/main refs/remotes/main [2ms]
2025-02-20 18:33:38.371 [info] > git for-each-ref --sort -committerdate --format %(refname) %(objectname) %(*objectname) [2ms]
2025-02-20 18:33:38.398 [info] > git status -z -uall [31ms]
2025-02-20 18:33:38.745 [info] > git check-ignore -v -z --stdin [5ms]
2025-02-20 18:33:43.406 [info] > git config --get commit.template [2ms]
2025-02-20 18:33:43.406 [info] > git for-each-ref --format=%(refname)%00%(upstream:short)%00%(objectname)%00%(upstream:track)%00%(upstream:remotename)%00%(upstream:remoteref) refs/heads/main refs/remotes/main [1ms]
2025-02-20 18:33:43.411 [info] > git for-each-ref --sort -committerdate --format %(refname) %(objectname) %(*objectname) [2ms]
2025-02-20 18:33:43.440 [info] > git status -z -uall [32ms]
2025-02-20 18:33:52.032 [info] > git config --get commit.template [2ms]
2025-02-20 18:33:52.034 [info] > git for-each-ref --format=%(refname)%00%(upstream:short)%00%(objectname)%00%(upstream:track)%00%(upstream:remotename)%00%(upstream:remoteref) refs/heads/main refs/remotes/main [2ms]
2025-02-20 18:33:52.039 [info] > git for-each-ref --sort -committerdate --format %(refname) %(objectname) %(*objectname) [1ms]
2025-02-20 18:33:52.066 [info] > git status -z -uall [31ms]
2025-02-20 18:34:13.762 [info] > git config --get commit.template [3ms]
2025-02-20 18:34:13.763 [info] > git for-each-ref --format=%(refname)%00%(upstream:short)%00%(objectname)%00%(upstream:track)%00%(upstream:remotename)%00%(upstream:remoteref) refs/heads/main refs/remotes/main [0ms]
2025-02-20 18:34:13.775 [info] > git for-each-ref --sort -committerdate --format %(refname) %(objectname) %(*objectname) [2ms]
2025-02-20 18:34:13.815 [info] > git status -z -uall [50ms]
2025-02-20 18:34:44.400 [info] > git config --get commit.template [2ms]
2025-02-20 18:34:44.404 [info] > git for-each-ref --format=%(refname)%00%(upstream:short)%00%(objectname)%00%(upstream:track)%00%(upstream:remotename)%00%(upstream:remoteref) refs/heads/main refs/remotes/main [0ms]
2025-02-20 18:34:44.419 [info] > git for-each-ref --sort -committerdate --format %(refname) %(objectname) %(*objectname) [7ms]
2025-02-20 18:34:44.451 [info] > git status -z -uall [44ms]
2025-02-20 18:35:01.243 [info] > git config --get commit.template [1ms]
2025-02-20 18:35:01.246 [info] > git for-each-ref --format=%(refname)%00%(upstream:short)%00%(objectname)%00%(upstream:track)%00%(upstream:remotename)%00%(upstream:remoteref) refs/heads/main refs/remotes/main [1ms]
2025-02-20 18:35:01.259 [info] > git for-each-ref --sort -committerdate --format %(refname) %(objectname) %(*objectname) [1ms]
2025-02-20 18:35:01.283 [info] > git status -z -uall [35ms]
2025-02-20 18:35:09.904 [info] > git config --get commit.template [3ms]
2025-02-20 18:35:09.904 [info] > git for-each-ref --format=%(refname)%00%(upstream:short)%00%(objectname)%00%(upstream:track)%00%(upstream:remotename)%00%(upstream:remoteref) refs/heads/main refs/remotes/main [1ms]
2025-02-20 18:35:09.915 [info] > git for-each-ref --sort -committerdate --format %(refname) %(objectname) %(*objectname) [5ms]
2025-02-20 18:35:09.943 [info] > git status -z -uall [36ms]
2025-02-20 18:35:21.911 [info] > git config --get commit.template [3ms]
2025-02-20 18:35:21.911 [info] > git for-each-ref --format=%(refname)%00%(upstream:short)%00%(objectname)%00%(upstream:track)%00%(upstream:remotename)%00%(upstream:remoteref) refs/heads/main refs/remotes/main [1ms]
2025-02-20 18:35:21.917 [info] > git for-each-ref --sort -committerdate --format %(refname) %(objectname) %(*objectname) [2ms]
2025-02-20 18:35:21.948 [info] > git status -z -uall [35ms]
2025-02-20 18:39:25.128 [info] > git config --get commit.template [3ms]
2025-02-20 18:39:25.129 [info] > git for-each-ref --format=%(refname)%00%(upstream:short)%00%(objectname)%00%(upstream:track)%00%(upstream:remotename)%00%(upstream:remoteref) refs/heads/main refs/remotes/main [1ms]
2025-02-20 18:39:25.142 [info] > git for-each-ref --sort -committerdate --format %(refname) %(objectname) %(*objectname) [7ms]
2025-02-20 18:39:25.167 [info] > git status -z -uall [35ms]
2025-02-20 18:40:11.193 [info] > git check-ignore -v -z --stdin [3ms]
2025-02-20 18:40:21.957 [info] > git for-each-ref --format=%(refname)%00%(upstream:short)%00%(objectname)%00%(upstream:track)%00%(upstream:remotename)%00%(upstream:remoteref) refs/heads/main refs/remotes/main [1ms]
2025-02-20 18:40:21.957 [info] > git config --get commit.template [3ms]
2025-02-20 18:40:21.963 [info] > git for-each-ref --sort -committerdate --format %(refname) %(objectname) %(*objectname) [2ms]
2025-02-20 18:40:21.994 [info] > git status -z -uall [35ms]
2025-02-20 18:40:27.002 [info] > git config --get commit.template [3ms]
2025-02-20 18:40:27.002 [info] > git for-each-ref --format=%(refname)%00%(upstream:short)%00%(objectname)%00%(upstream:track)%00%(upstream:remotename)%00%(upstream:remoteref) refs/heads/main refs/remotes/main [1ms]
2025-02-20 18:40:27.009 [info] > git for-each-ref --sort -committerdate --format %(refname) %(objectname) %(*objectname) [3ms]
2025-02-20 18:40:27.037 [info] > git status -z -uall [33ms]
2025-02-20 18:40:32.569 [info] > git config --get commit.template [4ms]
2025-02-20 18:40:32.570 [info] > git for-each-ref --format=%(refname)%00%(upstream:short)%00%(objectname)%00%(upstream:track)%00%(upstream:remotename)%00%(upstream:remoteref) refs/heads/main refs/remotes/main [1ms]
2025-02-20 18:40:32.585 [info] > git for-each-ref --sort -committerdate --format %(refname) %(objectname) %(*objectname) [6ms]
2025-02-20 18:40:32.619 [info] > git status -z -uall [47ms]
2025-02-20 18:40:38.125 [info] > git config --get commit.template [4ms]
2025-02-20 18:40:38.125 [info] > git for-each-ref --format=%(refname)%00%(upstream:short)%00%(objectname)%00%(upstream:track)%00%(upstream:remotename)%00%(upstream:remoteref) refs/heads/main refs/remotes/main [1ms]
2025-02-20 18:40:38.135 [info] > git for-each-ref --sort -committerdate --format %(refname) %(objectname) %(*objectname) [4ms]
2025-02-20 18:40:38.169 [info] > git status -z -uall [42ms]
2025-02-20 18:40:44.239 [info] > git config --get commit.template [2ms]
2025-02-20 18:40:44.241 [info] > git for-each-ref --format=%(refname)%00%(upstream:short)%00%(objectname)%00%(upstream:track)%00%(upstream:remotename)%00%(upstream:remoteref) refs/heads/main refs/remotes/main [2ms]
2025-02-20 18:40:44.253 [info] > git for-each-ref --sort -committerdate --format %(refname) %(objectname) %(*objectname) [5ms]
2025-02-20 18:40:44.282 [info] > git status -z -uall [39ms]
2025-02-20 18:41:51.902 [info] > git config --get commit.template [3ms]
2025-02-20 18:41:51.903 [info] > git for-each-ref --format=%(refname)%00%(upstream:short)%00%(objectname)%00%(upstream:track)%00%(upstream:remotename)%00%(upstream:remoteref) refs/heads/main refs/remotes/main [2ms]
2025-02-20 18:41:51.916 [info] > git for-each-ref --sort -committerdate --format %(refname) %(objectname) %(*objectname) [1ms]
2025-02-20 18:41:51.945 [info] > git status -z -uall [40ms]
2025-02-20 18:41:58.237 [info] > git config --get commit.template [3ms]
2025-02-20 18:41:58.238 [info] > git for-each-ref --format=%(refname)%00%(upstream:short)%00%(objectname)%00%(upstream:track)%00%(upstream:remotename)%00%(upstream:remoteref) refs/heads/main refs/remotes/main [1ms]
2025-02-20 18:41:58.249 [info] > git for-each-ref --sort -committerdate --format %(refname) %(objectname) %(*objectname) [2ms]
2025-02-20 18:41:58.280 [info] > git status -z -uall [39ms]
2025-02-20 18:42:03.287 [info] > git for-each-ref --format=%(refname)%00%(upstream:short)%00%(objectname)%00%(upstream:track)%00%(upstream:remotename)%00%(upstream:remoteref) refs/heads/main refs/remotes/main [1ms]
2025-02-20 18:42:03.287 [info] > git config --get commit.template [3ms]
2025-02-20 18:42:03.291 [info] > git for-each-ref --sort -committerdate --format %(refname) %(objectname) %(*objectname) [1ms]
2025-02-20 18:42:03.321 [info] > git status -z -uall [32ms]
2025-02-20 18:42:15.982 [info] > git config --get commit.template [3ms]
2025-02-20 18:42:15.983 [info] > git for-each-ref --format=%(refname)%00%(upstream:short)%00%(objectname)%00%(upstream:track)%00%(upstream:remotename)%00%(upstream:remoteref) refs/heads/main refs/remotes/main [1ms]
2025-02-20 18:42:15.993 [info] > git for-each-ref --sort -committerdate --format %(refname) %(objectname) %(*objectname) [5ms]
2025-02-20 18:42:16.021 [info] > git status -z -uall [36ms]
2025-02-20 18:42:26.902 [info] > git config --get commit.template [3ms]
2025-02-20 18:42:26.902 [info] > git for-each-ref --format=%(refname)%00%(upstream:short)%00%(objectname)%00%(upstream:track)%00%(upstream:remotename)%00%(upstream:remoteref) refs/heads/main refs/remotes/main [1ms]
2025-02-20 18:42:26.908 [info] > git for-each-ref --sort -committerdate --format %(refname) %(objectname) %(*objectname) [1ms]
2025-02-20 18:42:26.940 [info] > git status -z -uall [35ms]
2025-02-20 18:43:29.777 [info] > git config --get commit.template [2ms]
2025-02-20 18:43:29.780 [info] > git for-each-ref --format=%(refname)%00%(upstream:short)%00%(objectname)%00%(upstream:track)%00%(upstream:remotename)%00%(upstream:remoteref) refs/heads/main refs/remotes/main [1ms]
2025-02-20 18:43:29.787 [info] > git for-each-ref --sort -committerdate --format %(refname) %(objectname) %(*objectname) [3ms]
2025-02-20 18:43:29.825 [info] > git status -z -uall [43ms]
2025-02-20 18:43:34.834 [info] > git config --get commit.template [3ms]
2025-02-20 18:43:34.835 [info] > git for-each-ref --format=%(refname)%00%(upstream:short)%00%(objectname)%00%(upstream:track)%00%(upstream:remotename)%00%(upstream:remoteref) refs/heads/main refs/remotes/main [0ms]
2025-02-20 18:43:34.843 [info] > git for-each-ref --sort -committerdate --format %(refname) %(objectname) %(*objectname) [1ms]
2025-02-20 18:43:34.866 [info] > git status -z -uall [30ms]
2025-02-20 18:43:39.873 [info] > git config --get commit.template [2ms]
2025-02-20 18:43:39.873 [info] > git for-each-ref --format=%(refname)%00%(upstream:short)%00%(objectname)%00%(upstream:track)%00%(upstream:remotename)%00%(upstream:remoteref) refs/heads/main refs/remotes/main [0ms]
2025-02-20 18:43:39.880 [info] > git for-each-ref --sort -committerdate --format %(refname) %(objectname) %(*objectname) [3ms]
2025-02-20 18:43:39.907 [info] > git status -z -uall [31ms]
2025-02-20 18:43:44.912 [info] > git config --get commit.template [2ms]
2025-02-20 18:43:44.913 [info] > git for-each-ref --format=%(refname)%00%(upstream:short)%00%(objectname)%00%(upstream:track)%00%(upstream:remotename)%00%(upstream:remoteref) refs/heads/main refs/remotes/main [1ms]
2025-02-20 18:43:44.918 [info] > git for-each-ref --sort -committerdate --format %(refname) %(objectname) %(*objectname) [1ms]
2025-02-20 18:43:44.946 [info] > git status -z -uall [31ms]
2025-02-20 18:44:55.071 [info] > git config --get commit.template [4ms]
2025-02-20 18:44:55.072 [info] > git for-each-ref --format=%(refname)%00%(upstream:short)%00%(objectname)%00%(upstream:track)%00%(upstream:remotename)%00%(upstream:remoteref) refs/heads/main refs/remotes/main [1ms]
2025-02-20 18:44:55.078 [info] > git for-each-ref --sort -committerdate --format %(refname) %(objectname) %(*objectname) [1ms]
2025-02-20 18:44:55.122 [info] > git status -z -uall [47ms]
2025-02-20 18:46:13.885 [info] > git config --get commit.template [2ms]
2025-02-20 18:46:13.885 [info] > git for-each-ref --format=%(refname)%00%(upstream:short)%00%(objectname)%00%(upstream:track)%00%(upstream:remotename)%00%(upstream:remoteref) refs/heads/main refs/remotes/main [1ms]
2025-02-20 18:46:13.896 [info] > git for-each-ref --sort -committerdate --format %(refname) %(objectname) %(*objectname) [5ms]
2025-02-20 18:46:13.926 [info] > git status -z -uall [37ms]
2025-02-20 18:46:22.311 [info] > git config --get commit.template [3ms]
2025-02-20 18:46:22.311 [info] > git for-each-ref --format=%(refname)%00%(upstream:short)%00%(objectname)%00%(upstream:track)%00%(upstream:remotename)%00%(upstream:remoteref) refs/heads/main refs/remotes/main [1ms]
2025-02-20 18:46:22.317 [info] > git for-each-ref --sort -committerdate --format %(refname) %(objectname) %(*objectname) [2ms]
2025-02-20 18:46:22.343 [info] > git status -z -uall [30ms]
2025-02-20 18:46:27.350 [info] > git config --get commit.template [2ms]
2025-02-20 18:46:27.350 [info] > git for-each-ref --format=%(refname)%00%(upstream:short)%00%(objectname)%00%(upstream:track)%00%(upstream:remotename)%00%(upstream:remoteref) refs/heads/main refs/remotes/main [1ms]
2025-02-20 18:46:27.355 [info] > git for-each-ref --sort -committerdate --format %(refname) %(objectname) %(*objectname) [2ms]
2025-02-20 18:46:27.386 [info] > git status -z -uall [35ms]
2025-02-20 18:46:32.392 [info] > git config --get commit.template [2ms]
2025-02-20 18:46:32.393 [info] > git for-each-ref --format=%(refname)%00%(upstream:short)%00%(objectname)%00%(upstream:track)%00%(upstream:remotename)%00%(upstream:remoteref) refs/heads/main refs/remotes/main [1ms]
2025-02-20 18:46:32.397 [info] > git for-each-ref --sort -committerdate --format %(refname) %(objectname) %(*objectname) [2ms]
2025-02-20 18:46:32.425 [info] > git status -z -uall [31ms]
2025-02-20 18:46:39.517 [info] > git config --get commit.template [3ms]
2025-02-20 18:46:39.517 [info] > git for-each-ref --format=%(refname)%00%(upstream:short)%00%(objectname)%00%(upstream:track)%00%(upstream:remotename)%00%(upstream:remoteref) refs/heads/main refs/remotes/main [1ms]
2025-02-20 18:46:39.526 [info] > git for-each-ref --sort -committerdate --format %(refname) %(objectname) %(*objectname) [4ms]
2025-02-20 18:46:39.554 [info] > git status -z -uall [35ms]
2025-02-20 18:49:17.620 [info] > git config --get commit.template [3ms]
2025-02-20 18:49:17.620 [info] > git for-each-ref --format=%(refname)%00%(upstream:short)%00%(objectname)%00%(upstream:track)%00%(upstream:remotename)%00%(upstream:remoteref) refs/heads/main refs/remotes/main [1ms]
2025-02-20 18:49:17.626 [info] > git for-each-ref --sort -committerdate --format %(refname) %(objectname) %(*objectname) [2ms]
2025-02-20 18:49:17.661 [info] > git status -z -uall [39ms]
2025-02-20 18:55:25.953 [info] > git config --get commit.template [2ms]
2025-02-20 18:55:25.957 [info] > git for-each-ref --format=%(refname)%00%(upstream:short)%00%(objectname)%00%(upstream:track)%00%(upstream:remotename)%00%(upstream:remoteref) refs/heads/main refs/remotes/main [2ms]
2025-02-20 18:55:25.964 [info] > git for-each-ref --sort -committerdate --format %(refname) %(objectname) %(*objectname) [1ms]
2025-02-20 18:55:26.003 [info] > git status -z -uall [43ms]
2025-02-20 18:55:31.010 [info] > git config --get commit.template [1ms]
2025-02-20 18:55:31.010 [info] > git for-each-ref --format=%(refname)%00%(upstream:short)%00%(objectname)%00%(upstream:track)%00%(upstream:remotename)%00%(upstream:remoteref) refs/heads/main refs/remotes/main [1ms]
2025-02-20 18:55:31.014 [info] > git for-each-ref --sort -committerdate --format %(refname) %(objectname) %(*objectname) [1ms]
2025-02-20 18:55:31.041 [info] > git status -z -uall [30ms]
2025-02-20 18:55:36.049 [info] > git config --get commit.template [3ms]
2025-02-20 18:55:36.049 [info] > git for-each-ref --format=%(refname)%00%(upstream:short)%00%(objectname)%00%(upstream:track)%00%(upstream:remotename)%00%(upstream:remoteref) refs/heads/main refs/remotes/main [1ms]
2025-02-20 18:55:36.055 [info] > git for-each-ref --sort -committerdate --format %(refname) %(objectname) %(*objectname) [2ms]
2025-02-20 18:55:36.084 [info] > git status -z -uall [32ms]
2025-02-20 18:56:14.514 [info] > git config --get commit.template [1ms]
2025-02-20 18:56:14.517 [info] > git for-each-ref --format=%(refname)%00%(upstream:short)%00%(objectname)%00%(upstream:track)%00%(upstream:remotename)%00%(upstream:remoteref) refs/heads/main refs/remotes/main [1ms]
2025-02-20 18:56:14.531 [info] > git for-each-ref --sort -committerdate --format %(refname) %(objectname) %(*objectname) [9ms]
2025-02-20 18:56:14.565 [info] > git status -z -uall [44ms]
2025-02-20 18:56:19.572 [info] > git config --get commit.template [1ms]
2025-02-20 18:56:19.575 [info] > git for-each-ref --format=%(refname)%00%(upstream:short)%00%(objectname)%00%(upstream:track)%00%(upstream:remotename)%00%(upstream:remoteref) refs/heads/main refs/remotes/main [1ms]
2025-02-20 18:56:19.585 [info] > git for-each-ref --sort -committerdate --format %(refname) %(objectname) %(*objectname) [1ms]
2025-02-20 18:56:19.613 [info] > git status -z -uall [36ms]
2025-02-20 18:56:28.204 [info] > git config --get commit.template [3ms]
2025-02-20 18:56:28.205 [info] > git for-each-ref --format=%(refname)%00%(upstream:short)%00%(objectname)%00%(upstream:track)%00%(upstream:remotename)%00%(upstream:remoteref) refs/heads/main refs/remotes/main [1ms]
2025-02-20 18:56:28.210 [info] > git for-each-ref --sort -committerdate --format %(refname) %(objectname) %(*objectname) [2ms]
2025-02-20 18:56:28.245 [info] > git status -z -uall [39ms]
2025-02-20 18:57:09.571 [info] > git config --get commit.template [3ms]
2025-02-20 18:57:09.571 [info] > git for-each-ref --format=%(refname)%00%(upstream:short)%00%(objectname)%00%(upstream:track)%00%(upstream:remotename)%00%(upstream:remoteref) refs/heads/main refs/remotes/main [1ms]
2025-02-20 18:57:09.583 [info] > git for-each-ref --sort -committerdate --format %(refname) %(objectname) %(*objectname) [5ms]
2025-02-20 18:57:09.611 [info] > git status -z -uall [37ms]
2025-02-20 18:57:17.907 [info] > git config --get commit.template [2ms]
2025-02-20 18:57:17.907 [info] > git for-each-ref --format=%(refname)%00%(upstream:short)%00%(objectname)%00%(upstream:track)%00%(upstream:remotename)%00%(upstream:remoteref) refs/heads/main refs/remotes/main [1ms]
2025-02-20 18:57:17.916 [info] > git for-each-ref --sort -committerdate --format %(refname) %(objectname) %(*objectname) [3ms]
2025-02-20 18:57:17.944 [info] > git status -z -uall [34ms]
2025-02-20 18:57:24.752 [info] > git config --get commit.template [4ms]
2025-02-20 18:57:24.752 [info] > git for-each-ref --format=%(refname)%00%(upstream:short)%00%(objectname)%00%(upstream:track)%00%(upstream:remotename)%00%(upstream:remoteref) refs/heads/main refs/remotes/main [1ms]
2025-02-20 18:57:24.764 [info] > git for-each-ref --sort -committerdate --format %(refname) %(objectname) %(*objectname) [1ms]
2025-02-20 18:57:24.795 [info] > git status -z -uall [40ms]
2025-02-20 18:57:29.803 [info] > git config --get commit.template [2ms]
2025-02-20 18:57:29.803 [info] > git for-each-ref --format=%(refname)%00%(upstream:short)%00%(objectname)%00%(upstream:track)%00%(upstream:remotename)%00%(upstream:remoteref) refs/heads/main refs/remotes/main [1ms]
2025-02-20 18:57:29.809 [info] > git for-each-ref --sort -committerdate --format %(refname) %(objectname) %(*objectname) [1ms]
2025-02-20 18:57:29.837 [info] > git status -z -uall [32ms]
2025-02-20 18:57:38.440 [info] > git config --get commit.template [14ms]
2025-02-20 18:57:38.443 [info] > git for-each-ref --format=%(refname)%00%(upstream:short)%00%(objectname)%00%(upstream:track)%00%(upstream:remotename)%00%(upstream:remoteref) refs/heads/main refs/remotes/main [4ms]
2025-02-20 18:57:38.489 [info] > git for-each-ref --sort -committerdate --format %(refname) %(objectname) %(*objectname) [4ms]
2025-02-20 18:57:38.539 [info] > git status -z -uall [83ms]
2025-02-20 18:57:49.314 [info] > git config --get commit.template [4ms]
2025-02-20 18:57:49.314 [info] > git for-each-ref --format=%(refname)%00%(upstream:short)%00%(objectname)%00%(upstream:track)%00%(upstream:remotename)%00%(upstream:remoteref) refs/heads/main refs/remotes/main [1ms]
2025-02-20 18:57:49.326 [info] > git for-each-ref --sort -committerdate --format %(refname) %(objectname) %(*objectname) [2ms]
2025-02-20 18:57:49.352 [info] > git status -z -uall [34ms]
2025-02-20 18:57:54.358 [info] > git config --get commit.template [0ms]
2025-02-20 18:57:54.360 [info] > git for-each-ref --format=%(refname)%00%(upstream:short)%00%(objectname)%00%(upstream:track)%00%(upstream:remotename)%00%(upstream:remoteref) refs/heads/main refs/remotes/main [1ms]
2025-02-20 18:57:54.367 [info] > git for-each-ref --sort -committerdate --format %(refname) %(objectname) %(*objectname) [2ms]
2025-02-20 18:57:54.396 [info] > git status -z -uall [35ms]
2025-02-20 18:57:59.402 [info] > git config --get commit.template [2ms]
2025-02-20 18:57:59.403 [info] > git for-each-ref --format=%(refname)%00%(upstream:short)%00%(objectname)%00%(upstream:track)%00%(upstream:remotename)%00%(upstream:remoteref) refs/heads/main refs/remotes/main [1ms]
2025-02-20 18:57:59.408 [info] > git for-each-ref --sort -committerdate --format %(refname) %(objectname) %(*objectname) [2ms]
2025-02-20 18:57:59.435 [info] > git status -z -uall [30ms]
2025-02-20 18:58:04.442 [info] > git config --get commit.template [3ms]
2025-02-20 18:58:04.442 [info] > git for-each-ref --format=%(refname)%00%(upstream:short)%00%(objectname)%00%(upstream:track)%00%(upstream:remotename)%00%(upstream:remoteref) refs/heads/main refs/remotes/main [1ms]
2025-02-20 18:58:04.447 [info] > git for-each-ref --sort -committerdate --format %(refname) %(objectname) %(*objectname) [1ms]
2025-02-20 18:58:04.474 [info] > git status -z -uall [30ms]
2025-02-20 18:58:13.063 [info] > git config --get commit.template [2ms]
2025-02-20 18:58:13.063 [info] > git for-each-ref --format=%(refname)%00%(upstream:short)%00%(objectname)%00%(upstream:track)%00%(upstream:remotename)%00%(upstream:remoteref) refs/heads/main refs/remotes/main [0ms]
2025-02-20 18:58:13.073 [info] > git for-each-ref --sort -committerdate --format %(refname) %(objectname) %(*objectname) [3ms]
2025-02-20 18:58:13.097 [info] > git status -z -uall [30ms]
2025-02-20 18:58:18.104 [info] > git config --get commit.template [2ms]
2025-02-20 18:58:18.104 [info] > git for-each-ref --format=%(refname)%00%(upstream:short)%00%(objectname)%00%(upstream:track)%00%(upstream:remotename)%00%(upstream:remoteref) refs/heads/main refs/remotes/main [1ms]
2025-02-20 18:58:18.108 [info] > git for-each-ref --sort -committerdate --format %(refname) %(objectname) %(*objectname) [1ms]
2025-02-20 18:58:18.134 [info] > git status -z -uall [29ms]
2025-02-20 18:58:23.141 [info] > git config --get commit.template [2ms]
2025-02-20 18:58:23.141 [info] > git for-each-ref --format=%(refname)%00%(upstream:short)%00%(objectname)%00%(upstream:track)%00%(upstream:remotename)%00%(upstream:remoteref) refs/heads/main refs/remotes/main [1ms]
2025-02-20 18:58:23.146 [info] > git for-each-ref --sort -committerdate --format %(refname) %(objectname) %(*objectname) [2ms]
2025-02-20 18:58:23.173 [info] > git status -z -uall [30ms]
2025-02-20 18:58:28.180 [info] > git config --get commit.template [2ms]
2025-02-20 18:58:28.182 [info] > git for-each-ref --format=%(refname)%00%(upstream:short)%00%(objectname)%00%(upstream:track)%00%(upstream:remotename)%00%(upstream:remoteref) refs/heads/main refs/remotes/main [1ms]
2025-02-20 18:58:28.187 [info] > git for-each-ref --sort -committerdate --format %(refname) %(objectname) %(*objectname) [2ms]
2025-02-20 18:58:28.215 [info] > git status -z -uall [31ms]
2025-02-20 18:59:17.220 [info] > git config --get commit.template [3ms]
2025-02-20 18:59:17.220 [info] > git for-each-ref --format=%(refname)%00%(upstream:short)%00%(objectname)%00%(upstream:track)%00%(upstream:remotename)%00%(upstream:remoteref) refs/heads/main refs/remotes/main [0ms]
2025-02-20 18:59:17.227 [info] > git for-each-ref --sort -committerdate --format %(refname) %(objectname) %(*objectname) [2ms]
2025-02-20 18:59:17.262 [info] > git status -z -uall [40ms]
2025-02-20 18:59:53.483 [info] > git config --get commit.template [4ms]
2025-02-20 18:59:53.483 [info] > git for-each-ref --format=%(refname)%00%(upstream:short)%00%(objectname)%00%(upstream:track)%00%(upstream:remotename)%00%(upstream:remoteref) refs/heads/main refs/remotes/main [1ms]
2025-02-20 18:59:53.493 [info] > git for-each-ref --sort -committerdate --format %(refname) %(objectname) %(*objectname) [3ms]
2025-02-20 18:59:53.522 [info] > git status -z -uall [36ms]
2025-02-20 18:59:56.376 [info] > git show --textconv :react-NIU/package.json [10ms]
2025-02-20 18:59:56.376 [info] > git ls-files --stage -- /home/mckaycjm21/react-NIU/package.json [1ms]
2025-02-20 18:59:56.382 [info] > git cat-file -s f53848d7eba4fcd575f0a907326fb26ba1c3c021 [3ms]
2025-02-20 19:00:20.261 [info] > git config --get commit.template [3ms]
2025-02-20 19:00:20.262 [info] > git for-each-ref --format=%(refname)%00%(upstream:short)%00%(objectname)%00%(upstream:track)%00%(upstream:remotename)%00%(upstream:remoteref) refs/heads/main refs/remotes/main [1ms]
2025-02-20 19:00:20.272 [info] > git for-each-ref --sort -committerdate --format %(refname) %(objectname) %(*objectname) [4ms]
2025-02-20 19:00:20.301 [info] > git status -z -uall [36ms]
2025-02-20 19:00:26.467 [info] > git config --get commit.template [3ms]
2025-02-20 19:00:26.468 [info] > git for-each-ref --format=%(refname)%00%(upstream:short)%00%(objectname)%00%(upstream:track)%00%(upstream:remotename)%00%(upstream:remoteref) refs/heads/main refs/remotes/main [1ms]
2025-02-20 19:00:26.478 [info] > git for-each-ref --sort -committerdate --format %(refname) %(objectname) %(*objectname) [1ms]
2025-02-20 19:00:26.506 [info] > git status -z -uall [35ms]
2025-02-20 19:00:31.513 [info] > git config --get commit.template [3ms]
2025-02-20 19:00:31.513 [info] > git for-each-ref --format=%(refname)%00%(upstream:short)%00%(objectname)%00%(upstream:track)%00%(upstream:remotename)%00%(upstream:remoteref) refs/heads/main refs/remotes/main [0ms]
2025-02-20 19:00:31.518 [info] > git for-each-ref --sort -committerdate --format %(refname) %(objectname) %(*objectname) [2ms]
2025-02-20 19:00:31.545 [info] > git status -z -uall [30ms]
2025-02-20 19:00:40.139 [info] > git config --get commit.template [6ms]
2025-02-20 19:00:40.142 [info] > git for-each-ref --format=%(refname)%00%(upstream:short)%00%(objectname)%00%(upstream:track)%00%(upstream:remotename)%00%(upstream:remoteref) refs/heads/main refs/remotes/main [3ms]
2025-02-20 19:00:40.165 [info] > git for-each-ref --sort -committerdate --format %(refname) %(objectname) %(*objectname) [7ms]
2025-02-20 19:00:40.211 [info] > git status -z -uall [65ms]
2025-02-20 19:01:26.543 [info] > git config --get commit.template [3ms]
2025-02-20 19:01:26.544 [info] > git for-each-ref --format=%(refname)%00%(upstream:short)%00%(objectname)%00%(upstream:track)%00%(upstream:remotename)%00%(upstream:remoteref) refs/heads/main refs/remotes/main [2ms]
2025-02-20 19:01:26.559 [info] > git for-each-ref --sort -committerdate --format %(refname) %(objectname) %(*objectname) [2ms]
2025-02-20 19:01:26.599 [info] > git status -z -uall [52ms]
2025-02-20 19:01:31.608 [info] > git config --get commit.template [3ms]
2025-02-20 19:01:31.608 [info] > git for-each-ref --format=%(refname)%00%(upstream:short)%00%(objectname)%00%(upstream:track)%00%(upstream:remotename)%00%(upstream:remoteref) refs/heads/main refs/remotes/main [1ms]
2025-02-20 19:01:31.613 [info] > git for-each-ref --sort -committerdate --format %(refname) %(objectname) %(*objectname) [2ms]
2025-02-20 19:01:31.642 [info] > git status -z -uall [32ms]
2025-02-20 19:01:36.651 [info] > git for-each-ref --format=%(refname)%00%(upstream:short)%00%(objectname)%00%(upstream:track)%00%(upstream:remotename)%00%(upstream:remoteref) refs/heads/main refs/remotes/main [2ms]
2025-02-20 19:01:36.651 [info] > git config --get commit.template [4ms]
2025-02-20 19:01:36.657 [info] > git for-each-ref --sort -committerdate --format %(refname) %(objectname) %(*objectname) [2ms]
2025-02-20 19:01:36.688 [info] > git status -z -uall [35ms]
2025-02-20 19:02:47.385 [info] > git config --get commit.template [1ms]
2025-02-20 19:02:47.389 [info] > git for-each-ref --format=%(refname)%00%(upstream:short)%00%(objectname)%00%(upstream:track)%00%(upstream:remotename)%00%(upstream:remoteref) refs/heads/main refs/remotes/main [0ms]
2025-02-20 19:02:47.401 [info] > git for-each-ref --sort -committerdate --format %(refname) %(objectname) %(*objectname) [2ms]
2025-02-20 19:02:47.447 [info] > git status -z -uall [56ms]
2025-02-20 19:03:02.937 [info] > git config --get commit.template [3ms]
2025-02-20 19:03:02.938 [info] > git for-each-ref --format=%(refname)%00%(upstream:short)%00%(objectname)%00%(upstream:track)%00%(upstream:remotename)%00%(upstream:remoteref) refs/heads/main refs/remotes/main [2ms]
2025-02-20 19:03:02.944 [info] > git for-each-ref --sort -committerdate --format %(refname) %(objectname) %(*objectname) [2ms]
2025-02-20 19:03:02.982 [info] > git status -z -uall [42ms]
2025-02-20 19:03:15.550 [info] > git config --get commit.template [2ms]
2025-02-20 19:03:15.554 [info] > git for-each-ref --format=%(refname)%00%(upstream:short)%00%(objectname)%00%(upstream:track)%00%(upstream:remotename)%00%(upstream:remoteref) refs/heads/main refs/remotes/main [1ms]
2025-02-20 19:03:15.561 [info] > git for-each-ref --sort -committerdate --format %(refname) %(objectname) %(*objectname) [1ms]
2025-02-20 19:03:15.596 [info] > git status -z -uall [40ms]
2025-02-20 19:03:36.929 [info] > git config --get commit.template [1ms]
2025-02-20 19:03:36.932 [info] > git for-each-ref --format=%(refname)%00%(upstream:short)%00%(objectname)%00%(upstream:track)%00%(upstream:remotename)%00%(upstream:remoteref) refs/heads/main refs/remotes/main [1ms]
2025-02-20 19:03:36.949 [info] > git for-each-ref --sort -committerdate --format %(refname) %(objectname) %(*objectname) [9ms]
2025-02-20 19:03:36.975 [info] > git status -z -uall [40ms]
2025-02-20 19:04:28.581 [info] > git check-ignore -v -z --stdin [1ms]
2025-02-20 19:04:35.715 [info] > git config --get commit.template [3ms]
2025-02-20 19:04:35.716 [info] > git for-each-ref --format=%(refname)%00%(upstream:short)%00%(objectname)%00%(upstream:track)%00%(upstream:remotename)%00%(upstream:remoteref) refs/heads/main refs/remotes/main [1ms]
2025-02-20 19:04:35.732 [info] > git for-each-ref --sort -committerdate --format %(refname) %(objectname) %(*objectname) [3ms]
2025-02-20 19:04:35.760 [info] > git status -z -uall [42ms]
2025-02-20 19:04:40.768 [info] > git config --get commit.template [2ms]
2025-02-20 19:04:40.769 [info] > git for-each-ref --format=%(refname)%00%(upstream:short)%00%(objectname)%00%(upstream:track)%00%(upstream:remotename)%00%(upstream:remoteref) refs/heads/main refs/remotes/main [1ms]
2025-02-20 19:04:40.773 [info] > git for-each-ref --sort -committerdate --format %(refname) %(objectname) %(*objectname) [1ms]
2025-02-20 19:04:40.801 [info] > git status -z -uall [31ms]
2025-02-20 19:04:45.835 [info] > git for-each-ref --format=%(refname)%00%(upstream:short)%00%(objectname)%00%(upstream:track)%00%(upstream:remotename)%00%(upstream:remoteref) refs/heads/main refs/remotes/main [26ms]
2025-02-20 19:04:45.836 [info] > git config --get commit.template [29ms]
2025-02-20 19:04:45.864 [info] > git for-each-ref --sort -committerdate --format %(refname) %(objectname) %(*objectname) [14ms]
2025-02-20 19:04:45.893 [info] > git status -z -uall [55ms]
2025-02-20 19:04:52.092 [info] > git config --get commit.template [3ms]
2025-02-20 19:04:52.093 [info] > git for-each-ref --format=%(refname)%00%(upstream:short)%00%(objectname)%00%(upstream:track)%00%(upstream:remotename)%00%(upstream:remoteref) refs/heads/main refs/remotes/main [1ms]
2025-02-20 19:04:52.106 [info] > git for-each-ref --sort -committerdate --format %(refname) %(objectname) %(*objectname) [2ms]
2025-02-20 19:04:52.157 [info] > git status -z -uall [61ms]
2025-02-20 19:04:57.173 [info] > git config --get commit.template [4ms]
2025-02-20 19:04:57.173 [info] > git for-each-ref --format=%(refname)%00%(upstream:short)%00%(objectname)%00%(upstream:track)%00%(upstream:remotename)%00%(upstream:remoteref) refs/heads/main refs/remotes/main [1ms]
2025-02-20 19:04:57.180 [info] > git for-each-ref --sort -committerdate --format %(refname) %(objectname) %(*objectname) [2ms]
2025-02-20 19:04:57.215 [info] > git status -z -uall [39ms]
2025-02-20 19:05:16.816 [info] > git config --get commit.template [3ms]
2025-02-20 19:05:16.817 [info] > git for-each-ref --format=%(refname)%00%(upstream:short)%00%(objectname)%00%(upstream:track)%00%(upstream:remotename)%00%(upstream:remoteref) refs/heads/main refs/remotes/main [1ms]
2025-02-20 19:05:16.837 [info] > git for-each-ref --sort -committerdate --format %(refname) %(objectname) %(*objectname) [4ms]
2025-02-20 19:05:16.875 [info] > git status -z -uall [52ms]
2025-02-20 19:05:24.688 [info] > git config --get commit.template [2ms]
2025-02-20 19:05:24.692 [info] > git for-each-ref --format=%(refname)%00%(upstream:short)%00%(objectname)%00%(upstream:track)%00%(upstream:remotename)%00%(upstream:remoteref) refs/heads/main refs/remotes/main [1ms]
2025-02-20 19:05:24.709 [info] > git for-each-ref --sort -committerdate --format %(refname) %(objectname) %(*objectname) [12ms]
2025-02-20 19:05:24.773 [info] > git status -z -uall [78ms]
2025-02-20 19:05:25.194 [info] > git check-ignore -v -z --stdin [2ms]
2025-02-20 19:05:33.340 [info] > git config --get commit.template [3ms]
2025-02-20 19:05:33.340 [info] > git for-each-ref --format=%(refname)%00%(upstream:short)%00%(objectname)%00%(upstream:track)%00%(upstream:remotename)%00%(upstream:remoteref) refs/heads/main refs/remotes/main [1ms]
2025-02-20 19:05:33.351 [info] > git for-each-ref --sort -committerdate --format %(refname) %(objectname) %(*objectname) [5ms]
2025-02-20 19:05:33.382 [info] > git status -z -uall [39ms]
2025-02-20 19:05:47.543 [info] > git for-each-ref --format=%(refname)%00%(upstream:short)%00%(objectname)%00%(upstream:track)%00%(upstream:remotename)%00%(upstream:remoteref) refs/heads/main refs/remotes/main [2ms]
2025-02-20 19:05:47.543 [info] > git config --get commit.template [5ms]
2025-02-20 19:05:47.554 [info] > git for-each-ref --sort -committerdate --format %(refname) %(objectname) %(*objectname) [5ms]
2025-02-20 19:05:47.599 [info] > git status -z -uall [53ms]
2025-02-20 19:05:52.612 [info] > git config --get commit.template [3ms]
2025-02-20 19:05:52.612 [info] > git for-each-ref --format=%(refname)%00%(upstream:short)%00%(objectname)%00%(upstream:track)%00%(upstream:remotename)%00%(upstream:remoteref) refs/heads/main refs/remotes/main [1ms]
2025-02-20 19:05:52.669 [info] > git for-each-ref --sort -committerdate --format %(refname) %(objectname) %(*objectname) [46ms]
2025-02-20 19:05:52.683 [info] > git status -z -uall [68ms]
2025-02-20 19:05:56.323 [info] > git check-ignore -v -z --stdin [5ms]
2025-02-20 19:05:57.692 [info] > git config --get commit.template [3ms]
2025-02-20 19:05:57.693 [info] > git for-each-ref --format=%(refname)%00%(upstream:short)%00%(objectname)%00%(upstream:track)%00%(upstream:remotename)%00%(upstream:remoteref) refs/heads/main refs/remotes/main [1ms]
2025-02-20 19:05:57.699 [info] > git for-each-ref --sort -committerdate --format %(refname) %(objectname) %(*objectname) [2ms]
2025-02-20 19:05:57.733 [info] > git status -z -uall [38ms]
2025-02-20 19:06:02.741 [info] > git config --get commit.template [3ms]
2025-02-20 19:06:02.742 [info] > git for-each-ref --format=%(refname)%00%(upstream:short)%00%(objectname)%00%(upstream:track)%00%(upstream:remotename)%00%(upstream:remoteref) refs/heads/main refs/remotes/main [1ms]
2025-02-20 19:06:02.797 [info] > git for-each-ref --sort -committerdate --format %(refname) %(objectname) %(*objectname) [52ms]
2025-02-20 19:06:02.818 [info] > git status -z -uall [75ms]
2025-02-20 19:06:07.827 [info] > git config --get commit.template [2ms]
2025-02-20 19:06:07.828 [info] > git for-each-ref --format=%(refname)%00%(upstream:short)%00%(objectname)%00%(upstream:track)%00%(upstream:remotename)%00%(upstream:remoteref) refs/heads/main refs/remotes/main [1ms]
2025-02-20 19:06:07.833 [info] > git for-each-ref --sort -committerdate --format %(refname) %(objectname) %(*objectname) [2ms]
2025-02-20 19:06:07.865 [info] > git status -z -uall [36ms]
2025-02-20 19:07:35.938 [info] > git config --get commit.template [3ms]
2025-02-20 19:07:35.938 [info] > git for-each-ref --format=%(refname)%00%(upstream:short)%00%(objectname)%00%(upstream:track)%00%(upstream:remotename)%00%(upstream:remoteref) refs/heads/main refs/remotes/main [1ms]
2025-02-20 19:07:35.948 [info] > git for-each-ref --sort -committerdate --format %(refname) %(objectname) %(*objectname) [4ms]
2025-02-20 19:07:35.993 [info] > git status -z -uall [52ms]
2025-02-20 19:07:41.004 [info] > git config --get commit.template [2ms]
2025-02-20 19:07:41.005 [info] > git for-each-ref --format=%(refname)%00%(upstream:short)%00%(objectname)%00%(upstream:track)%00%(upstream:remotename)%00%(upstream:remoteref) refs/heads/main refs/remotes/main [1ms]
2025-02-20 19:07:41.011 [info] > git for-each-ref --sort -committerdate --format %(refname) %(objectname) %(*objectname) [2ms]
2025-02-20 19:07:41.044 [info] > git status -z -uall [37ms]
2025-02-20 19:07:46.052 [info] > git config --get commit.template [2ms]
2025-02-20 19:07:46.052 [info] > git for-each-ref --format=%(refname)%00%(upstream:short)%00%(objectname)%00%(upstream:track)%00%(upstream:remotename)%00%(upstream:remoteref) refs/heads/main refs/remotes/main [1ms]
2025-02-20 19:07:46.058 [info] > git for-each-ref --sort -committerdate --format %(refname) %(objectname) %(*objectname) [3ms]
2025-02-20 19:07:46.088 [info] > git status -z -uall [34ms]
2025-02-20 19:07:51.098 [info] > git config --get commit.template [3ms]
2025-02-20 19:07:51.098 [info] > git for-each-ref --format=%(refname)%00%(upstream:short)%00%(objectname)%00%(upstream:track)%00%(upstream:remotename)%00%(upstream:remoteref) refs/heads/main refs/remotes/main [1ms]
2025-02-20 19:07:51.103 [info] > git for-each-ref --sort -committerdate --format %(refname) %(objectname) %(*objectname) [1ms]
2025-02-20 19:07:51.135 [info] > git status -z -uall [35ms]
2025-02-20 19:08:10.145 [info] > git config --get commit.template [3ms]
2025-02-20 19:08:10.145 [info] > git for-each-ref --format=%(refname)%00%(upstream:short)%00%(objectname)%00%(upstream:track)%00%(upstream:remotename)%00%(upstream:remoteref) refs/heads/main refs/remotes/main [1ms]
2025-02-20 19:08:10.164 [info] > git for-each-ref --sort -committerdate --format %(refname) %(objectname) %(*objectname) [3ms]
2025-02-20 19:08:10.190 [info] > git status -z -uall [37ms]
2025-02-20 19:08:20.712 [info] > git config --get commit.template [3ms]
2025-02-20 19:08:20.713 [info] > git for-each-ref --format=%(refname)%00%(upstream:short)%00%(objectname)%00%(upstream:track)%00%(upstream:remotename)%00%(upstream:remoteref) refs/heads/main refs/remotes/main [1ms]
2025-02-20 19:08:20.721 [info] > git for-each-ref --sort -committerdate --format %(refname) %(objectname) %(*objectname) [2ms]
2025-02-20 19:08:20.755 [info] > git status -z -uall [39ms]
2025-02-20 19:08:40.824 [info] > git config --get commit.template [2ms]
2025-02-20 19:08:40.828 [info] > git for-each-ref --format=%(refname)%00%(upstream:short)%00%(objectname)%00%(upstream:track)%00%(upstream:remotename)%00%(upstream:remoteref) refs/heads/main refs/remotes/main [0ms]
2025-02-20 19:08:40.836 [info] > git for-each-ref --sort -committerdate --format %(refname) %(objectname) %(*objectname) [2ms]
2025-02-20 19:08:40.878 [info] > git status -z -uall [47ms]
2025-02-20 19:08:45.888 [info] > git config --get commit.template [2ms]
2025-02-20 19:08:45.889 [info] > git for-each-ref --format=%(refname)%00%(upstream:short)%00%(objectname)%00%(upstream:track)%00%(upstream:remotename)%00%(upstream:remoteref) refs/heads/main refs/remotes/main [1ms]
2025-02-20 19:08:45.894 [info] > git for-each-ref --sort -committerdate --format %(refname) %(objectname) %(*objectname) [2ms]
2025-02-20 19:08:45.924 [info] > git status -z -uall [34ms]
2025-02-20 19:09:08.230 [info] > git config --get commit.template [0ms]
2025-02-20 19:09:08.232 [info] > git for-each-ref --format=%(refname)%00%(upstream:short)%00%(objectname)%00%(upstream:track)%00%(upstream:remotename)%00%(upstream:remoteref) refs/heads/main refs/remotes/main [0ms]
2025-02-20 19:09:08.243 [info] > git for-each-ref --sort -committerdate --format %(refname) %(objectname) %(*objectname) [4ms]
2025-02-20 19:09:08.270 [info] > git status -z -uall [36ms]
2025-02-20 19:09:16.638 [info] > git config --get commit.template [3ms]
2025-02-20 19:09:16.639 [info] > git for-each-ref --format=%(refname)%00%(upstream:short)%00%(objectname)%00%(upstream:track)%00%(upstream:remotename)%00%(upstream:remoteref) refs/heads/main refs/remotes/main [1ms]
2025-02-20 19:09:16.645 [info] > git for-each-ref --sort -committerdate --format %(refname) %(objectname) %(*objectname) [2ms]
2025-02-20 19:09:16.678 [info] > git status -z -uall [36ms]
2025-02-20 19:09:21.689 [info] > git config --get commit.template [4ms]
2025-02-20 19:09:21.690 [info] > git for-each-ref --format=%(refname)%00%(upstream:short)%00%(objectname)%00%(upstream:track)%00%(upstream:remotename)%00%(upstream:remoteref) refs/heads/main refs/remotes/main [1ms]
2025-02-20 19:09:21.695 [info] > git for-each-ref --sort -committerdate --format %(refname) %(objectname) %(*objectname) [2ms]
2025-02-20 19:09:21.725 [info] > git status -z -uall [33ms]
2025-02-20 19:09:26.735 [info] > git config --get commit.template [4ms]
2025-02-20 19:09:26.736 [info] > git for-each-ref --format=%(refname)%00%(upstream:short)%00%(objectname)%00%(upstream:track)%00%(upstream:remotename)%00%(upstream:remoteref) refs/heads/main refs/remotes/main [3ms]
2025-02-20 19:09:26.741 [info] > git for-each-ref --sort -committerdate --format %(refname) %(objectname) %(*objectname) [1ms]
2025-02-20 19:09:26.772 [info] > git status -z -uall [34ms]
2025-02-20 19:09:31.780 [info] > git config --get commit.template [2ms]
2025-02-20 19:09:31.781 [info] > git for-each-ref --format=%(refname)%00%(upstream:short)%00%(objectname)%00%(upstream:track)%00%(upstream:remotename)%00%(upstream:remoteref) refs/heads/main refs/remotes/main [1ms]
2025-02-20 19:09:31.785 [info] > git for-each-ref --sort -committerdate --format %(refname) %(objectname) %(*objectname) [1ms]
2025-02-20 19:09:31.815 [info] > git status -z -uall [33ms]
2025-02-20 19:09:44.039 [info] > git config --get commit.template [4ms]
2025-02-20 19:09:44.039 [info] > git for-each-ref --format=%(refname)%00%(upstream:short)%00%(objectname)%00%(upstream:track)%00%(upstream:remotename)%00%(upstream:remoteref) refs/heads/main refs/remotes/main [2ms]
2025-02-20 19:09:44.046 [info] > git for-each-ref --sort -committerdate --format %(refname) %(objectname) %(*objectname) [2ms]
2025-02-20 19:09:44.079 [info] > git status -z -uall [37ms]
2025-02-20 19:09:52.470 [info] > git config --get commit.template [3ms]
2025-02-20 19:09:52.470 [info] > git for-each-ref --format=%(refname)%00%(upstream:short)%00%(objectname)%00%(upstream:track)%00%(upstream:remotename)%00%(upstream:remoteref) refs/heads/main refs/remotes/main [0ms]
2025-02-20 19:09:52.475 [info] > git for-each-ref --sort -committerdate --format %(refname) %(objectname) %(*objectname) [2ms]
2025-02-20 19:09:52.505 [info] > git status -z -uall [33ms]
2025-02-20 19:09:57.514 [info] > git config --get commit.template [3ms]
2025-02-20 19:09:57.515 [info] > git for-each-ref --format=%(refname)%00%(upstream:short)%00%(objectname)%00%(upstream:track)%00%(upstream:remotename)%00%(upstream:remoteref) refs/heads/main refs/remotes/main [2ms]
2025-02-20 19:09:57.521 [info] > git for-each-ref --sort -committerdate --format %(refname) %(objectname) %(*objectname) [1ms]
2025-02-20 19:09:57.552 [info] > git status -z -uall [34ms]
2025-02-20 19:10:02.561 [info] > git config --get commit.template [3ms]
2025-02-20 19:10:02.561 [info] > git for-each-ref --format=%(refname)%00%(upstream:short)%00%(objectname)%00%(upstream:track)%00%(upstream:remotename)%00%(upstream:remoteref) refs/heads/main refs/remotes/main [1ms]
2025-02-20 19:10:02.567 [info] > git for-each-ref --sort -committerdate --format %(refname) %(objectname) %(*objectname) [2ms]
2025-02-20 19:10:02.600 [info] > git status -z -uall [37ms]
2025-02-20 19:10:07.608 [info] > git config --get commit.template [2ms]
2025-02-20 19:10:07.609 [info] > git for-each-ref --format=%(refname)%00%(upstream:short)%00%(objectname)%00%(upstream:track)%00%(upstream:remotename)%00%(upstream:remoteref) refs/heads/main refs/remotes/main [0ms]
2025-02-20 19:10:07.614 [info] > git for-each-ref --sort -committerdate --format %(refname) %(objectname) %(*objectname) [2ms]
2025-02-20 19:10:07.644 [info] > git status -z -uall [34ms]
2025-02-20 19:11:07.916 [info] > git config --get commit.template [2ms]
2025-02-20 19:11:07.923 [info] > git for-each-ref --format=%(refname)%00%(upstream:short)%00%(objectname)%00%(upstream:track)%00%(upstream:remotename)%00%(upstream:remoteref) refs/heads/main refs/remotes/main [3ms]
2025-02-20 19:11:07.931 [info] > git for-each-ref --sort -committerdate --format %(refname) %(objectname) %(*objectname) [3ms]
2025-02-20 19:11:07.973 [info] > git status -z -uall [48ms]
2025-02-20 19:11:16.122 [info] > git config --get commit.template [4ms]
2025-02-20 19:11:16.123 [info] > git for-each-ref --format=%(refname)%00%(upstream:short)%00%(objectname)%00%(upstream:track)%00%(upstream:remotename)%00%(upstream:remoteref) refs/heads/main refs/remotes/main [0ms]
2025-02-20 19:11:16.137 [info] > git for-each-ref --sort -committerdate --format %(refname) %(objectname) %(*objectname) [6ms]
2025-02-20 19:11:16.171 [info] > git status -z -uall [46ms]
2025-02-20 19:11:21.184 [info] > git config --get commit.template [6ms]
2025-02-20 19:11:21.185 [info] > git for-each-ref --format=%(refname)%00%(upstream:short)%00%(objectname)%00%(upstream:track)%00%(upstream:remotename)%00%(upstream:remoteref) refs/heads/main refs/remotes/main [1ms]
2025-02-20 19:11:21.191 [info] > git for-each-ref --sort -committerdate --format %(refname) %(objectname) %(*objectname) [1ms]
2025-02-20 19:11:21.227 [info] > git status -z -uall [40ms]
2025-02-20 19:11:26.236 [info] > git config --get commit.template [2ms]
2025-02-20 19:11:26.237 [info] > git for-each-ref --format=%(refname)%00%(upstream:short)%00%(objectname)%00%(upstream:track)%00%(upstream:remotename)%00%(upstream:remoteref) refs/heads/main refs/remotes/main [1ms]
2025-02-20 19:11:26.246 [info] > git for-each-ref --sort -committerdate --format %(refname) %(objectname) %(*objectname) [2ms]
2025-02-20 19:11:26.273 [info] > git status -z -uall [34ms]
2025-02-20 19:11:31.303 [info] > git config --get commit.template [5ms]
2025-02-20 19:11:31.303 [info] > git for-each-ref --format=%(refname)%00%(upstream:short)%00%(objectname)%00%(upstream:track)%00%(upstream:remotename)%00%(upstream:remoteref) refs/heads/main refs/remotes/main [1ms]
2025-02-20 19:11:31.318 [info] > git for-each-ref --sort -committerdate --format %(refname) %(objectname) %(*objectname) [6ms]
2025-02-20 19:11:31.348 [info] > git status -z -uall [41ms]
2025-02-20 19:11:39.760 [info] > git config --get commit.template [4ms]
2025-02-20 19:11:39.762 [info] > git for-each-ref --format=%(refname)%00%(upstream:short)%00%(objectname)%00%(upstream:track)%00%(upstream:remotename)%00%(upstream:remoteref) refs/heads/main refs/remotes/main [3ms]
2025-02-20 19:11:39.776 [info] > git for-each-ref --sort -committerdate --format %(refname) %(objectname) %(*objectname) [5ms]
2025-02-20 19:11:39.809 [info] > git status -z -uall [44ms]
2025-02-20 19:11:44.818 [info] > git config --get commit.template [2ms]
2025-02-20 19:11:44.819 [info] > git for-each-ref --format=%(refname)%00%(upstream:short)%00%(objectname)%00%(upstream:track)%00%(upstream:remotename)%00%(upstream:remoteref) refs/heads/main refs/remotes/main [1ms]
2025-02-20 19:11:44.825 [info] > git for-each-ref --sort -committerdate --format %(refname) %(objectname) %(*objectname) [2ms]
2025-02-20 19:11:44.857 [info] > git status -z -uall [37ms]
2025-02-20 19:11:50.243 [info] > git config --get commit.template [4ms]
2025-02-20 19:11:50.243 [info] > git for-each-ref --format=%(refname)%00%(upstream:short)%00%(objectname)%00%(upstream:track)%00%(upstream:remotename)%00%(upstream:remoteref) refs/heads/main refs/remotes/main [1ms]
2025-02-20 19:11:50.252 [info] > git for-each-ref --sort -committerdate --format %(refname) %(objectname) %(*objectname) [2ms]
2025-02-20 19:11:50.291 [info] > git status -z -uall [43ms]
2025-02-20 19:11:55.302 [info] > git config --get commit.template [3ms]
2025-02-20 19:11:55.302 [info] > git for-each-ref --format=%(refname)%00%(upstream:short)%00%(objectname)%00%(upstream:track)%00%(upstream:remotename)%00%(upstream:remoteref) refs/heads/main refs/remotes/main [0ms]
2025-02-20 19:11:55.316 [info] > git for-each-ref --sort -committerdate --format %(refname) %(objectname) %(*objectname) [6ms]
2025-02-20 19:11:55.347 [info] > git status -z -uall [41ms]
2025-02-20 19:12:03.246 [info] > git config --get commit.template [3ms]
2025-02-20 19:12:03.247 [info] > git for-each-ref --format=%(refname)%00%(upstream:short)%00%(objectname)%00%(upstream:track)%00%(upstream:remotename)%00%(upstream:remoteref) refs/heads/main refs/remotes/main [1ms]
2025-02-20 19:12:03.264 [info] > git for-each-ref --sort -committerdate --format %(refname) %(objectname) %(*objectname) [1ms]
2025-02-20 19:12:03.303 [info] > git status -z -uall [53ms]
2025-02-20 19:12:11.742 [info] > git for-each-ref --format=%(refname)%00%(upstream:short)%00%(objectname)%00%(upstream:track)%00%(upstream:remotename)%00%(upstream:remoteref) refs/heads/main refs/remotes/main [1ms]
2025-02-20 19:12:11.745 [info] > git config --get commit.template [7ms]
2025-02-20 19:12:11.756 [info] > git for-each-ref --sort -committerdate --format %(refname) %(objectname) %(*objectname) [2ms]
2025-02-20 19:12:11.792 [info] > git status -z -uall [42ms]
2025-02-20 19:12:16.824 [info] > git config --get commit.template [26ms]
2025-02-20 19:12:16.825 [info] > git for-each-ref --format=%(refname)%00%(upstream:short)%00%(objectname)%00%(upstream:track)%00%(upstream:remotename)%00%(upstream:remoteref) refs/heads/main refs/remotes/main [1ms]
2025-02-20 19:12:16.833 [info] > git for-each-ref --sort -committerdate --format %(refname) %(objectname) %(*objectname) [1ms]
2025-02-20 19:12:16.866 [info] > git status -z -uall [37ms]
2025-02-20 19:12:23.165 [info] > git config --get commit.template [4ms]
2025-02-20 19:12:23.166 [info] > git for-each-ref --format=%(refname)%00%(upstream:short)%00%(objectname)%00%(upstream:track)%00%(upstream:remotename)%00%(upstream:remoteref) refs/heads/main refs/remotes/main [2ms]
2025-02-20 19:12:23.176 [info] > git for-each-ref --sort -committerdate --format %(refname) %(objectname) %(*objectname) [1ms]
2025-02-20 19:12:23.211 [info] > git status -z -uall [40ms]
2025-02-20 19:12:28.219 [info] > git config --get commit.template [2ms]
2025-02-20 19:12:28.219 [info] > git for-each-ref --format=%(refname)%00%(upstream:short)%00%(objectname)%00%(upstream:track)%00%(upstream:remotename)%00%(upstream:remoteref) refs/heads/main refs/remotes/main [0ms]
2025-02-20 19:12:28.225 [info] > git for-each-ref --sort -committerdate --format %(refname) %(objectname) %(*objectname) [2ms]
2025-02-20 19:12:28.258 [info] > git status -z -uall [37ms]
2025-02-20 19:13:01.495 [info] > git config --get commit.template [4ms]
2025-02-20 19:13:01.495 [info] > git for-each-ref --format=%(refname)%00%(upstream:short)%00%(objectname)%00%(upstream:track)%00%(upstream:remotename)%00%(upstream:remoteref) refs/heads/main refs/remotes/main [1ms]
2025-02-20 19:13:01.509 [info] > git for-each-ref --sort -committerdate --format %(refname) %(objectname) %(*objectname) [8ms]
2025-02-20 19:13:01.545 [info] > git status -z -uall [47ms]
2025-02-20 19:13:06.556 [info] > git config --get commit.template [3ms]
2025-02-20 19:13:06.557 [info] > git for-each-ref --format=%(refname)%00%(upstream:short)%00%(objectname)%00%(upstream:track)%00%(upstream:remotename)%00%(upstream:remoteref) refs/heads/main refs/remotes/main [2ms]
2025-02-20 19:13:06.562 [info] > git for-each-ref --sort -committerdate --format %(refname) %(objectname) %(*objectname) [2ms]
2025-02-20 19:13:06.594 [info] > git status -z -uall [34ms]
2025-02-20 19:13:11.602 [info] > git config --get commit.template [3ms]
2025-02-20 19:13:11.603 [info] > git for-each-ref --format=%(refname)%00%(upstream:short)%00%(objectname)%00%(upstream:track)%00%(upstream:remotename)%00%(upstream:remoteref) refs/heads/main refs/remotes/main [0ms]
2025-02-20 19:13:11.608 [info] > git for-each-ref --sort -committerdate --format %(refname) %(objectname) %(*objectname) [1ms]
2025-02-20 19:13:11.642 [info] > git status -z -uall [38ms]
2025-02-20 19:13:16.680 [info] > git config --get commit.template [25ms]
2025-02-20 19:13:16.701 [info] > git for-each-ref --format=%(refname)%00%(upstream:short)%00%(objectname)%00%(upstream:track)%00%(upstream:remotename)%00%(upstream:remoteref) refs/heads/main refs/remotes/main [1ms]
2025-02-20 19:13:16.735 [info] > git for-each-ref --sort -committerdate --format %(refname) %(objectname) %(*objectname) [23ms]
2025-02-20 19:13:16.742 [info] > git status -z -uall [36ms]
2025-02-20 19:13:25.340 [info] > git config --get commit.template [3ms]
2025-02-20 19:13:25.341 [info] > git for-each-ref --format=%(refname)%00%(upstream:short)%00%(objectname)%00%(upstream:track)%00%(upstream:remotename)%00%(upstream:remoteref) refs/heads/main refs/remotes/main [1ms]
2025-02-20 19:13:25.348 [info] > git for-each-ref --sort -committerdate --format %(refname) %(objectname) %(*objectname) [2ms]
2025-02-20 19:13:25.380 [info] > git status -z -uall [37ms]
2025-02-20 19:13:30.388 [info] > git config --get commit.template [2ms]
2025-02-20 19:13:30.389 [info] > git for-each-ref --format=%(refname)%00%(upstream:short)%00%(objectname)%00%(upstream:track)%00%(upstream:remotename)%00%(upstream:remoteref) refs/heads/main refs/remotes/main [0ms]
2025-02-20 19:13:30.394 [info] > git for-each-ref --sort -committerdate --format %(refname) %(objectname) %(*objectname) [2ms]
2025-02-20 19:13:30.426 [info] > git status -z -uall [36ms]
2025-02-20 19:13:35.434 [info] > git config --get commit.template [3ms]
2025-02-20 19:13:35.434 [info] > git for-each-ref --format=%(refname)%00%(upstream:short)%00%(objectname)%00%(upstream:track)%00%(upstream:remotename)%00%(upstream:remoteref) refs/heads/main refs/remotes/main [1ms]
2025-02-20 19:13:35.480 [info] > git status -z -uall [43ms]
2025-02-20 19:13:35.481 [info] > git for-each-ref --sort -committerdate --format %(refname) %(objectname) %(*objectname) [42ms]
2025-02-20 19:15:37.134 [info] > git config --get commit.template [3ms]
2025-02-20 19:15:37.135 [info] > git for-each-ref --format=%(refname)%00%(upstream:short)%00%(objectname)%00%(upstream:track)%00%(upstream:remotename)%00%(upstream:remoteref) refs/heads/main refs/remotes/main [1ms]
2025-02-20 19:15:37.141 [info] > git for-each-ref --sort -committerdate --format %(refname) %(objectname) %(*objectname) [1ms]
2025-02-20 19:15:37.180 [info] > git status -z -uall [43ms]
2025-02-20 19:15:45.773 [info] > git config --get commit.template [5ms]
2025-02-20 19:15:45.773 [info] > git for-each-ref --format=%(refname)%00%(upstream:short)%00%(objectname)%00%(upstream:track)%00%(upstream:remotename)%00%(upstream:remoteref) refs/heads/main refs/remotes/main [3ms]
2025-02-20 19:15:45.782 [info] > git for-each-ref --sort -committerdate --format %(refname) %(objectname) %(*objectname) [3ms]
2025-02-20 19:15:45.814 [info] > git status -z -uall [39ms]
2025-02-20 19:15:50.826 [info] > git config --get commit.template [3ms]
2025-02-20 19:15:50.826 [info] > git for-each-ref --format=%(refname)%00%(upstream:short)%00%(objectname)%00%(upstream:track)%00%(upstream:remotename)%00%(upstream:remoteref) refs/heads/main refs/remotes/main [1ms]
2025-02-20 19:15:50.837 [info] > git for-each-ref --sort -committerdate --format %(refname) %(objectname) %(*objectname) [5ms]
2025-02-20 19:15:50.871 [info] > git status -z -uall [42ms]
2025-02-20 19:15:55.880 [info] > git config --get commit.template [3ms]
2025-02-20 19:15:55.880 [info] > git for-each-ref --format=%(refname)%00%(upstream:short)%00%(objectname)%00%(upstream:track)%00%(upstream:remotename)%00%(upstream:remoteref) refs/heads/main refs/remotes/main [1ms]
2025-02-20 19:15:55.885 [info] > git for-each-ref --sort -committerdate --format %(refname) %(objectname) %(*objectname) [2ms]
2025-02-20 19:15:55.917 [info] > git status -z -uall [34ms]
2025-02-20 19:16:00.926 [info] > git config --get commit.template [2ms]
2025-02-20 19:16:00.926 [info] > git for-each-ref --format=%(refname)%00%(upstream:short)%00%(objectname)%00%(upstream:track)%00%(upstream:remotename)%00%(upstream:remoteref) refs/heads/main refs/remotes/main [0ms]
2025-02-20 19:16:00.931 [info] > git for-each-ref --sort -committerdate --format %(refname) %(objectname) %(*objectname) [1ms]
2025-02-20 19:16:00.962 [info] > git status -z -uall [34ms]
2025-02-20 19:16:05.970 [info] > git config --get commit.template [3ms]
2025-02-20 19:16:05.970 [info] > git for-each-ref --format=%(refname)%00%(upstream:short)%00%(objectname)%00%(upstream:track)%00%(upstream:remotename)%00%(upstream:remoteref) refs/heads/main refs/remotes/main [0ms]
2025-02-20 19:16:05.975 [info] > git for-each-ref --sort -committerdate --format %(refname) %(objectname) %(*objectname) [1ms]
2025-02-20 19:16:06.005 [info] > git status -z -uall [33ms]
2025-02-20 19:16:11.015 [info] > git config --get commit.template [3ms]
2025-02-20 19:16:11.016 [info] > git for-each-ref --format=%(refname)%00%(upstream:short)%00%(objectname)%00%(upstream:track)%00%(upstream:remotename)%00%(upstream:remoteref) refs/heads/main refs/remotes/main [2ms]
2025-02-20 19:16:11.021 [info] > git for-each-ref --sort -committerdate --format %(refname) %(objectname) %(*objectname) [2ms]
2025-02-20 19:16:11.051 [info] > git status -z -uall [33ms]
2025-02-20 19:16:16.059 [info] > git config --get commit.template [3ms]
2025-02-20 19:16:16.059 [info] > git for-each-ref --format=%(refname)%00%(upstream:short)%00%(objectname)%00%(upstream:track)%00%(upstream:remotename)%00%(upstream:remoteref) refs/heads/main refs/remotes/main [0ms]
2025-02-20 19:16:16.064 [info] > git for-each-ref --sort -committerdate --format %(refname) %(objectname) %(*objectname) [1ms]
2025-02-20 19:16:16.094 [info] > git status -z -uall [33ms]
2025-02-20 19:16:24.686 [info] > git config --get commit.template [3ms]
2025-02-20 19:16:24.686 [info] > git for-each-ref --format=%(refname)%00%(upstream:short)%00%(objectname)%00%(upstream:track)%00%(upstream:remotename)%00%(upstream:remoteref) refs/heads/main refs/remotes/main [1ms]
2025-02-20 19:16:24.692 [info] > git for-each-ref --sort -committerdate --format %(refname) %(objectname) %(*objectname) [2ms]
2025-02-20 19:16:24.723 [info] > git status -z -uall [35ms]
2025-02-20 19:16:29.731 [info] > git config --get commit.template [2ms]
2025-02-20 19:16:29.731 [info] > git for-each-ref --format=%(refname)%00%(upstream:short)%00%(objectname)%00%(upstream:track)%00%(upstream:remotename)%00%(upstream:remoteref) refs/heads/main refs/remotes/main [0ms]
2025-02-20 19:16:29.736 [info] > git for-each-ref --sort -committerdate --format %(refname) %(objectname) %(*objectname) [1ms]
2025-02-20 19:16:29.766 [info] > git status -z -uall [33ms]
2025-02-20 19:16:34.774 [info] > git config --get commit.template [2ms]
2025-02-20 19:16:34.775 [info] > git for-each-ref --format=%(refname)%00%(upstream:short)%00%(objectname)%00%(upstream:track)%00%(upstream:remotename)%00%(upstream:remoteref) refs/heads/main refs/remotes/main [1ms]
2025-02-20 19:16:34.779 [info] > git for-each-ref --sort -committerdate --format %(refname) %(objectname) %(*objectname) [1ms]
2025-02-20 19:16:34.809 [info] > git status -z -uall [32ms]
2025-02-20 19:16:39.817 [info] > git config --get commit.template [1ms]
2025-02-20 19:16:39.817 [info] > git for-each-ref --format=%(refname)%00%(upstream:short)%00%(objectname)%00%(upstream:track)%00%(upstream:remotename)%00%(upstream:remoteref) refs/heads/main refs/remotes/main [1ms]
2025-02-20 19:16:39.835 [info] > git for-each-ref --sort -committerdate --format %(refname) %(objectname) %(*objectname) [14ms]
2025-02-20 19:16:39.860 [info] > git status -z -uall [41ms]
2025-02-20 19:17:34.592 [info] > git config --get commit.template [1ms]
2025-02-20 19:17:34.596 [info] > git for-each-ref --format=%(refname)%00%(upstream:short)%00%(objectname)%00%(upstream:track)%00%(upstream:remotename)%00%(upstream:remoteref) refs/heads/main refs/remotes/main [1ms]
2025-02-20 19:17:34.606 [info] > git for-each-ref --sort -committerdate --format %(refname) %(objectname) %(*objectname) [5ms]
2025-02-20 19:17:34.637 [info] > git status -z -uall [38ms]
2025-02-20 19:17:39.646 [info] > git config --get commit.template [3ms]
2025-02-20 19:17:39.646 [info] > git for-each-ref --format=%(refname)%00%(upstream:short)%00%(objectname)%00%(upstream:track)%00%(upstream:remotename)%00%(upstream:remoteref) refs/heads/main refs/remotes/main [1ms]
2025-02-20 19:17:39.651 [info] > git for-each-ref --sort -committerdate --format %(refname) %(objectname) %(*objectname) [2ms]
2025-02-20 19:17:39.681 [info] > git status -z -uall [33ms]
2025-02-20 19:17:44.689 [info] > git config --get commit.template [3ms]
2025-02-20 19:17:44.689 [info] > git for-each-ref --format=%(refname)%00%(upstream:short)%00%(objectname)%00%(upstream:track)%00%(upstream:remotename)%00%(upstream:remoteref) refs/heads/main refs/remotes/main [1ms]
2025-02-20 19:17:44.694 [info] > git for-each-ref --sort -committerdate --format %(refname) %(objectname) %(*objectname) [2ms]
2025-02-20 19:17:44.726 [info] > git status -z -uall [35ms]
2025-02-20 19:17:49.735 [info] > git config --get commit.template [3ms]
2025-02-20 19:17:49.736 [info] > git for-each-ref --format=%(refname)%00%(upstream:short)%00%(objectname)%00%(upstream:track)%00%(upstream:remotename)%00%(upstream:remoteref) refs/heads/main refs/remotes/main [1ms]
2025-02-20 19:17:49.742 [info] > git for-each-ref --sort -committerdate --format %(refname) %(objectname) %(*objectname) [2ms]
2025-02-20 19:17:49.773 [info] > git status -z -uall [35ms]
2025-02-20 19:17:54.782 [info] > git config --get commit.template [3ms]
2025-02-20 19:17:54.782 [info] > git for-each-ref --format=%(refname)%00%(upstream:short)%00%(objectname)%00%(upstream:track)%00%(upstream:remotename)%00%(upstream:remoteref) refs/heads/main refs/remotes/main [1ms]
2025-02-20 19:17:54.788 [info] > git for-each-ref --sort -committerdate --format %(refname) %(objectname) %(*objectname) [2ms]
2025-02-20 19:17:54.819 [info] > git status -z -uall [35ms]
2025-02-20 19:17:59.828 [info] > git config --get commit.template [3ms]
2025-02-20 19:17:59.828 [info] > git for-each-ref --format=%(refname)%00%(upstream:short)%00%(objectname)%00%(upstream:track)%00%(upstream:remotename)%00%(upstream:remoteref) refs/heads/main refs/remotes/main [1ms]
2025-02-20 19:17:59.833 [info] > git for-each-ref --sort -committerdate --format %(refname) %(objectname) %(*objectname) [1ms]
2025-02-20 19:17:59.867 [info] > git status -z -uall [37ms]
2025-02-20 19:18:04.875 [info] > git config --get commit.template [2ms]
2025-02-20 19:18:04.875 [info] > git for-each-ref --format=%(refname)%00%(upstream:short)%00%(objectname)%00%(upstream:track)%00%(upstream:remotename)%00%(upstream:remoteref) refs/heads/main refs/remotes/main [1ms]
2025-02-20 19:18:04.881 [info] > git for-each-ref --sort -committerdate --format %(refname) %(objectname) %(*objectname) [2ms]
2025-02-20 19:18:04.910 [info] > git status -z -uall [33ms]
2025-02-20 19:18:13.498 [info] > git config --get commit.template [2ms]
2025-02-20 19:18:13.498 [info] > git for-each-ref --format=%(refname)%00%(upstream:short)%00%(objectname)%00%(upstream:track)%00%(upstream:remotename)%00%(upstream:remoteref) refs/heads/main refs/remotes/main [1ms]
2025-02-20 19:18:13.518 [info] > git for-each-ref --sort -committerdate --format %(refname) %(objectname) %(*objectname) [17ms]
2025-02-20 19:18:13.562 [info] > git status -z -uall [63ms]
2025-02-20 19:18:18.569 [info] > git config --get commit.template [2ms]
2025-02-20 19:18:18.570 [info] > git for-each-ref --format=%(refname)%00%(upstream:short)%00%(objectname)%00%(upstream:track)%00%(upstream:remotename)%00%(upstream:remoteref) refs/heads/main refs/remotes/main [1ms]
2025-02-20 19:18:18.576 [info] > git for-each-ref --sort -committerdate --format %(refname) %(objectname) %(*objectname) [1ms]
2025-02-20 19:18:18.607 [info] > git status -z -uall [35ms]
2025-02-20 19:18:23.617 [info] > git config --get commit.template [2ms]
2025-02-20 19:18:23.617 [info] > git for-each-ref --format=%(refname)%00%(upstream:short)%00%(objectname)%00%(upstream:track)%00%(upstream:remotename)%00%(upstream:remoteref) refs/heads/main refs/remotes/main [1ms]
2025-02-20 19:18:23.623 [info] > git for-each-ref --sort -committerdate --format %(refname) %(objectname) %(*objectname) [2ms]
2025-02-20 19:18:23.653 [info] > git status -z -uall [34ms]
2025-02-20 19:18:28.660 [info] > git config --get commit.template [1ms]
2025-02-20 19:18:28.663 [info] > git for-each-ref --format=%(refname)%00%(upstream:short)%00%(objectname)%00%(upstream:track)%00%(upstream:remotename)%00%(upstream:remoteref) refs/heads/main refs/remotes/main [1ms]
2025-02-20 19:18:28.669 [info] > git for-each-ref --sort -committerdate --format %(refname) %(objectname) %(*objectname) [1ms]
2025-02-20 19:18:28.701 [info] > git status -z -uall [36ms]
2025-02-20 19:18:33.710 [info] > git config --get commit.template [2ms]
2025-02-20 19:18:33.710 [info] > git for-each-ref --format=%(refname)%00%(upstream:short)%00%(objectname)%00%(upstream:track)%00%(upstream:remotename)%00%(upstream:remoteref) refs/heads/main refs/remotes/main [1ms]
2025-02-20 19:18:33.715 [info] > git for-each-ref --sort -committerdate --format %(refname) %(objectname) %(*objectname) [2ms]
2025-02-20 19:18:33.745 [info] > git status -z -uall [33ms]
2025-02-20 19:18:38.752 [info] > git config --get commit.template [2ms]
2025-02-20 19:18:38.753 [info] > git for-each-ref --format=%(refname)%00%(upstream:short)%00%(objectname)%00%(upstream:track)%00%(upstream:remotename)%00%(upstream:remoteref) refs/heads/main refs/remotes/main [0ms]
2025-02-20 19:18:38.758 [info] > git for-each-ref --sort -committerdate --format %(refname) %(objectname) %(*objectname) [2ms]
2025-02-20 19:18:38.794 [info] > git status -z -uall [39ms]
2025-02-20 19:18:47.385 [info] > git config --get commit.template [2ms]
2025-02-20 19:18:47.385 [info] > git for-each-ref --format=%(refname)%00%(upstream:short)%00%(objectname)%00%(upstream:track)%00%(upstream:remotename)%00%(upstream:remoteref) refs/heads/main refs/remotes/main [0ms]
2025-02-20 19:18:47.392 [info] > git for-each-ref --sort -committerdate --format %(refname) %(objectname) %(*objectname) [3ms]
2025-02-20 19:18:47.422 [info] > git status -z -uall [35ms]
2025-02-20 19:18:52.430 [info] > git config --get commit.template [3ms]
2025-02-20 19:18:52.430 [info] > git for-each-ref --format=%(refname)%00%(upstream:short)%00%(objectname)%00%(upstream:track)%00%(upstream:remotename)%00%(upstream:remoteref) refs/heads/main refs/remotes/main [0ms]
2025-02-20 19:18:52.436 [info] > git for-each-ref --sort -committerdate --format %(refname) %(objectname) %(*objectname) [2ms]
2025-02-20 19:18:52.472 [info] > git status -z -uall [40ms]
2025-02-20 19:18:57.481 [info] > git config --get commit.template [2ms]
2025-02-20 19:18:57.481 [info] > git for-each-ref --format=%(refname)%00%(upstream:short)%00%(objectname)%00%(upstream:track)%00%(upstream:remotename)%00%(upstream:remoteref) refs/heads/main refs/remotes/main [0ms]
2025-02-20 19:18:57.486 [info] > git for-each-ref --sort -committerdate --format %(refname) %(objectname) %(*objectname) [1ms]
2025-02-20 19:18:57.518 [info] > git status -z -uall [35ms]
2025-02-20 19:19:02.526 [info] > git config --get commit.template [3ms]
2025-02-20 19:19:02.526 [info] > git for-each-ref --format=%(refname)%00%(upstream:short)%00%(objectname)%00%(upstream:track)%00%(upstream:remotename)%00%(upstream:remoteref) refs/heads/main refs/remotes/main [1ms]
2025-02-20 19:19:02.532 [info] > git for-each-ref --sort -committerdate --format %(refname) %(objectname) %(*objectname) [2ms]
2025-02-20 19:19:02.563 [info] > git status -z -uall [34ms]
2025-02-20 19:19:07.571 [info] > git config --get commit.template [4ms]
2025-02-20 19:19:07.571 [info] > git for-each-ref --format=%(refname)%00%(upstream:short)%00%(objectname)%00%(upstream:track)%00%(upstream:remotename)%00%(upstream:remoteref) refs/heads/main refs/remotes/main [1ms]
2025-02-20 19:19:07.576 [info] > git for-each-ref --sort -committerdate --format %(refname) %(objectname) %(*objectname) [2ms]
2025-02-20 19:19:07.607 [info] > git status -z -uall [34ms]
2025-02-20 19:19:12.615 [info] > git config --get commit.template [2ms]
2025-02-20 19:19:12.617 [info] > git for-each-ref --format=%(refname)%00%(upstream:short)%00%(objectname)%00%(upstream:track)%00%(upstream:remotename)%00%(upstream:remoteref) refs/heads/main refs/remotes/main [2ms]
2025-02-20 19:19:12.622 [info] > git for-each-ref --sort -committerdate --format %(refname) %(objectname) %(*objectname) [1ms]
2025-02-20 19:19:12.656 [info] > git status -z -uall [37ms]
2025-02-20 19:19:21.243 [info] > git config --get commit.template [2ms]
2025-02-20 19:19:21.244 [info] > git for-each-ref --format=%(refname)%00%(upstream:short)%00%(objectname)%00%(upstream:track)%00%(upstream:remotename)%00%(upstream:remoteref) refs/heads/main refs/remotes/main [1ms]
2025-02-20 19:19:21.250 [info] > git for-each-ref --sort -committerdate --format %(refname) %(objectname) %(*objectname) [2ms]
2025-02-20 19:19:21.282 [info] > git status -z -uall [36ms]
2025-02-20 19:19:26.289 [info] > git config --get commit.template [2ms]
2025-02-20 19:19:26.290 [info] > git for-each-ref --format=%(refname)%00%(upstream:short)%00%(objectname)%00%(upstream:track)%00%(upstream:remotename)%00%(upstream:remoteref) refs/heads/main refs/remotes/main [1ms]
2025-02-20 19:19:26.295 [info] > git for-each-ref --sort -committerdate --format %(refname) %(objectname) %(*objectname) [2ms]
2025-02-20 19:19:26.326 [info] > git status -z -uall [35ms]
2025-02-20 19:19:34.677 [info] > git config --get commit.template [3ms]
2025-02-20 19:19:34.678 [info] > git for-each-ref --format=%(refname)%00%(upstream:short)%00%(objectname)%00%(upstream:track)%00%(upstream:remotename)%00%(upstream:remoteref) refs/heads/main refs/remotes/main [1ms]
2025-02-20 19:19:34.693 [info] > git for-each-ref --sort -committerdate --format %(refname) %(objectname) %(*objectname) [2ms]
2025-02-20 19:19:34.721 [info] > git status -z -uall [41ms]
2025-02-20 19:19:40.788 [info] > git config --get commit.template [4ms]
2025-02-20 19:19:40.788 [info] > git for-each-ref --format=%(refname)%00%(upstream:short)%00%(objectname)%00%(upstream:track)%00%(upstream:remotename)%00%(upstream:remoteref) refs/heads/main refs/remotes/main [1ms]
2025-02-20 19:19:40.799 [info] > git for-each-ref --sort -committerdate --format %(refname) %(objectname) %(*objectname) [5ms]
2025-02-20 19:19:40.835 [info] > git status -z -uall [44ms]
2025-02-20 19:19:45.846 [info] > git config --get commit.template [2ms]
2025-02-20 19:19:45.847 [info] > git for-each-ref --format=%(refname)%00%(upstream:short)%00%(objectname)%00%(upstream:track)%00%(upstream:remotename)%00%(upstream:remoteref) refs/heads/main refs/remotes/main [1ms]
2025-02-20 19:19:45.856 [info] > git for-each-ref --sort -committerdate --format %(refname) %(objectname) %(*objectname) [5ms]
2025-02-20 19:19:45.884 [info] > git status -z -uall [35ms]
2025-02-20 19:19:51.813 [info] > git config --get commit.template [2ms]
2025-02-20 19:19:51.817 [info] > git for-each-ref --format=%(refname)%00%(upstream:short)%00%(objectname)%00%(upstream:track)%00%(upstream:remotename)%00%(upstream:remoteref) refs/heads/main refs/remotes/main [1ms]
2025-02-20 19:19:51.827 [info] > git for-each-ref --sort -committerdate --format %(refname) %(objectname) %(*objectname) [3ms]
2025-02-20 19:19:51.861 [info] > git status -z -uall [41ms]
2025-02-20 19:20:01.415 [info] > git config --get commit.template [3ms]
2025-02-20 19:20:01.415 [info] > git for-each-ref --format=%(refname)%00%(upstream:short)%00%(objectname)%00%(upstream:track)%00%(upstream:remotename)%00%(upstream:remoteref) refs/heads/main refs/remotes/main [1ms]
2025-02-20 19:20:01.431 [info] > git for-each-ref --sort -committerdate --format %(refname) %(objectname) %(*objectname) [3ms]
2025-02-20 19:20:01.463 [info] > git status -z -uall [44ms]
2025-02-20 19:20:06.473 [info] > git config --get commit.template [3ms]
2025-02-20 19:20:06.473 [info] > git for-each-ref --format=%(refname)%00%(upstream:short)%00%(objectname)%00%(upstream:track)%00%(upstream:remotename)%00%(upstream:remoteref) refs/heads/main refs/remotes/main [0ms]
2025-02-20 19:20:06.481 [info] > git for-each-ref --sort -committerdate --format %(refname) %(objectname) %(*objectname) [4ms]
2025-02-20 19:20:06.511 [info] > git status -z -uall [36ms]
2025-02-20 19:20:11.520 [info] > git config --get commit.template [3ms]
2025-02-20 19:20:11.520 [info] > git for-each-ref --format=%(refname)%00%(upstream:short)%00%(objectname)%00%(upstream:track)%00%(upstream:remotename)%00%(upstream:remoteref) refs/heads/main refs/remotes/main [1ms]
2025-02-20 19:20:11.525 [info] > git for-each-ref --sort -committerdate --format %(refname) %(objectname) %(*objectname) [1ms]
2025-02-20 19:20:11.558 [info] > git status -z -uall [36ms]
