2025-02-13 18:12:42.578 [info] Extension host with pid 496 started
2025-02-13 18:12:42.626 [info] ExtensionService#_doActivateExtension vscode.emmet, startup: false, activationEvent: 'onLanguage'
2025-02-13 18:12:42.627 [info] ExtensionService#_doActivateExtension vscode.typescript-language-features, startup: false, activationEvent: 'onLanguage:javascriptreact'
2025-02-13 18:12:42.864 [info] Lock '/home/mckaycjm21/.vscode-server/data/User/workspaceStorage/28bdb4d8ae5825366ad45329d384ebc4/vscode.lock': Lock acquired.
2025-02-13 18:12:43.104 [info] ExtensionService#_doActivateExtension vscode.git-base, startup: true, activationEvent: '*', root cause: vscode.git
2025-02-13 18:12:43.195 [info] ExtensionService#_doActivateExtension vscode.npm, startup: true, activationEvent: 'workspaceContains:package.json'
2025-02-13 18:12:43.308 [info] ExtensionService#_doActivateExtension vscode.git, startup: true, activationEvent: '*'
2025-02-13 18:12:43.308 [info] ExtensionService#_doActivateExtension vscode.github, startup: true, activationEvent: '*'
2025-02-13 18:12:44.394 [info] Eager extensions activated
2025-02-13 18:12:44.394 [info] ExtensionService#_doActivateExtension vscode.debug-auto-launch, startup: false, activationEvent: 'onStartupFinished'
2025-02-13 18:12:44.396 [info] ExtensionService#_doActivateExtension vscode.merge-conflict, startup: false, activationEvent: 'onStartupFinished'
2025-02-13 18:12:44.396 [info] ExtensionService#_doActivateExtension dbaeumer.vscode-eslint, startup: false, activationEvent: 'onStartupFinished'
2025-02-13 18:12:49.551 [info] ExtensionService#_doActivateExtension vscode.configuration-editing, startup: false, activationEvent: 'onLanguage:json'
2025-02-13 18:12:49.551 [info] ExtensionService#_doActivateExtension vscode.extension-editing, startup: false, activationEvent: 'onLanguage:json'
2025-02-13 18:12:49.552 [info] ExtensionService#_doActivateExtension vscode.json-language-features, startup: false, activationEvent: 'onLanguage:json'
2025-02-13 18:15:15.646 [info] ExtensionService#_doActivateExtension vscode.tunnel-forwarding, startup: false, activationEvent: 'onTunnel'
2025-02-13 18:40:12.732 [info] ExtensionService#_doActivateExtension vscode.css-language-features, startup: false, activationEvent: 'onLanguage:css'
2025-02-13 19:43:58.209 [info] ExtensionService#_doActivateExtension vscode.markdown-language-features, startup: false, activationEvent: 'onLanguage:markdown'
2025-02-13 19:43:58.652 [info] ExtensionService#_doActivateExtension vscode.markdown-math, startup: false, activationEvent: 'api', root cause: vscode.markdown-language-features
2025-02-14 21:56:53.631 [info] Extension host terminating: received terminate message from renderer
2025-02-14 21:56:53.633 [info] Lock '/home/mckaycjm21/.vscode-server/data/User/workspaceStorage/28bdb4d8ae5825366ad45329d384ebc4/vscode.lock': Marking the lockfile as scheduled to be released in 6000 ms.
2025-02-14 21:56:53.829 [info] Extension host with pid 496 exiting with code 0
