0 verbose cli /usr/bin/node /usr/bin/npm
1 info using npm@9.2.0
2 info using node@v18.19.1
3 timing npm:load:whichnode Completed in 0ms
4 timing config:load:defaults Completed in 2ms
5 timing config:load:file:/usr/share/nodejs/npm/npmrc Completed in 9ms
6 timing config:load:builtin Completed in 9ms
7 timing config:load:cli Completed in 2ms
8 timing config:load:env Completed in 0ms
9 timing config:load:file:/home/mckaycjm21/react-NIU/src/.npmrc Completed in 0ms
10 timing config:load:project Completed in 5ms
11 timing config:load:file:/home/mckaycjm21/.npmrc Completed in 0ms
12 timing config:load:user Completed in 0ms
13 timing config:load:file:/etc/npmrc Completed in 0ms
14 timing config:load:global Completed in 0ms
15 timing config:load:setEnvs Completed in 0ms
16 timing config:load Completed in 19ms
17 timing npm:load:configload Completed in 19ms
18 timing npm:load:mkdirpcache Completed in 1ms
19 timing npm:load:mkdirplogs Completed in 0ms
20 verbose title npm install axios
21 verbose argv "install" "axios"
22 timing npm:load:setTitle Completed in 1ms
23 timing config:load:flatten Completed in 3ms
24 timing npm:load:display Completed in 4ms
25 verbose logfile logs-max:10 dir:/home/mckaycjm21/.npm/_logs/2025-02-21T01_05_23_252Z-
26 verbose logfile /home/mckaycjm21/.npm/_logs/2025-02-21T01_05_23_252Z-debug-0.log
27 timing npm:load:logFile Completed in 7ms
28 timing npm:load:timers Completed in 0ms
29 timing npm:load:configScope Completed in 0ms
30 timing npm:load Completed in 32ms
31 timing config:load:flatten Completed in 0ms
32 timing arborist:ctor Completed in 1ms
33 silly logfile start cleaning logs, removing 1 files
34 silly logfile done cleaning log files
35 timing arborist:ctor Completed in 0ms
36 timing idealTree:init Completed in 11ms
37 timing idealTree:userRequests Completed in 3ms
38 silly idealTree buildDeps
39 silly fetch manifest axios@*
40 http fetch GET 200 https://registry.npmjs.org/axios 184ms (cache updated)
41 silly placeDep ROOT axios@1.7.9 OK for: first-node@1.0.0 want: *
42 silly fetch manifest form-data@^4.0.0
43 silly fetch manifest proxy-from-env@^1.1.0
44 silly fetch manifest follow-redirects@^1.15.6
45 http fetch GET 200 https://registry.npmjs.org/form-data 44ms (cache updated)
46 http fetch GET 200 https://registry.npmjs.org/proxy-from-env 86ms (cache updated)
47 http fetch GET 200 https://registry.npmjs.org/follow-redirects 115ms (cache updated)
48 timing idealTree:#root Completed in 314ms
49 silly placeDep ROOT follow-redirects@1.15.9 OK for: axios@1.7.9 want: ^1.15.6
50 silly placeDep ROOT form-data@4.0.2 OK for: axios@1.7.9 want: ^4.0.0
51 silly placeDep ROOT proxy-from-env@1.1.0 OK for: axios@1.7.9 want: ^1.1.0
52 silly fetch manifest asynckit@^0.4.0
53 silly fetch manifest combined-stream@^1.0.8
54 silly fetch manifest es-set-tostringtag@^2.1.0
55 silly fetch manifest mime-types@^2.1.12
56 http fetch GET 200 https://registry.npmjs.org/asynckit 54ms (cache updated)
57 http fetch GET 200 https://registry.npmjs.org/combined-stream 53ms (cache updated)
58 http fetch GET 200 https://registry.npmjs.org/es-set-tostringtag 54ms (cache updated)
59 http fetch GET 200 https://registry.npmjs.org/mime-types 78ms (cache updated)
60 timing idealTree:node_modules/axios Completed in 87ms
61 timing idealTree:node_modules/follow-redirects Completed in 0ms
62 silly placeDep ROOT asynckit@0.4.0 OK for: form-data@4.0.2 want: ^0.4.0
63 silly placeDep ROOT combined-stream@1.0.8 OK for: form-data@4.0.2 want: ^1.0.8
64 silly placeDep ROOT es-set-tostringtag@2.1.0 OK for: form-data@4.0.2 want: ^2.1.0
65 silly placeDep ROOT mime-types@2.1.35 OK for: form-data@4.0.2 want: ^2.1.12
66 silly fetch manifest delayed-stream@~1.0.0
67 silly fetch manifest es-errors@^1.3.0
68 silly fetch manifest get-intrinsic@^1.2.6
69 silly fetch manifest has-tostringtag@^1.0.2
70 silly fetch manifest hasown@^2.0.2
71 silly fetch manifest mime-db@1.52.0
72 http fetch GET 200 https://registry.npmjs.org/has-tostringtag 57ms (cache updated)
73 http fetch GET 200 https://registry.npmjs.org/es-errors 62ms (cache updated)
74 http fetch GET 200 https://registry.npmjs.org/get-intrinsic 62ms (cache updated)
75 http fetch GET 200 https://registry.npmjs.org/mime-db 64ms (cache updated)
76 http fetch GET 200 https://registry.npmjs.org/delayed-stream 95ms (cache updated)
77 http fetch GET 200 https://registry.npmjs.org/hasown 104ms (cache updated)
78 timing idealTree:node_modules/form-data Completed in 113ms
79 timing idealTree:node_modules/asynckit Completed in 0ms
80 silly placeDep ROOT delayed-stream@1.0.0 OK for: combined-stream@1.0.8 want: ~1.0.0
81 timing idealTree:node_modules/combined-stream Completed in 2ms
82 timing idealTree:node_modules/delayed-stream Completed in 0ms
83 silly placeDep ROOT es-errors@1.3.0 OK for: es-set-tostringtag@2.1.0 want: ^1.3.0
84 silly placeDep ROOT get-intrinsic@1.2.7 OK for: es-set-tostringtag@2.1.0 want: ^1.2.6
85 silly placeDep ROOT has-tostringtag@1.0.2 OK for: es-set-tostringtag@2.1.0 want: ^1.0.2
86 silly placeDep ROOT hasown@2.0.2 OK for: es-set-tostringtag@2.1.0 want: ^2.0.2
87 silly fetch manifest call-bind-apply-helpers@^1.0.1
88 silly fetch manifest es-define-property@^1.0.1
89 silly fetch manifest es-object-atoms@^1.0.0
90 silly fetch manifest function-bind@^1.1.2
91 silly fetch manifest get-proto@^1.0.0
92 silly fetch manifest gopd@^1.2.0
93 silly fetch manifest has-symbols@^1.1.0
94 silly fetch manifest math-intrinsics@^1.1.0
95 silly fetch manifest has-symbols@^1.0.3
96 http fetch GET 200 https://registry.npmjs.org/math-intrinsics 48ms (cache updated)
97 http fetch GET 200 https://registry.npmjs.org/has-symbols 55ms (cache updated)
98 http fetch GET 200 https://registry.npmjs.org/has-symbols 55ms (cache updated)
99 http fetch GET 200 https://registry.npmjs.org/es-define-property 68ms (cache updated)
100 http fetch GET 200 https://registry.npmjs.org/es-object-atoms 69ms (cache updated)
101 http fetch GET 200 https://registry.npmjs.org/get-proto 72ms (cache updated)
102 http fetch GET 200 https://registry.npmjs.org/gopd 98ms (cache updated)
103 http fetch GET 200 https://registry.npmjs.org/function-bind 103ms (cache updated)
104 http fetch GET 200 https://registry.npmjs.org/call-bind-apply-helpers 131ms (cache updated)
105 timing idealTree:node_modules/es-set-tostringtag Completed in 138ms
106 timing idealTree:node_modules/es-errors Completed in 0ms
107 silly placeDep ROOT call-bind-apply-helpers@1.0.2 OK for: get-intrinsic@1.2.7 want: ^1.0.1
108 silly placeDep ROOT es-define-property@1.0.1 OK for: get-intrinsic@1.2.7 want: ^1.0.1
109 silly placeDep ROOT es-object-atoms@1.1.1 OK for: get-intrinsic@1.2.7 want: ^1.0.0
110 silly placeDep ROOT function-bind@1.1.2 OK for: get-intrinsic@1.2.7 want: ^1.1.2
111 silly placeDep ROOT get-proto@1.0.1 OK for: get-intrinsic@1.2.7 want: ^1.0.0
112 silly placeDep ROOT gopd@1.2.0 OK for: get-intrinsic@1.2.7 want: ^1.2.0
113 silly placeDep ROOT has-symbols@1.1.0 OK for: get-intrinsic@1.2.7 want: ^1.1.0
114 silly placeDep ROOT math-intrinsics@1.1.0 OK for: get-intrinsic@1.2.7 want: ^1.1.0
115 silly fetch manifest dunder-proto@^1.0.1
116 http fetch GET 200 https://registry.npmjs.org/dunder-proto 41ms (cache updated)
117 timing idealTree:node_modules/get-intrinsic Completed in 56ms
118 timing idealTree:node_modules/call-bind-apply-helpers Completed in 0ms
119 timing idealTree:node_modules/es-define-property Completed in 0ms
120 timing idealTree:node_modules/es-object-atoms Completed in 0ms
121 timing idealTree:node_modules/function-bind Completed in 0ms
122 silly placeDep ROOT dunder-proto@1.0.1 OK for: get-proto@1.0.1 want: ^1.0.1
123 timing idealTree:node_modules/get-proto Completed in 11ms
124 timing idealTree:node_modules/dunder-proto Completed in 0ms
125 timing idealTree:node_modules/gopd Completed in 0ms
126 timing idealTree:node_modules/has-symbols Completed in 0ms
127 timing idealTree:node_modules/has-tostringtag Completed in 0ms
128 timing idealTree:node_modules/hasown Completed in 0ms
129 timing idealTree:node_modules/math-intrinsics Completed in 0ms
130 silly placeDep ROOT mime-db@1.52.0 OK for: mime-types@2.1.35 want: 1.52.0
131 timing idealTree:node_modules/mime-types Completed in 1ms
132 timing idealTree:node_modules/mime-db Completed in 0ms
133 timing idealTree:node_modules/proxy-from-env Completed in 0ms
134 timing idealTree:buildDeps Completed in 728ms
135 timing idealTree:fixDepFlags Completed in 1ms
136 timing idealTree Completed in 746ms
137 timing reify:loadTrees Completed in 747ms
138 timing reify:diffTrees Completed in 1ms
139 silly reify moves {}
140 timing reify:retireShallow Completed in 2ms
141 timing reify:createSparse Completed in 8ms
142 timing reify:loadBundles Completed in 0ms
143 silly audit bulk request {
143 silly audit   axios: [ '1.7.9' ],
143 silly audit   'follow-redirects': [ '1.15.9' ],
143 silly audit   'form-data': [ '4.0.2' ],
143 silly audit   'proxy-from-env': [ '1.1.0' ],
143 silly audit   asynckit: [ '0.4.0' ],
143 silly audit   'combined-stream': [ '1.0.8' ],
143 silly audit   'es-set-tostringtag': [ '2.1.0' ],
143 silly audit   'mime-types': [ '2.1.35' ],
143 silly audit   'delayed-stream': [ '1.0.0' ],
143 silly audit   'es-errors': [ '1.3.0' ],
143 silly audit   'get-intrinsic': [ '1.2.7' ],
143 silly audit   'has-tostringtag': [ '1.0.2' ],
143 silly audit   hasown: [ '2.0.2' ],
143 silly audit   'call-bind-apply-helpers': [ '1.0.2' ],
143 silly audit   'es-define-property': [ '1.0.1' ],
143 silly audit   'es-object-atoms': [ '1.1.1' ],
143 silly audit   'function-bind': [ '1.1.2' ],
143 silly audit   'get-proto': [ '1.0.1' ],
143 silly audit   gopd: [ '1.2.0' ],
143 silly audit   'has-symbols': [ '1.1.0' ],
143 silly audit   'math-intrinsics': [ '1.1.0' ],
143 silly audit   'dunder-proto': [ '1.0.1' ],
143 silly audit   'mime-db': [ '1.52.0' ]
143 silly audit }
144 silly tarball no local data for call-bind-apply-helpers@https://registry.npmjs.org/call-bind-apply-helpers/-/call-bind-apply-helpers-1.0.2.tgz. Extracting by manifest.
145 silly tarball no local data for form-data@https://registry.npmjs.org/form-data/-/form-data-4.0.2.tgz. Extracting by manifest.
146 http fetch POST 200 https://registry.npmjs.org/-/npm/v1/security/advisories/bulk 196ms
147 timing auditReport:getReport Completed in 199ms
148 silly audit report {}
149 timing auditReport:init Completed in 0ms
150 timing reify:audit Completed in 200ms
151 timing reifyNode:node_modules/combined-stream Completed in 236ms
152 timing reifyNode:node_modules/delayed-stream Completed in 243ms
153 timing reifyNode:node_modules/mime-types Completed in 243ms
154 timing reifyNode:node_modules/follow-redirects Completed in 262ms
155 timing reifyNode:node_modules/hasown Completed in 275ms
156 timing reifyNode:node_modules/proxy-from-env Completed in 275ms
157 timing reifyNode:node_modules/es-set-tostringtag Completed in 286ms
158 timing reifyNode:node_modules/get-intrinsic Completed in 294ms
159 timing reifyNode:node_modules/es-define-property Completed in 295ms
160 timing reifyNode:node_modules/gopd Completed in 295ms
161 timing reifyNode:node_modules/dunder-proto Completed in 299ms
162 timing reifyNode:node_modules/es-object-atoms Completed in 300ms
163 timing reifyNode:node_modules/function-bind Completed in 300ms
164 timing reifyNode:node_modules/get-proto Completed in 304ms
165 timing reifyNode:node_modules/mime-db Completed in 306ms
166 http fetch GET 200 https://registry.npmjs.org/form-data/-/form-data-4.0.2.tgz 281ms (cache miss)
167 timing reifyNode:node_modules/form-data Completed in 306ms
168 timing reifyNode:node_modules/has-tostringtag Completed in 309ms
169 timing reifyNode:node_modules/asynckit Completed in 309ms
170 timing reifyNode:node_modules/has-symbols Completed in 310ms
171 http fetch GET 200 https://registry.npmjs.org/call-bind-apply-helpers/-/call-bind-apply-helpers-1.0.2.tgz 290ms (cache miss)
172 timing reifyNode:node_modules/es-errors Completed in 312ms
173 timing reifyNode:node_modules/call-bind-apply-helpers Completed in 314ms
174 timing reifyNode:node_modules/math-intrinsics Completed in 317ms
175 timing reifyNode:node_modules/axios Completed in 355ms
176 timing reify:unpack Completed in 357ms
177 timing reify:unretire Completed in 0ms
178 timing build:queue Completed in 1ms
179 timing build:deps Completed in 1ms
180 timing build Completed in 1ms
181 timing reify:build Completed in 3ms
182 timing reify:trash Completed in 0ms
183 timing reify:save Completed in 26ms
184 timing reify Completed in 1163ms
185 silly ADD node_modules/mime-db
186 silly ADD node_modules/dunder-proto
187 silly ADD node_modules/math-intrinsics
188 silly ADD node_modules/has-symbols
189 silly ADD node_modules/gopd
190 silly ADD node_modules/get-proto
191 silly ADD node_modules/function-bind
192 silly ADD node_modules/es-object-atoms
193 silly ADD node_modules/es-define-property
194 silly ADD node_modules/call-bind-apply-helpers
195 silly ADD node_modules/hasown
196 silly ADD node_modules/has-tostringtag
197 silly ADD node_modules/get-intrinsic
198 silly ADD node_modules/es-errors
199 silly ADD node_modules/delayed-stream
200 silly ADD node_modules/mime-types
201 silly ADD node_modules/es-set-tostringtag
202 silly ADD node_modules/combined-stream
203 silly ADD node_modules/asynckit
204 silly ADD node_modules/proxy-from-env
205 silly ADD node_modules/form-data
206 silly ADD node_modules/follow-redirects
207 silly ADD node_modules/axios
208 timing command:install Completed in 1179ms
209 verbose exit 0
210 timing npm Completed in 1222ms
211 info ok
