0 verbose cli /usr/bin/node /usr/bin/npm
1 info using npm@9.2.0
2 info using node@v18.19.1
3 timing npm:load:whichnode Completed in 0ms
4 timing config:load:defaults Completed in 2ms
5 timing config:load:file:/usr/share/nodejs/npm/npmrc Completed in 8ms
6 timing config:load:builtin Completed in 9ms
7 timing config:load:cli Completed in 1ms
8 timing config:load:env Completed in 0ms
9 timing config:load:file:/home/mckaycjm21/react-NIU/src/.npmrc Completed in 0ms
10 timing config:load:project Completed in 4ms
11 timing config:load:file:/home/mckaycjm21/.npmrc Completed in 0ms
12 timing config:load:user Completed in 0ms
13 timing config:load:file:/etc/npmrc Completed in 0ms
14 timing config:load:global Completed in 1ms
15 timing config:load:setEnvs Completed in 1ms
16 timing config:load Completed in 18ms
17 timing npm:load:configload Completed in 18ms
18 timing npm:load:mkdirpcache Completed in 0ms
19 timing npm:load:mkdirplogs Completed in 1ms
20 verbose title npm install process
21 verbose argv "install" "process"
22 timing npm:load:setTitle Completed in 1ms
23 timing config:load:flatten Completed in 4ms
24 timing npm:load:display Completed in 5ms
25 verbose logfile logs-max:10 dir:/home/mckaycjm21/.npm/_logs/2025-02-21T01_08_15_791Z-
26 verbose logfile /home/mckaycjm21/.npm/_logs/2025-02-21T01_08_15_791Z-debug-0.log
27 timing npm:load:logFile Completed in 9ms
28 timing npm:load:timers Completed in 0ms
29 timing npm:load:configScope Completed in 0ms
30 timing npm:load Completed in 36ms
31 silly logfile start cleaning logs, removing 1 files
32 timing config:load:flatten Completed in 1ms
33 timing arborist:ctor Completed in 1ms
34 silly logfile done cleaning log files
35 timing idealTree:init Completed in 42ms
36 timing idealTree:userRequests Completed in 2ms
37 silly idealTree buildDeps
38 silly fetch manifest process@*
39 timing arborist:ctor Completed in 0ms
40 http fetch GET 200 https://registry.npmjs.org/process 166ms (cache miss)
41 silly placeDep ROOT process@0.11.10 OK for: first-node@1.0.0 want: *
42 timing idealTree:#root Completed in 173ms
43 timing idealTree:node_modules/process Completed in 0ms
44 timing idealTree:buildDeps Completed in 174ms
45 timing idealTree:fixDepFlags Completed in 1ms
46 timing idealTree Completed in 221ms
47 timing reify:loadTrees Completed in 222ms
48 timing reify:diffTrees Completed in 2ms
49 silly reify moves {}
50 timing reify:retireShallow Completed in 1ms
51 timing reify:createSparse Completed in 1ms
52 timing reify:loadBundles Completed in 0ms
53 silly audit bulk request {
53 silly audit   asynckit: [ '0.4.0' ],
53 silly audit   axios: [ '1.7.9' ],
53 silly audit   'call-bind-apply-helpers': [ '1.0.2' ],
53 silly audit   'combined-stream': [ '1.0.8' ],
53 silly audit   'delayed-stream': [ '1.0.0' ],
53 silly audit   'dunder-proto': [ '1.0.1' ],
53 silly audit   'es-define-property': [ '1.0.1' ],
53 silly audit   'es-errors': [ '1.3.0' ],
53 silly audit   'es-object-atoms': [ '1.1.1' ],
53 silly audit   'es-set-tostringtag': [ '2.1.0' ],
53 silly audit   'follow-redirects': [ '1.15.9' ],
53 silly audit   'form-data': [ '4.0.2' ],
53 silly audit   fs: [ '0.0.1-security' ],
53 silly audit   'function-bind': [ '1.1.2' ],
53 silly audit   'get-intrinsic': [ '1.2.7' ],
53 silly audit   'get-proto': [ '1.0.1' ],
53 silly audit   gopd: [ '1.2.0' ],
53 silly audit   'has-symbols': [ '1.1.0' ],
53 silly audit   'has-tostringtag': [ '1.0.2' ],
53 silly audit   hasown: [ '2.0.2' ],
53 silly audit   'math-intrinsics': [ '1.1.0' ],
53 silly audit   'mime-db': [ '1.52.0' ],
53 silly audit   'mime-types': [ '2.1.35' ],
53 silly audit   'proxy-from-env': [ '1.1.0' ],
53 silly audit   process: [ '0.11.10' ]
53 silly audit }
54 silly tarball no local data for process@https://registry.npmjs.org/process/-/process-0.11.10.tgz. Extracting by manifest.
55 http fetch POST 200 https://registry.npmjs.org/-/npm/v1/security/advisories/bulk 81ms
56 timing auditReport:getReport Completed in 83ms
57 silly audit report {}
58 timing auditReport:init Completed in 0ms
59 timing reify:audit Completed in 84ms
60 http fetch GET 200 https://registry.npmjs.org/process/-/process-0.11.10.tgz 83ms (cache miss)
61 timing reifyNode:node_modules/process Completed in 89ms
62 timing reify:unpack Completed in 89ms
63 timing reify:unretire Completed in 0ms
64 timing build:queue Completed in 0ms
65 timing build:deps Completed in 1ms
66 timing build Completed in 1ms
67 timing reify:build Completed in 1ms
68 timing reify:trash Completed in 0ms
69 timing reify:save Completed in 14ms
70 timing reify Completed in 349ms
71 silly ADD node_modules/process
72 timing command:install Completed in 358ms
73 verbose exit 0
74 timing npm Completed in 407ms
75 info ok
