0 verbose cli /usr/bin/node /usr/bin/npm
1 info using npm@9.2.0
2 info using node@v18.19.1
3 timing npm:load:whichnode Completed in 0ms
4 timing config:load:defaults Completed in 2ms
5 timing config:load:file:/usr/share/nodejs/npm/npmrc Completed in 7ms
6 timing config:load:builtin Completed in 7ms
7 timing config:load:cli Completed in 1ms
8 timing config:load:env Completed in 0ms
9 timing config:load:file:/home/mckaycjm21/react-NIU/.npmrc Completed in 0ms
10 timing config:load:project Completed in 1ms
11 timing config:load:file:/home/mckaycjm21/.npmrc Completed in 0ms
12 timing config:load:user Completed in 0ms
13 timing config:load:file:/etc/npmrc Completed in 0ms
14 timing config:load:global Completed in 0ms
15 timing config:load:setEnvs Completed in 1ms
16 timing config:load Completed in 13ms
17 timing npm:load:configload Completed in 13ms
18 timing npm:load:mkdirpcache Completed in 0ms
19 timing npm:load:mkdirplogs Completed in 0ms
20 verbose title npm init
21 verbose argv "init"
22 timing npm:load:setTitle Completed in 1ms
23 timing config:load:flatten Completed in 3ms
24 timing npm:load:display Completed in 3ms
25 verbose logfile logs-max:10 dir:/home/mckaycjm21/.npm/_logs/2025-02-21T00_24_51_100Z-
26 verbose logfile /home/mckaycjm21/.npm/_logs/2025-02-21T00_24_51_100Z-debug-0.log
27 timing npm:load:logFile Completed in 6ms
28 timing npm:load:timers Completed in 0ms
29 timing npm:load:configScope Completed in 0ms
30 timing npm:load Completed in 25ms
31 timing config:load:flatten Completed in 0ms
32 silly logfile start cleaning logs, removing 1 files
33 silly logfile done cleaning log files
34 silly package data {
34 silly package data   name: 'unix-util',
34 silly package data   private: true,
34 silly package data   version: '0.0.0',
34 silly package data   type: 'module',
34 silly package data   scripts: {
34 silly package data     dev: 'vite',
34 silly package data     build: 'vite build',
34 silly package data     lint: 'eslint .',
34 silly package data     preview: 'vite preview',
34 silly package data     test: 'vitest'
34 silly package data   },
34 silly package data   dependencies: { axios: '^1.7.9', react: '^18.3.1', 'react-dom': '^18.3.1' },
34 silly package data   devDependencies: {
34 silly package data     '@eslint/js': '^9.17.0',
34 silly package data     '@testing-library/jest-dom': '^6.6.3',
34 silly package data     '@testing-library/react': '^16.2.0',
34 silly package data     '@types/react': '^18.3.18',
34 silly package data     '@types/react-dom': '^18.3.5',
34 silly package data     '@vitejs/plugin-react': '^4.3.4',
34 silly package data     eslint: '^9.17.0',
34 silly package data     'eslint-plugin-react': '^7.37.2',
34 silly package data     'eslint-plugin-react-hooks': '^5.0.0',
34 silly package data     'eslint-plugin-react-refresh': '^0.4.16',
34 silly package data     globals: '^15.14.0',
34 silly package data     jsdom: '^26.0.0',
34 silly package data     vite: '^6.0.5',
34 silly package data     vitest: '^3.0.4'
34 silly package data   },
34 silly package data   description: 'This template provides a minimal setup to get React working in Vite with HMR and some ESLint rules.',
34 silly package data   main: 'eslint.config.js',
34 silly package data   keywords: [],
34 silly package data   author: 'mckaycjm21',
34 silly package data   license: 'UNLICENSED',
34 silly package data   directories: { test: 'tests' },
34 silly package data   repository: { type: 'git', url: 'git+https://github.com/mckaycjm21/home_pc.git' },
34 silly package data   bugs: { url: 'https://github.com/mckaycjm21/home_pc/issues' },
34 silly package data   homepage: 'https://github.com/mckaycjm21/home_pc#readme',
34 silly package data   [Symbol(newline)]: '\n',
34 silly package data   [Symbol(indent)]: '  '
34 silly package data }
35 info init written successfully
36 timing command:init Completed in 156897ms
37 verbose exit 0
38 timing npm Completed in 156954ms
39 info ok
