0 verbose cli /usr/bin/node /usr/bin/npm
1 info using npm@9.2.0
2 info using node@v18.19.1
3 timing npm:load:whichnode Completed in 0ms
4 timing config:load:defaults Completed in 2ms
5 timing config:load:file:/usr/share/nodejs/npm/npmrc Completed in 13ms
6 timing config:load:builtin Completed in 13ms
7 timing config:load:cli Completed in 2ms
8 timing config:load:env Completed in 0ms
9 timing config:load:file:/home/mckaycjm21/.cache/typescript/5.7/.npmrc Completed in 0ms
10 timing config:load:project Completed in 8ms
11 timing config:load:file:/home/mckaycjm21/.npmrc Completed in 0ms
12 timing config:load:user Completed in 0ms
13 timing config:load:file:/etc/npmrc Completed in 0ms
14 timing config:load:global Completed in 1ms
15 timing config:load:setEnvs Completed in 1ms
16 timing config:load Completed in 27ms
17 timing npm:load:configload Completed in 27ms
18 timing npm:load:mkdirpcache Completed in 0ms
19 timing npm:load:mkdirplogs Completed in 1ms
20 verbose title npm install @types/react@ts5.7 @types/react-dom@ts5.7 @types/jsdom@ts5.7
21 verbose argv "install" "--ignore-scripts" "@types/react@ts5.7" "@types/react-dom@ts5.7" "@types/jsdom@ts5.7" "--save-dev" "--user-agent" "typesInstaller/5.7.3"
22 timing npm:load:setTitle Completed in 1ms
23 timing config:load:flatten Completed in 7ms
24 timing npm:load:display Completed in 8ms
25 verbose logfile logs-max:10 dir:/home/mckaycjm21/.npm/_logs/2025-02-20T18_14_47_044Z-
26 verbose logfile /home/mckaycjm21/.npm/_logs/2025-02-20T18_14_47_044Z-debug-0.log
27 timing npm:load:logFile Completed in 28ms
28 timing npm:load:timers Completed in 0ms
29 timing npm:load:configScope Completed in 0ms
30 timing npm:load Completed in 66ms
31 timing config:load:flatten Completed in 0ms
32 timing arborist:ctor Completed in 0ms
33 silly logfile start cleaning logs, removing 1 files
34 silly logfile done cleaning log files
35 timing idealTree:init Completed in 31ms
36 timing arborist:ctor Completed in 0ms
37 http fetch GET 200 https://registry.npmjs.org/@types%2fjsdom 238ms (cache updated)
38 http fetch GET 200 https://registry.npmjs.org/@types%2freact-dom 251ms (cache updated)
39 http fetch GET 200 https://registry.npmjs.org/@types%2freact 259ms (cache updated)
40 timing idealTree:userRequests Completed in 267ms
41 silly idealTree buildDeps
42 silly fetch manifest @types/jsdom@21.1.7
43 silly fetch manifest @types/react@19.0.10
44 silly fetch manifest @types/react-dom@19.0.4
45 silly placeDep ROOT @types/jsdom@21.1.7 REPLACE for:  want: 21.1.7
46 silly placeDep ROOT @types/react@19.0.10 REPLACE for:  want: 19.0.10
47 silly placeDep ROOT @types/react-dom@19.0.4 REPLACE for:  want: 19.0.4
48 timing idealTree:#root Completed in 11ms
49 timing idealTree:node_modules/@types/jsdom Completed in 0ms
50 timing idealTree:node_modules/@types/react Completed in 0ms
51 timing idealTree:node_modules/@types/react-dom Completed in 0ms
52 timing idealTree:buildDeps Completed in 12ms
53 timing idealTree:fixDepFlags Completed in 1ms
54 timing idealTree Completed in 314ms
55 timing reify:loadTrees Completed in 315ms
56 timing reify:diffTrees Completed in 2ms
57 silly reify mark retired [ '/home/mckaycjm21/.cache/typescript/5.7/node_modules/@types/react' ]
58 silly reify mark retired [
58 silly reify   '/home/mckaycjm21/.cache/typescript/5.7/node_modules/@types/react-dom'
58 silly reify ]
59 silly reify moves {
59 silly reify   '/home/mckaycjm21/.cache/typescript/5.7/node_modules/@types/react': '/home/mckaycjm21/.cache/typescript/5.7/node_modules/@types/.react-1mVfW2gV',
59 silly reify   '/home/mckaycjm21/.cache/typescript/5.7/node_modules/@types/react-dom': '/home/mckaycjm21/.cache/typescript/5.7/node_modules/@types/.react-dom-03aFnV1K'
59 silly reify }
60 timing reify:retireShallow Completed in 24ms
61 timing reify:createSparse Completed in 2ms
62 timing reify:loadBundles Completed in 0ms
63 silly audit bulk request {
63 silly audit   '@types/less': [ '3.0.7' ],
63 silly audit   '@types/node': [ '22.10.10' ],
63 silly audit   '@types/stylus': [ '0.48.43' ],
63 silly audit   '@types/tough-cookie': [ '4.0.5' ],
63 silly audit   csstype: [ '3.1.3' ],
63 silly audit   entities: [ '4.5.0' ],
63 silly audit   parse5: [ '7.2.1' ],
63 silly audit   'types-registry': [ '0.1.708' ],
63 silly audit   'undici-types': [ '6.20.0' ],
63 silly audit   '@types/jsdom': [ '21.1.7' ],
63 silly audit   '@types/react': [ '19.0.10' ],
63 silly audit   '@types/react-dom': [ '19.0.4' ]
63 silly audit }
64 silly tarball no local data for @types/react-dom@https://registry.npmjs.org/@types/react-dom/-/react-dom-19.0.4.tgz. Extracting by manifest.
65 silly tarball no local data for @types/react@https://registry.npmjs.org/@types/react/-/react-19.0.10.tgz. Extracting by manifest.
66 http fetch GET 200 https://registry.npmjs.org/@types/react-dom/-/react-dom-19.0.4.tgz 87ms (cache miss)
67 timing reifyNode:node_modules/@types/react-dom Completed in 96ms
68 http fetch POST 200 https://registry.npmjs.org/-/npm/v1/security/advisories/bulk 137ms
69 timing auditReport:getReport Completed in 138ms
70 silly audit report {}
71 timing auditReport:init Completed in 0ms
72 timing reify:audit Completed in 140ms
73 http fetch GET 200 https://registry.npmjs.org/@types/react/-/react-19.0.10.tgz 203ms (cache miss)
74 timing reifyNode:node_modules/@types/react Completed in 214ms
75 timing reify:unpack Completed in 216ms
76 timing reify:unretire Completed in 1ms
77 timing build:queue Completed in 18ms
78 timing build:deps Completed in 19ms
79 timing build Completed in 19ms
80 timing reify:build Completed in 19ms
81 timing reify:trash Completed in 19ms
82 timing reify:save Completed in 24ms
83 timing reify Completed in 634ms
84 silly CHANGE node_modules/@types/react-dom
85 silly CHANGE node_modules/@types/react
86 timing command:install Completed in 643ms
87 verbose exit 0
88 timing npm Completed in 722ms
89 info ok
