0 verbose cli /usr/bin/node /usr/bin/npm
1 info using npm@9.2.0
2 info using node@v18.19.1
3 timing npm:load:whichnode Completed in 0ms
4 timing config:load:defaults Completed in 12ms
5 timing config:load:file:/usr/share/nodejs/npm/npmrc Completed in 90ms
6 timing config:load:builtin Completed in 90ms
7 timing config:load:cli Completed in 7ms
8 timing config:load:env Completed in 0ms
9 timing config:load:file:/mnt/e/Users/mckay/AppData/Local/Programs/Microsoft VS Code/.npmrc Completed in 0ms
10 timing config:load:project Completed in 12ms
11 timing config:load:file:/home/mckaycjm21/.npmrc Completed in 8ms
12 timing config:load:user Completed in 9ms
13 timing config:load:file:/etc/npmrc Completed in 2ms
14 timing config:load:global Completed in 2ms
15 timing config:load:setEnvs Completed in 1ms
16 timing config:load Completed in 135ms
17 timing npm:load:configload Completed in 135ms
18 timing npm:load:mkdirpcache Completed in 3ms
19 timing npm:load:mkdirplogs Completed in 23ms
20 verbose title npm config get prefix
21 verbose argv "config" "get" "prefix"
22 timing npm:load:setTitle Completed in 2ms
23 timing config:load:flatten Completed in 3ms
24 timing npm:load:display Completed in 4ms
25 verbose logfile logs-max:10 dir:/home/mckaycjm21/.npm/_logs/2025-02-20T18_14_45_056Z-
26 verbose logfile /home/mckaycjm21/.npm/_logs/2025-02-20T18_14_45_056Z-debug-0.log
27 timing npm:load:logFile Completed in 23ms
28 timing npm:load:timers Completed in 0ms
29 timing npm:load:configScope Completed in 1ms
30 timing npm:load Completed in 192ms
31 silly logfile start cleaning logs, removing 1 files
32 timing command:config Completed in 4ms
33 verbose exit 0
34 timing npm Completed in 229ms
35 info ok
