0 verbose cli /usr/bin/node /usr/bin/npm
1 info using npm@9.2.0
2 info using node@v18.19.1
3 timing npm:load:whichnode Completed in 0ms
4 timing config:load:defaults Completed in 1ms
5 timing config:load:file:/usr/share/nodejs/npm/npmrc Completed in 10ms
6 timing config:load:builtin Completed in 10ms
7 timing config:load:cli Completed in 2ms
8 timing config:load:env Completed in 0ms
9 timing config:load:file:/home/mckaycjm21/.cache/typescript/5.7/.npmrc Completed in 0ms
10 timing config:load:project Completed in 1ms
11 timing config:load:file:/home/mckaycjm21/.npmrc Completed in 0ms
12 timing config:load:user Completed in 1ms
13 timing config:load:file:/etc/npmrc Completed in 0ms
14 timing config:load:global Completed in 0ms
15 timing config:load:setEnvs Completed in 1ms
16 timing config:load Completed in 17ms
17 timing npm:load:configload Completed in 17ms
18 timing npm:load:mkdirpcache Completed in 0ms
19 timing npm:load:mkdirplogs Completed in 0ms
20 verbose title npm install @types/http-server@ts5.7
21 verbose argv "install" "--ignore-scripts" "@types/http-server@ts5.7" "--save-dev" "--user-agent" "typesInstaller/5.7.3"
22 timing npm:load:setTitle Completed in 1ms
23 timing config:load:flatten Completed in 3ms
24 timing npm:load:display Completed in 4ms
25 verbose logfile logs-max:10 dir:/home/mckaycjm21/.npm/_logs/2025-02-21T01_00_42_028Z-
26 verbose logfile /home/mckaycjm21/.npm/_logs/2025-02-21T01_00_42_028Z-debug-0.log
27 timing npm:load:logFile Completed in 7ms
28 timing npm:load:timers Completed in 0ms
29 timing npm:load:configScope Completed in 0ms
30 timing npm:load Completed in 32ms
31 timing config:load:flatten Completed in 1ms
32 timing arborist:ctor Completed in 1ms
33 silly logfile start cleaning logs, removing 1 files
34 silly logfile done cleaning log files
35 timing idealTree:init Completed in 29ms
36 timing arborist:ctor Completed in 0ms
37 http fetch GET 200 https://registry.npmjs.org/@types%2fhttp-server 202ms (cache miss)
38 timing idealTree:userRequests Completed in 208ms
39 silly idealTree buildDeps
40 silly fetch manifest @types/http-server@0.12.4
41 silly placeDep ROOT @types/http-server@0.12.4 OK for:  want: 0.12.4
42 silly fetch manifest @types/connect@*
43 http fetch GET 200 https://registry.npmjs.org/@types%2fconnect 50ms (cache miss)
44 timing idealTree:#root Completed in 55ms
45 silly placeDep ROOT @types/connect@3.4.38 OK for: @types/http-server@0.12.4 want: *
46 timing idealTree:node_modules/@types/http-server Completed in 2ms
47 timing idealTree:node_modules/@types/connect Completed in 0ms
48 timing idealTree:buildDeps Completed in 59ms
49 timing idealTree:fixDepFlags Completed in 0ms
50 timing idealTree Completed in 298ms
51 timing reify:loadTrees Completed in 299ms
52 timing reify:diffTrees Completed in 2ms
53 silly reify moves {}
54 timing reify:retireShallow Completed in 1ms
55 timing reify:createSparse Completed in 4ms
56 timing reify:loadBundles Completed in 0ms
57 silly audit bulk request {
57 silly audit   '@types/jsdom': [ '21.1.7' ],
57 silly audit   '@types/less': [ '3.0.7' ],
57 silly audit   '@types/node': [ '22.10.10' ],
57 silly audit   '@types/react': [ '19.0.10' ],
57 silly audit   '@types/react-dom': [ '19.0.4' ],
57 silly audit   '@types/stylus': [ '0.48.43' ],
57 silly audit   '@types/tough-cookie': [ '4.0.5' ],
57 silly audit   csstype: [ '3.1.3' ],
57 silly audit   entities: [ '4.5.0' ],
57 silly audit   parse5: [ '7.2.1' ],
57 silly audit   'types-registry': [ '0.1.708' ],
57 silly audit   'undici-types': [ '6.20.0' ],
57 silly audit   '@types/http-server': [ '0.12.4' ],
57 silly audit   '@types/connect': [ '3.4.38' ]
57 silly audit }
58 silly tarball no local data for @types/connect@https://registry.npmjs.org/@types/connect/-/connect-3.4.38.tgz. Extracting by manifest.
59 silly tarball no local data for @types/http-server@https://registry.npmjs.org/@types/http-server/-/http-server-0.12.4.tgz. Extracting by manifest.
60 http fetch GET 200 https://registry.npmjs.org/@types/connect/-/connect-3.4.38.tgz 117ms (cache miss)
61 timing reifyNode:node_modules/@types/connect Completed in 124ms
62 http fetch POST 200 https://registry.npmjs.org/-/npm/v1/security/advisories/bulk 164ms
63 timing auditReport:getReport Completed in 166ms
64 silly audit report {}
65 timing auditReport:init Completed in 0ms
66 timing reify:audit Completed in 167ms
67 http fetch GET 200 https://registry.npmjs.org/@types/http-server/-/http-server-0.12.4.tgz 400ms (cache miss)
68 timing reifyNode:node_modules/@types/http-server Completed in 408ms
69 timing reify:unpack Completed in 408ms
70 timing reify:unretire Completed in 1ms
71 timing build:queue Completed in 1ms
72 timing build:deps Completed in 1ms
73 timing build Completed in 1ms
74 timing reify:build Completed in 1ms
75 timing reify:trash Completed in 0ms
76 timing reify:save Completed in 10ms
77 timing reify Completed in 761ms
78 silly ADD node_modules/@types/connect
79 silly ADD node_modules/@types/http-server
80 timing command:install Completed in 767ms
81 verbose exit 0
82 timing npm Completed in 811ms
83 info ok
