0 verbose cli /usr/bin/node /usr/bin/npm
1 info using npm@9.2.0
2 info using node@v18.19.1
3 timing npm:load:whichnode Completed in 1ms
4 timing config:load:defaults Completed in 1ms
5 timing config:load:file:/usr/share/nodejs/npm/npmrc Completed in 7ms
6 timing config:load:builtin Completed in 7ms
7 timing config:load:cli Completed in 1ms
8 timing config:load:env Completed in 1ms
9 timing config:load:file:/home/mckaycjm21/react-NIU/.npmrc Completed in 0ms
10 timing config:load:project Completed in 1ms
11 timing config:load:file:/home/mckaycjm21/.npmrc Completed in 0ms
12 timing config:load:user Completed in 0ms
13 timing config:load:file:/etc/npmrc Completed in 0ms
14 timing config:load:global Completed in 0ms
15 timing config:load:setEnvs Completed in 1ms
16 timing config:load Completed in 13ms
17 timing npm:load:configload Completed in 13ms
18 timing npm:load:mkdirpcache Completed in 0ms
19 timing npm:load:mkdirplogs Completed in 0ms
20 verbose title npm init
21 verbose argv "init"
22 timing npm:load:setTitle Completed in 1ms
23 timing config:load:flatten Completed in 3ms
24 timing npm:load:display Completed in 4ms
25 verbose logfile logs-max:10 dir:/home/mckaycjm21/.npm/_logs/2025-02-21T01_03_21_985Z-
26 verbose logfile /home/mckaycjm21/.npm/_logs/2025-02-21T01_03_21_985Z-debug-0.log
27 timing npm:load:logFile Completed in 8ms
28 timing npm:load:timers Completed in 0ms
29 timing npm:load:configScope Completed in 0ms
30 timing npm:load Completed in 27ms
31 timing config:load:flatten Completed in 0ms
32 silly logfile start cleaning logs, removing 1 files
33 silly logfile done cleaning log files
34 silly package data {
34 silly package data   name: 'first-node',
34 silly package data   version: '1.0.0',
34 silly package data   description: '',
34 silly package data   main: 'step1.js',
34 silly package data   scripts: { test: 'echo "Error: no test specified" && exit 1' },
34 silly package data   author: 'mckaycjm21',
34 silly package data   license: 'ISC'
34 silly package data }
35 info init written successfully
36 timing command:init Completed in 65480ms
37 verbose exit 0
38 timing npm Completed in 65527ms
39 info ok
