0 verbose cli /usr/bin/node /usr/bin/npm
1 info using npm@9.2.0
2 info using node@v18.19.1
3 timing npm:load:whichnode Completed in 0ms
4 timing config:load:defaults Completed in 2ms
5 timing config:load:file:/usr/share/nodejs/npm/npmrc Completed in 13ms
6 timing config:load:builtin Completed in 13ms
7 timing config:load:cli Completed in 1ms
8 timing config:load:env Completed in 0ms
9 timing config:load:file:/home/mckaycjm21/react-NIU/.npmrc Completed in 1ms
10 timing config:load:project Completed in 4ms
11 timing config:load:file:/home/mckaycjm21/.npmrc Completed in 0ms
12 timing config:load:user Completed in 0ms
13 timing config:load:file:/etc/npmrc Completed in 0ms
14 timing config:load:global Completed in 0ms
15 timing config:load:setEnvs Completed in 1ms
16 timing config:load Completed in 21ms
17 timing npm:load:configload Completed in 21ms
18 timing npm:load:mkdirpcache Completed in 3ms
19 timing npm:load:mkdirplogs Completed in 0ms
20 verbose title npm i http-server
21 verbose argv "i" "http-server"
22 timing npm:load:setTitle Completed in 1ms
23 timing config:load:flatten Completed in 3ms
24 timing npm:load:display Completed in 4ms
25 verbose logfile logs-max:10 dir:/home/mckaycjm21/.npm/_logs/2025-02-21T01_00_39_284Z-
26 verbose logfile /home/mckaycjm21/.npm/_logs/2025-02-21T01_00_39_284Z-debug-0.log
27 timing npm:load:logFile Completed in 11ms
28 timing npm:load:timers Completed in 0ms
29 timing npm:load:configScope Completed in 0ms
30 timing npm:load Completed in 40ms
31 timing config:load:flatten Completed in 1ms
32 timing arborist:ctor Completed in 1ms
33 silly logfile start cleaning logs, removing 1 files
34 silly logfile done cleaning log files
35 timing idealTree:init Completed in 302ms
36 timing idealTree:userRequests Completed in 4ms
37 silly idealTree buildDeps
38 silly fetch manifest http-server@*
39 timing arborist:ctor Completed in 0ms
40 http fetch GET 200 https://registry.npmjs.org/http-server 359ms (cache miss)
41 silly placeDep ROOT http-server@14.1.1 OK for: unix-util@0.0.0 want: *
42 silly fetch manifest he@^1.2.0
43 silly fetch manifest mime@^1.6.0
44 silly fetch manifest union@~0.5.0
45 silly fetch manifest corser@^2.0.1
46 silly fetch manifest opener@^1.5.1
47 silly fetch manifest minimist@^1.2.6
48 silly fetch manifest url-join@^4.0.1
49 silly fetch manifest basic-auth@^2.0.1
50 silly fetch manifest http-proxy@^1.18.1
51 silly fetch manifest portfinder@^1.0.28
52 silly fetch manifest secure-compare@3.0.1
53 silly fetch manifest html-encoding-sniffer@^3.0.0
54 http fetch GET 200 https://registry.npmjs.org/he 47ms (cache miss)
55 http fetch GET 200 https://registry.npmjs.org/url-join 118ms (cache miss)
56 http fetch GET 200 https://registry.npmjs.org/mime 124ms (cache miss)
57 http fetch GET 200 https://registry.npmjs.org/opener 143ms (cache miss)
58 http fetch GET 200 https://registry.npmjs.org/http-proxy 154ms (cache miss)
59 http fetch GET 200 https://registry.npmjs.org/basic-auth 162ms (cache miss)
60 http fetch GET 200 https://registry.npmjs.org/minimist 163ms (cache miss)
61 http fetch GET 200 https://registry.npmjs.org/corser 175ms (cache miss)
62 http fetch GET 200 https://registry.npmjs.org/secure-compare 173ms (cache miss)
63 http fetch GET 200 https://registry.npmjs.org/html-encoding-sniffer 174ms (cache updated)
64 http fetch GET 200 https://registry.npmjs.org/union 178ms (cache miss)
65 http fetch GET 200 https://registry.npmjs.org/portfinder 175ms (cache miss)
66 timing idealTree:#root Completed in 548ms
67 silly placeDep ROOT basic-auth@2.0.1 OK for: http-server@14.1.1 want: ^2.0.1
68 silly placeDep ROOT corser@2.0.1 OK for: http-server@14.1.1 want: ^2.0.1
69 silly placeDep ROOT he@1.2.0 OK for: http-server@14.1.1 want: ^1.2.0
70 silly placeDep node_modules/http-server html-encoding-sniffer@3.0.0 OK for: http-server@14.1.1 want: ^3.0.0
71 silly placeDep ROOT http-proxy@1.18.1 OK for: http-server@14.1.1 want: ^1.18.1
72 silly placeDep ROOT mime@1.6.0 OK for: http-server@14.1.1 want: ^1.6.0
73 silly placeDep ROOT minimist@1.2.8 OK for: http-server@14.1.1 want: ^1.2.6
74 silly placeDep ROOT opener@1.5.2 OK for: http-server@14.1.1 want: ^1.5.1
75 silly placeDep ROOT portfinder@1.0.32 OK for: http-server@14.1.1 want: ^1.0.28
76 silly placeDep ROOT secure-compare@3.0.1 OK for: http-server@14.1.1 want: 3.0.1
77 silly placeDep ROOT union@0.5.0 OK for: http-server@14.1.1 want: ~0.5.0
78 silly placeDep ROOT url-join@4.0.1 OK for: http-server@14.1.1 want: ^4.0.1
79 silly fetch manifest safe-buffer@5.1.2
80 silly fetch manifest whatwg-encoding@^2.0.0
81 silly fetch manifest eventemitter3@^4.0.0
82 silly fetch manifest requires-port@^1.0.0
83 silly fetch manifest async@^2.6.4
84 silly fetch manifest debug@^3.2.7
85 silly fetch manifest mkdirp@^0.5.6
86 silly fetch manifest qs@^6.4.0
87 http fetch GET 200 https://registry.npmjs.org/eventemitter3 59ms (cache miss)
88 http fetch GET 200 https://registry.npmjs.org/safe-buffer 62ms (cache miss)
89 http fetch GET 200 https://registry.npmjs.org/requires-port 65ms (cache miss)
90 http fetch GET 200 https://registry.npmjs.org/whatwg-encoding 67ms (cache updated)
91 http fetch GET 200 https://registry.npmjs.org/async 78ms (cache miss)
92 http fetch GET 200 https://registry.npmjs.org/debug 81ms (cache updated)
93 http fetch GET 200 https://registry.npmjs.org/qs 81ms (cache miss)
94 http fetch GET 200 https://registry.npmjs.org/mkdirp 92ms (cache miss)
95 timing idealTree:node_modules/http-server Completed in 123ms
96 silly placeDep ROOT safe-buffer@5.1.2 OK for: basic-auth@2.0.1 want: 5.1.2
97 timing idealTree:node_modules/basic-auth Completed in 1ms
98 timing idealTree:node_modules/corser Completed in 0ms
99 timing idealTree:node_modules/he Completed in 0ms
100 silly placeDep ROOT eventemitter3@4.0.7 OK for: http-proxy@1.18.1 want: ^4.0.0
101 silly placeDep ROOT requires-port@1.0.0 OK for: http-proxy@1.18.1 want: ^1.0.0
102 timing idealTree:node_modules/http-proxy Completed in 2ms
103 timing idealTree:node_modules/eventemitter3 Completed in 0ms
104 timing idealTree:node_modules/mime Completed in 0ms
105 timing idealTree:node_modules/minimist Completed in 0ms
106 timing idealTree:node_modules/opener Completed in 0ms
107 silly placeDep ROOT async@2.6.4 OK for: portfinder@1.0.32 want: ^2.6.4
108 silly placeDep node_modules/portfinder debug@3.2.7 OK for: portfinder@1.0.32 want: ^3.2.7
109 silly placeDep ROOT mkdirp@0.5.6 OK for: portfinder@1.0.32 want: ^0.5.6
110 timing idealTree:node_modules/portfinder Completed in 5ms
111 timing idealTree:node_modules/async Completed in 0ms
112 timing idealTree:node_modules/mkdirp Completed in 0ms
113 timing idealTree:node_modules/requires-port Completed in 0ms
114 timing idealTree:node_modules/safe-buffer Completed in 0ms
115 timing idealTree:node_modules/secure-compare Completed in 0ms
116 silly placeDep ROOT qs@6.14.0 OK for: union@0.5.0 want: ^6.4.0
117 timing idealTree:node_modules/union Completed in 2ms
118 timing idealTree:node_modules/qs Completed in 0ms
119 timing idealTree:node_modules/url-join Completed in 0ms
120 silly placeDep node_modules/http-server whatwg-encoding@2.0.0 OK for: html-encoding-sniffer@3.0.0 want: ^2.0.0
121 timing idealTree:node_modules/http-server/node_modules/html-encoding-sniffer Completed in 2ms
122 timing idealTree:node_modules/http-server/node_modules/whatwg-encoding Completed in 0ms
123 timing idealTree:node_modules/portfinder/node_modules/debug Completed in 0ms
124 timing idealTree:buildDeps Completed in 687ms
125 timing idealTree:fixDepFlags Completed in 9ms
126 timing idealTree Completed in 1009ms
127 timing reify:loadTrees Completed in 1010ms
128 timing reify:diffTrees Completed in 10ms
129 silly reify moves {}
130 timing reify:retireShallow Completed in 1ms
131 timing reify:createSparse Completed in 24ms
132 timing reify:loadBundles Completed in 0ms
133 silly audit bulk request {
133 silly audit   '@adobe/css-tools': [ '4.4.1' ],
133 silly audit   '@ampproject/remapping': [ '2.3.0' ],
133 silly audit   '@asamuzakjp/css-color': [ '2.8.3' ],
133 silly audit   'lru-cache': [ '10.4.3', '5.1.1' ],
133 silly audit   '@babel/code-frame': [ '7.26.2' ],
133 silly audit   '@babel/compat-data': [ '7.26.5' ],
133 silly audit   '@babel/core': [ '7.26.7' ],
133 silly audit   '@babel/generator': [ '7.26.5' ],
133 silly audit   '@babel/helper-compilation-targets': [ '7.26.5' ],
133 silly audit   '@babel/helper-module-imports': [ '7.25.9' ],
133 silly audit   '@babel/helper-module-transforms': [ '7.26.0' ],
133 silly audit   '@babel/helper-plugin-utils': [ '7.26.5' ],
133 silly audit   '@babel/helper-string-parser': [ '7.25.9' ],
133 silly audit   '@babel/helper-validator-identifier': [ '7.25.9' ],
133 silly audit   '@babel/helper-validator-option': [ '7.25.9' ],
133 silly audit   '@babel/helpers': [ '7.26.7' ],
133 silly audit   '@babel/parser': [ '7.26.7' ],
133 silly audit   '@babel/plugin-transform-react-jsx-self': [ '7.25.9' ],
133 silly audit   '@babel/plugin-transform-react-jsx-source': [ '7.25.9' ],
133 silly audit   '@babel/runtime': [ '7.26.7' ],
133 silly audit   '@babel/template': [ '7.25.9' ],
133 silly audit   '@babel/traverse': [ '7.26.7' ],
133 silly audit   globals: [ '11.12.0', '14.0.0', '15.14.0' ],
133 silly audit   '@babel/types': [ '7.26.7' ],
133 silly audit   '@csstools/color-helpers': [ '5.0.1' ],
133 silly audit   '@csstools/css-calc': [ '2.1.1' ],
133 silly audit   '@csstools/css-color-parser': [ '3.0.7' ],
133 silly audit   '@csstools/css-parser-algorithms': [ '3.0.4' ],
133 silly audit   '@csstools/css-tokenizer': [ '3.0.3' ],
133 silly audit   '@esbuild/aix-ppc64': [ '0.24.2' ],
133 silly audit   '@esbuild/android-arm': [ '0.24.2' ],
133 silly audit   '@esbuild/android-arm64': [ '0.24.2' ],
133 silly audit   '@esbuild/android-x64': [ '0.24.2' ],
133 silly audit   '@esbuild/darwin-arm64': [ '0.24.2' ],
133 silly audit   '@esbuild/darwin-x64': [ '0.24.2' ],
133 silly audit   '@esbuild/freebsd-arm64': [ '0.24.2' ],
133 silly audit   '@esbuild/freebsd-x64': [ '0.24.2' ],
133 silly audit   '@esbuild/linux-arm': [ '0.24.2' ],
133 silly audit   '@esbuild/linux-arm64': [ '0.24.2' ],
133 silly audit   '@esbuild/linux-ia32': [ '0.24.2' ],
133 silly audit   '@esbuild/linux-loong64': [ '0.24.2' ],
133 silly audit   '@esbuild/linux-mips64el': [ '0.24.2' ],
133 silly audit   '@esbuild/linux-ppc64': [ '0.24.2' ],
133 silly audit   '@esbuild/linux-riscv64': [ '0.24.2' ],
133 silly audit   '@esbuild/linux-s390x': [ '0.24.2' ],
133 silly audit   '@esbuild/linux-x64': [ '0.24.2' ],
133 silly audit   '@esbuild/netbsd-arm64': [ '0.24.2' ],
133 silly audit   '@esbuild/netbsd-x64': [ '0.24.2' ],
133 silly audit   '@esbuild/openbsd-arm64': [ '0.24.2' ],
133 silly audit   '@esbuild/openbsd-x64': [ '0.24.2' ],
133 silly audit   '@esbuild/sunos-x64': [ '0.24.2' ],
133 silly audit   '@esbuild/win32-arm64': [ '0.24.2' ],
133 silly audit   '@esbuild/win32-ia32': [ '0.24.2' ],
133 silly audit   '@esbuild/win32-x64': [ '0.24.2' ],
133 silly audit   '@eslint-community/eslint-utils': [ '4.4.1' ],
133 silly audit   'eslint-visitor-keys': [ '3.4.3', '4.2.0' ],
133 silly audit   '@eslint-community/regexpp': [ '4.12.1' ],
133 silly audit   '@eslint/config-array': [ '0.19.1' ],
133 silly audit   '@eslint/core': [ '0.10.0' ],
133 silly audit   '@eslint/eslintrc': [ '3.2.0' ],
133 silly audit   '@eslint/js': [ '9.19.0' ],
133 silly audit   '@eslint/object-schema': [ '2.1.5' ],
133 silly audit   '@eslint/plugin-kit': [ '0.2.5' ],
133 silly audit   '@humanfs/core': [ '0.19.1' ],
133 silly audit   '@humanfs/node': [ '0.16.6' ],
133 silly audit   '@humanwhocodes/retry': [ '0.3.1', '0.4.1' ],
133 silly audit   '@humanwhocodes/module-importer': [ '1.0.1' ],
133 silly audit   '@jridgewell/gen-mapping': [ '0.3.8' ],
133 silly audit   '@jridgewell/resolve-uri': [ '3.1.2' ],
133 silly audit   '@jridgewell/set-array': [ '1.2.1' ],
133 silly audit   '@jridgewell/sourcemap-codec': [ '1.5.0' ],
133 silly audit   '@jridgewell/trace-mapping': [ '0.3.25' ],
133 silly audit   '@rollup/rollup-android-arm-eabi': [ '4.32.0' ],
133 silly audit   '@rollup/rollup-android-arm64': [ '4.32.0' ],
133 silly audit   '@rollup/rollup-darwin-arm64': [ '4.32.0' ],
133 silly audit   '@rollup/rollup-darwin-x64': [ '4.32.0' ],
133 silly audit   '@rollup/rollup-freebsd-arm64': [ '4.32.0' ],
133 silly audit   '@rollup/rollup-freebsd-x64': [ '4.32.0' ],
133 silly audit   '@rollup/rollup-linux-arm-gnueabihf': [ '4.32.0' ],
133 silly audit   '@rollup/rollup-linux-arm-musleabihf': [ '4.32.0' ],
133 silly audit   '@rollup/rollup-linux-arm64-gnu': [ '4.32.0' ],
133 silly audit   '@rollup/rollup-linux-arm64-musl': [ '4.32.0' ],
133 silly audit   '@rollup/rollup-linux-loongarch64-gnu': [ '4.32.0' ],
133 silly audit   '@rollup/rollup-linux-powerpc64le-gnu': [ '4.32.0' ],
133 silly audit   '@rollup/rollup-linux-riscv64-gnu': [ '4.32.0' ],
133 silly audit   '@rollup/rollup-linux-s390x-gnu': [ '4.32.0' ],
133 silly audit   '@rollup/rollup-linux-x64-gnu': [ '4.32.0' ],
133 silly audit   '@rollup/rollup-linux-x64-musl': [ '4.32.0' ],
133 silly audit   '@rollup/rollup-win32-arm64-msvc': [ '4.32.0' ],
133 silly audit   '@rollup/rollup-win32-ia32-msvc': [ '4.32.0' ],
133 silly audit   '@rollup/rollup-win32-x64-msvc': [ '4.32.0' ],
133 silly audit   '@testing-library/dom': [ '10.4.0' ],
133 silly audit   '@testing-library/jest-dom': [ '6.6.3' ],
133 silly audit   chalk: [ '3.0.0', '4.1.2' ],
133 silly audit   'dom-accessibility-api': [ '0.6.3', '0.5.16' ],
133 silly audit   '@testing-library/react': [ '16.2.0' ],
133 silly audit   '@types/aria-query': [ '5.0.4' ],
133 silly audit   '@types/babel__core': [ '7.20.5' ],
133 silly audit   '@types/babel__generator': [ '7.6.8' ],
133 silly audit   '@types/babel__template': [ '7.4.4' ],
133 silly audit   '@types/babel__traverse': [ '7.20.6' ],
133 silly audit   '@types/estree': [ '1.0.6' ],
133 silly audit   '@types/json-schema': [ '7.0.15' ],
133 silly audit   '@types/prop-types': [ '15.7.14' ],
133 silly audit   '@types/react': [ '18.3.18' ],
133 silly audit   '@types/react-dom': [ '18.3.5' ],
133 silly audit   '@vitejs/plugin-react': [ '4.3.4' ],
133 silly audit   '@vitest/expect': [ '3.0.4' ],
133 silly audit   '@vitest/mocker': [ '3.0.4' ],
133 silly audit   '@vitest/pretty-format': [ '3.0.4' ],
133 silly audit   '@vitest/runner': [ '3.0.4' ],
133 silly audit   '@vitest/snapshot': [ '3.0.4' ],
133 silly audit   '@vitest/spy': [ '3.0.4' ],
133 silly audit   '@vitest/utils': [ '3.0.4' ],
133 silly audit   acorn: [ '8.14.0' ],
133 silly audit   'acorn-jsx': [ '5.3.2' ],
133 silly audit   'agent-base': [ '7.1.3' ],
133 silly audit   ajv: [ '6.12.6' ],
133 silly audit   'ansi-regex': [ '5.0.1' ],
133 silly audit   'ansi-styles': [ '4.3.0', '5.2.0' ],
133 silly audit   argparse: [ '2.0.1' ],
133 silly audit   'aria-query': [ '5.3.0' ],
133 silly audit   'array-buffer-byte-length': [ '1.0.2' ],
133 silly audit   'array-includes': [ '3.1.8' ],
133 silly audit   'array.prototype.findlast': [ '1.2.5' ],
133 silly audit   'array.prototype.flat': [ '1.3.3' ],
133 silly audit   'array.prototype.flatmap': [ '1.3.3' ],
133 silly audit   'array.prototype.tosorted': [ '1.1.4' ],
133 silly audit   'arraybuffer.prototype.slice': [ '1.0.4' ],
133 silly audit   'assertion-error': [ '2.0.1' ],
133 silly audit   'async-function': [ '1.0.0' ],
133 silly audit   asynckit: [ '0.4.0' ],
133 silly audit   'available-typed-arrays': [ '1.0.7' ],
133 silly audit   axios: [ '1.7.9' ],
133 silly audit   'balanced-match': [ '1.0.2' ],
133 silly audit   'brace-expansion': [ '1.1.11' ],
133 silly audit   browserslist: [ '4.24.4' ],
133 silly audit   cac: [ '6.7.14' ],
133 silly audit   'call-bind': [ '1.0.8' ],
133 silly audit   'call-bind-apply-helpers': [ '1.0.1' ],
133 silly audit   'call-bound': [ '1.0.3' ],
133 silly audit   callsites: [ '3.1.0' ],
133 silly audit   'caniuse-lite': [ '1.0.30001695' ],
133 silly audit   chai: [ '5.1.2' ],
133 silly audit   'check-error': [ '2.1.1' ],
133 silly audit   'color-convert': [ '2.0.1' ],
133 silly audit   'color-name': [ '1.1.4' ],
133 silly audit   'combined-stream': [ '1.0.8' ],
133 silly audit   'concat-map': [ '0.0.1' ],
133 silly audit   'convert-source-map': [ '2.0.0' ],
133 silly audit   'cross-spawn': [ '7.0.6' ],
133 silly audit   'css.escape': [ '1.5.1' ],
133 silly audit   cssstyle: [ '4.2.1' ],
133 silly audit   csstype: [ '3.1.3' ],
133 silly audit   'data-urls': [ '5.0.0' ],
133 silly audit   'data-view-buffer': [ '1.0.2' ],
133 silly audit   'data-view-byte-length': [ '1.0.2' ],
133 silly audit   'data-view-byte-offset': [ '1.0.1' ],
133 silly audit   debug: [ '4.4.0', '3.2.7' ],
133 silly audit   'decimal.js': [ '10.5.0' ],
133 silly audit   'deep-eql': [ '5.0.2' ],
133 silly audit   'deep-is': [ '0.1.4' ],
133 silly audit   'define-data-property': [ '1.1.4' ],
133 silly audit   'define-properties': [ '1.2.1' ],
133 silly audit   'delayed-stream': [ '1.0.0' ],
133 silly audit   dequal: [ '2.0.3' ],
133 silly audit   doctrine: [ '2.1.0' ],
133 silly audit   'dunder-proto': [ '1.0.1' ],
133 silly audit   'electron-to-chromium': [ '1.5.87' ],
133 silly audit   entities: [ '4.5.0' ],
133 silly audit   'es-abstract': [ '1.23.9' ],
133 silly audit   'es-define-property': [ '1.0.1' ],
133 silly audit   'es-errors': [ '1.3.0' ],
133 silly audit   'es-iterator-helpers': [ '1.2.1' ],
133 silly audit   'es-module-lexer': [ '1.6.0' ],
133 silly audit   'es-object-atoms': [ '1.1.1' ],
133 silly audit   'es-set-tostringtag': [ '2.1.0' ],
133 silly audit   'es-shim-unscopables': [ '1.0.2' ],
133 silly audit   'es-to-primitive': [ '1.3.0' ],
133 silly audit   esbuild: [ '0.24.2' ],
133 silly audit   escalade: [ '3.2.0' ],
133 silly audit   'escape-string-regexp': [ '4.0.0' ],
133 silly audit   eslint: [ '9.19.0' ],
133 silly audit   'eslint-plugin-react': [ '7.37.4' ],
133 silly audit   'eslint-plugin-react-hooks': [ '5.1.0' ],
133 silly audit   'eslint-plugin-react-refresh': [ '0.4.18' ],
133 silly audit   'eslint-scope': [ '8.2.0' ],
133 silly audit   espree: [ '10.3.0' ],
133 silly audit   esquery: [ '1.6.0' ],
133 silly audit   esrecurse: [ '4.3.0' ],
133 silly audit   estraverse: [ '5.3.0' ],
133 silly audit   'estree-walker': [ '3.0.3' ],
133 silly audit   esutils: [ '2.0.3' ],
133 silly audit   'expect-type': [ '1.1.0' ],
133 silly audit   'fast-deep-equal': [ '3.1.3' ],
133 silly audit   'fast-json-stable-stringify': [ '2.1.0' ],
133 silly audit   'fast-levenshtein': [ '2.0.6' ],
133 silly audit   'file-entry-cache': [ '8.0.0' ],
133 silly audit   'find-up': [ '5.0.0' ],
133 silly audit   'flat-cache': [ '4.0.1' ],
133 silly audit   flatted: [ '3.3.2' ],
133 silly audit   'follow-redirects': [ '1.15.9' ],
133 silly audit   'for-each': [ '0.3.4' ],
133 silly audit   'form-data': [ '4.0.1' ],
133 silly audit   fsevents: [ '2.3.3' ],
133 silly audit   'function-bind': [ '1.1.2' ],
133 silly audit   'function.prototype.name': [ '1.1.8' ],
133 silly audit   'functions-have-names': [ '1.2.3' ],
133 silly audit   gensync: [ '1.0.0-beta.2' ],
133 silly audit   'get-intrinsic': [ '1.2.7' ],
133 silly audit   'get-proto': [ '1.0.1' ],
133 silly audit   'get-symbol-description': [ '1.1.0' ],
133 silly audit   'glob-parent': [ '6.0.2' ],
133 silly audit   globalthis: [ '1.0.4' ],
133 silly audit   gopd: [ '1.2.0' ],
133 silly audit   'has-bigints': [ '1.1.0' ],
133 silly audit   'has-flag': [ '4.0.0' ],
133 silly audit   'has-property-descriptors': [ '1.0.2' ],
133 silly audit   'has-proto': [ '1.2.0' ],
133 silly audit   'has-symbols': [ '1.1.0' ],
133 silly audit   'has-tostringtag': [ '1.0.2' ],
133 silly audit   hasown: [ '2.0.2' ],
133 silly audit   'html-encoding-sniffer': [ '4.0.0', '3.0.0' ],
133 silly audit   'http-proxy-agent': [ '7.0.2' ],
133 silly audit   'https-proxy-agent': [ '7.0.6' ],
133 silly audit   'iconv-lite': [ '0.6.3' ],
133 silly audit   ignore: [ '5.3.2' ],
133 silly audit   'import-fresh': [ '3.3.0' ],
133 silly audit   imurmurhash: [ '0.1.4' ],
133 silly audit   'indent-string': [ '4.0.0' ],
133 silly audit   'internal-slot': [ '1.1.0' ],
133 silly audit   'is-array-buffer': [ '3.0.5' ],
133 silly audit   'is-async-function': [ '2.1.1' ],
133 silly audit   'is-bigint': [ '1.1.0' ],
133 silly audit   'is-boolean-object': [ '1.2.1' ],
133 silly audit   'is-callable': [ '1.2.7' ],
133 silly audit   'is-core-module': [ '2.16.1' ],
133 silly audit   'is-data-view': [ '1.0.2' ],
133 silly audit   'is-date-object': [ '1.1.0' ],
133 silly audit   'is-extglob': [ '2.1.1' ],
133 silly audit   'is-finalizationregistry': [ '1.1.1' ],
133 silly audit   'is-generator-function': [ '1.1.0' ],
133 silly audit   'is-glob': [ '4.0.3' ],
133 silly audit   'is-map': [ '2.0.3' ],
133 silly audit   'is-number-object': [ '1.1.1' ],
133 silly audit   'is-potential-custom-element-name': [ '1.0.1' ],
133 silly audit   'is-regex': [ '1.2.1' ],
133 silly audit   'is-set': [ '2.0.3' ],
133 silly audit   'is-shared-array-buffer': [ '1.0.4' ],
133 silly audit   'is-string': [ '1.1.1' ],
133 silly audit   'is-symbol': [ '1.1.1' ],
133 silly audit   'is-typed-array': [ '1.1.15' ],
133 silly audit   'is-weakmap': [ '2.0.2' ],
133 silly audit   'is-weakref': [ '1.1.0' ],
133 silly audit   'is-weakset': [ '2.0.4' ],
133 silly audit   isarray: [ '2.0.5' ],
133 silly audit   isexe: [ '2.0.0' ],
133 silly audit   'iterator.prototype': [ '1.1.5' ],
133 silly audit   'js-tokens': [ '4.0.0' ],
133 silly audit   'js-yaml': [ '4.1.0' ],
133 silly audit   jsdom: [ '26.0.0' ],
133 silly audit   jsesc: [ '3.1.0' ],
133 silly audit   'json-buffer': [ '3.0.1' ],
133 silly audit   'json-schema-traverse': [ '0.4.1' ],
133 silly audit   'json-stable-stringify-without-jsonify': [ '1.0.1' ],
133 silly audit   json5: [ '2.2.3' ],
133 silly audit   'jsx-ast-utils': [ '3.3.5' ],
133 silly audit   keyv: [ '4.5.4' ],
133 silly audit   levn: [ '0.4.1' ],
133 silly audit   'locate-path': [ '6.0.0' ],
133 silly audit   lodash: [ '4.17.21' ],
133 silly audit   'lodash.merge': [ '4.6.2' ],
133 silly audit   'loose-envify': [ '1.4.0' ],
133 silly audit   loupe: [ '3.1.2' ],
133 silly audit   'lz-string': [ '1.5.0' ],
133 silly audit   'magic-string': [ '0.30.17' ],
133 silly audit   'math-intrinsics': [ '1.1.0' ],
133 silly audit   'mime-db': [ '1.52.0' ],
133 silly audit   'mime-types': [ '2.1.35' ],
133 silly audit   'min-indent': [ '1.0.1' ],
133 silly audit   minimatch: [ '3.1.2' ],
133 silly audit   ms: [ '2.1.3' ],
133 silly audit   nanoid: [ '3.3.8' ],
133 silly audit   'natural-compare': [ '1.4.0' ],
133 silly audit   'node-releases': [ '2.0.19' ],
133 silly audit   nwsapi: [ '2.2.16' ],
133 silly audit   'object-assign': [ '4.1.1' ],
133 silly audit   'object-inspect': [ '1.13.3' ],
133 silly audit   'object-keys': [ '1.1.1' ],
133 silly audit   'object.assign': [ '4.1.7' ],
133 silly audit   'object.entries': [ '1.1.8' ],
133 silly audit   'object.fromentries': [ '2.0.8' ],
133 silly audit   'object.values': [ '1.2.1' ],
133 silly audit   optionator: [ '0.9.4' ],
133 silly audit   'own-keys': [ '1.0.1' ],
133 silly audit   'p-limit': [ '3.1.0' ],
133 silly audit   'p-locate': [ '5.0.0' ],
133 silly audit   'parent-module': [ '1.0.1' ],
133 silly audit   parse5: [ '7.2.1' ],
133 silly audit   'path-exists': [ '4.0.0' ],
133 silly audit   'path-key': [ '3.1.1' ],
133 silly audit   'path-parse': [ '1.0.7' ],
133 silly audit   pathe: [ '2.0.2' ],
133 silly audit   pathval: [ '2.0.0' ],
133 silly audit   picocolors: [ '1.1.1' ],
133 silly audit   'possible-typed-array-names': [ '1.0.0' ],
133 silly audit   postcss: [ '8.5.1' ],
133 silly audit   'prelude-ls': [ '1.2.1' ],
133 silly audit   'pretty-format': [ '27.5.1' ],
133 silly audit   'react-is': [ '17.0.2', '16.13.1' ],
133 silly audit   'prop-types': [ '15.8.1' ],
133 silly audit   'proxy-from-env': [ '1.1.0' ],
133 silly audit   punycode: [ '2.3.1' ],
133 silly audit   react: [ '18.3.1' ],
133 silly audit   'react-dom': [ '18.3.1' ],
133 silly audit   'react-refresh': [ '0.14.2' ],
133 silly audit   redent: [ '3.0.0' ],
133 silly audit   'reflect.getprototypeof': [ '1.0.10' ],
133 silly audit   'regenerator-runtime': [ '0.14.1' ],
133 silly audit   'regexp.prototype.flags': [ '1.5.4' ],
133 silly audit   resolve: [ '2.0.0-next.5' ],
133 silly audit   'resolve-from': [ '4.0.0' ],
133 silly audit   rollup: [ '4.32.0' ],
133 silly audit   'rrweb-cssom': [ '0.8.0' ],
133 silly audit   'safe-array-concat': [ '1.1.3' ],
133 silly audit   'safe-push-apply': [ '1.0.0' ],
133 silly audit   'safe-regex-test': [ '1.1.0' ],
133 silly audit   'safer-buffer': [ '2.1.2' ],
133 silly audit   saxes: [ '6.0.0' ],
133 silly audit   scheduler: [ '0.23.2' ],
133 silly audit   semver: [ '6.3.1' ],
133 silly audit   'set-function-length': [ '1.2.2' ],
133 silly audit   'set-function-name': [ '2.0.2' ],
133 silly audit   'set-proto': [ '1.0.0' ],
133 silly audit   'shebang-command': [ '2.0.0' ],
133 silly audit   'shebang-regex': [ '3.0.0' ],
133 silly audit   'side-channel': [ '1.1.0' ],
133 silly audit   'side-channel-list': [ '1.0.0' ],
133 silly audit   'side-channel-map': [ '1.0.1' ],
133 silly audit   'side-channel-weakmap': [ '1.0.2' ],
133 silly audit   siginfo: [ '2.0.0' ],
133 silly audit   'source-map-js': [ '1.2.1' ],
133 silly audit   stackback: [ '0.0.2' ],
133 silly audit   'std-env': [ '3.8.0' ],
133 silly audit   'string.prototype.matchall': [ '4.0.12' ],
133 silly audit   'string.prototype.repeat': [ '1.0.0' ],
133 silly audit   'string.prototype.trim': [ '1.2.10' ],
133 silly audit   'string.prototype.trimend': [ '1.0.9' ],
133 silly audit   'string.prototype.trimstart': [ '1.0.8' ],
133 silly audit   'strip-indent': [ '3.0.0' ],
133 silly audit   'strip-json-comments': [ '3.1.1' ],
133 silly audit   'supports-color': [ '7.2.0' ],
133 silly audit   'supports-preserve-symlinks-flag': [ '1.0.0' ],
133 silly audit   'symbol-tree': [ '3.2.4' ],
133 silly audit   tinybench: [ '2.9.0' ],
133 silly audit   tinyexec: [ '0.3.2' ],
133 silly audit   tinypool: [ '1.0.2' ],
133 silly audit   tinyrainbow: [ '2.0.0' ],
133 silly audit   tinyspy: [ '3.0.2' ],
133 silly audit   tldts: [ '6.1.74' ],
133 silly audit   'tldts-core': [ '6.1.74' ],
133 silly audit   'tough-cookie': [ '5.1.0' ],
133 silly audit   tr46: [ '5.0.0' ],
133 silly audit   'type-check': [ '0.4.0' ],
133 silly audit   'typed-array-buffer': [ '1.0.3' ],
133 silly audit   'typed-array-byte-length': [ '1.0.3' ],
133 silly audit   'typed-array-byte-offset': [ '1.0.4' ],
133 silly audit   'typed-array-length': [ '1.0.7' ],
133 silly audit   'unbox-primitive': [ '1.1.0' ],
133 silly audit   'update-browserslist-db': [ '1.1.2' ],
133 silly audit   'uri-js': [ '4.4.1' ],
133 silly audit   vite: [ '6.0.11' ],
133 silly audit   'vite-node': [ '3.0.4' ],
133 silly audit   vitest: [ '3.0.4' ],
133 silly audit   'w3c-xmlserializer': [ '5.0.0' ],
133 silly audit   'webidl-conversions': [ '7.0.0' ],
133 silly audit   'whatwg-encoding': [ '3.1.1', '2.0.0' ],
133 silly audit   'whatwg-mimetype': [ '4.0.0' ],
133 silly audit   'whatwg-url': [ '14.1.0' ],
133 silly audit   which: [ '2.0.2' ],
133 silly audit   'which-boxed-primitive': [ '1.1.1' ],
133 silly audit   'which-builtin-type': [ '1.2.1' ],
133 silly audit   'which-collection': [ '1.0.2' ],
133 silly audit   'which-typed-array': [ '1.1.18' ],
133 silly audit   'why-is-node-running': [ '2.3.0' ],
133 silly audit   'word-wrap': [ '1.2.5' ],
133 silly audit   ws: [ '8.18.0' ],
133 silly audit   'xml-name-validator': [ '5.0.0' ],
133 silly audit   xmlchars: [ '2.2.0' ],
133 silly audit   yallist: [ '3.1.1' ],
133 silly audit   'yocto-queue': [ '0.1.0' ],
133 silly audit   'http-server': [ '14.1.1' ],
133 silly audit   'basic-auth': [ '2.0.1' ],
133 silly audit   corser: [ '2.0.1' ],
133 silly audit   he: [ '1.2.0' ],
133 silly audit   'http-proxy': [ '1.18.1' ],
133 silly audit   mime: [ '1.6.0' ],
133 silly audit   minimist: [ '1.2.8' ],
133 silly audit   opener: [ '1.5.2' ],
133 silly audit   portfinder: [ '1.0.32' ],
133 silly audit   'secure-compare': [ '3.0.1' ],
133 silly audit   union: [ '0.5.0' ],
133 silly audit   'url-join': [ '4.0.1' ],
133 silly audit   'safe-buffer': [ '5.1.2' ],
133 silly audit   eventemitter3: [ '4.0.7' ],
133 silly audit   'requires-port': [ '1.0.0' ],
133 silly audit   async: [ '2.6.4' ],
133 silly audit   mkdirp: [ '0.5.6' ],
133 silly audit   qs: [ '6.14.0' ]
133 silly audit }
134 verbose reify failed optional dependency /home/mckaycjm21/react-NIU/node_modules/fsevents
135 silly reify mark deleted [ '/home/mckaycjm21/react-NIU/node_modules/fsevents' ]
136 verbose reify failed optional dependency /home/mckaycjm21/react-NIU/node_modules/@rollup/rollup-win32-x64-msvc
137 silly reify mark deleted [
137 silly reify   '/home/mckaycjm21/react-NIU/node_modules/@rollup/rollup-win32-x64-msvc'
137 silly reify ]
138 verbose reify failed optional dependency /home/mckaycjm21/react-NIU/node_modules/@rollup/rollup-win32-ia32-msvc
139 silly reify mark deleted [
139 silly reify   '/home/mckaycjm21/react-NIU/node_modules/@rollup/rollup-win32-ia32-msvc'
139 silly reify ]
140 verbose reify failed optional dependency /home/mckaycjm21/react-NIU/node_modules/@rollup/rollup-win32-arm64-msvc
141 silly reify mark deleted [
141 silly reify   '/home/mckaycjm21/react-NIU/node_modules/@rollup/rollup-win32-arm64-msvc'
141 silly reify ]
142 verbose reify failed optional dependency /home/mckaycjm21/react-NIU/node_modules/@rollup/rollup-linux-s390x-gnu
143 silly reify mark deleted [
143 silly reify   '/home/mckaycjm21/react-NIU/node_modules/@rollup/rollup-linux-s390x-gnu'
143 silly reify ]
144 verbose reify failed optional dependency /home/mckaycjm21/react-NIU/node_modules/@rollup/rollup-linux-riscv64-gnu
145 silly reify mark deleted [
145 silly reify   '/home/mckaycjm21/react-NIU/node_modules/@rollup/rollup-linux-riscv64-gnu'
145 silly reify ]
146 verbose reify failed optional dependency /home/mckaycjm21/react-NIU/node_modules/@rollup/rollup-linux-powerpc64le-gnu
147 silly reify mark deleted [
147 silly reify   '/home/mckaycjm21/react-NIU/node_modules/@rollup/rollup-linux-powerpc64le-gnu'
147 silly reify ]
148 verbose reify failed optional dependency /home/mckaycjm21/react-NIU/node_modules/@rollup/rollup-linux-loongarch64-gnu
149 silly reify mark deleted [
149 silly reify   '/home/mckaycjm21/react-NIU/node_modules/@rollup/rollup-linux-loongarch64-gnu'
149 silly reify ]
150 verbose reify failed optional dependency /home/mckaycjm21/react-NIU/node_modules/@rollup/rollup-linux-arm64-musl
151 silly reify mark deleted [
151 silly reify   '/home/mckaycjm21/react-NIU/node_modules/@rollup/rollup-linux-arm64-musl'
151 silly reify ]
152 verbose reify failed optional dependency /home/mckaycjm21/react-NIU/node_modules/@rollup/rollup-linux-arm64-gnu
153 silly reify mark deleted [
153 silly reify   '/home/mckaycjm21/react-NIU/node_modules/@rollup/rollup-linux-arm64-gnu'
153 silly reify ]
154 verbose reify failed optional dependency /home/mckaycjm21/react-NIU/node_modules/@rollup/rollup-linux-arm-musleabihf
155 silly reify mark deleted [
155 silly reify   '/home/mckaycjm21/react-NIU/node_modules/@rollup/rollup-linux-arm-musleabihf'
155 silly reify ]
156 verbose reify failed optional dependency /home/mckaycjm21/react-NIU/node_modules/@rollup/rollup-linux-arm-gnueabihf
157 silly reify mark deleted [
157 silly reify   '/home/mckaycjm21/react-NIU/node_modules/@rollup/rollup-linux-arm-gnueabihf'
157 silly reify ]
158 verbose reify failed optional dependency /home/mckaycjm21/react-NIU/node_modules/@rollup/rollup-freebsd-x64
159 silly reify mark deleted [
159 silly reify   '/home/mckaycjm21/react-NIU/node_modules/@rollup/rollup-freebsd-x64'
159 silly reify ]
160 verbose reify failed optional dependency /home/mckaycjm21/react-NIU/node_modules/@rollup/rollup-freebsd-arm64
161 silly reify mark deleted [
161 silly reify   '/home/mckaycjm21/react-NIU/node_modules/@rollup/rollup-freebsd-arm64'
161 silly reify ]
162 verbose reify failed optional dependency /home/mckaycjm21/react-NIU/node_modules/@rollup/rollup-darwin-x64
163 silly reify mark deleted [ '/home/mckaycjm21/react-NIU/node_modules/@rollup/rollup-darwin-x64' ]
164 verbose reify failed optional dependency /home/mckaycjm21/react-NIU/node_modules/@rollup/rollup-darwin-arm64
165 silly reify mark deleted [
165 silly reify   '/home/mckaycjm21/react-NIU/node_modules/@rollup/rollup-darwin-arm64'
165 silly reify ]
166 verbose reify failed optional dependency /home/mckaycjm21/react-NIU/node_modules/@rollup/rollup-android-arm64
167 silly reify mark deleted [
167 silly reify   '/home/mckaycjm21/react-NIU/node_modules/@rollup/rollup-android-arm64'
167 silly reify ]
168 verbose reify failed optional dependency /home/mckaycjm21/react-NIU/node_modules/@rollup/rollup-android-arm-eabi
169 silly reify mark deleted [
169 silly reify   '/home/mckaycjm21/react-NIU/node_modules/@rollup/rollup-android-arm-eabi'
169 silly reify ]
170 verbose reify failed optional dependency /home/mckaycjm21/react-NIU/node_modules/@esbuild/win32-x64
171 silly reify mark deleted [ '/home/mckaycjm21/react-NIU/node_modules/@esbuild/win32-x64' ]
172 verbose reify failed optional dependency /home/mckaycjm21/react-NIU/node_modules/@esbuild/win32-ia32
173 silly reify mark deleted [ '/home/mckaycjm21/react-NIU/node_modules/@esbuild/win32-ia32' ]
174 verbose reify failed optional dependency /home/mckaycjm21/react-NIU/node_modules/@esbuild/win32-arm64
175 silly reify mark deleted [ '/home/mckaycjm21/react-NIU/node_modules/@esbuild/win32-arm64' ]
176 verbose reify failed optional dependency /home/mckaycjm21/react-NIU/node_modules/@esbuild/sunos-x64
177 silly reify mark deleted [ '/home/mckaycjm21/react-NIU/node_modules/@esbuild/sunos-x64' ]
178 verbose reify failed optional dependency /home/mckaycjm21/react-NIU/node_modules/@esbuild/openbsd-x64
179 silly reify mark deleted [ '/home/mckaycjm21/react-NIU/node_modules/@esbuild/openbsd-x64' ]
180 verbose reify failed optional dependency /home/mckaycjm21/react-NIU/node_modules/@esbuild/openbsd-arm64
181 silly reify mark deleted [ '/home/mckaycjm21/react-NIU/node_modules/@esbuild/openbsd-arm64' ]
182 verbose reify failed optional dependency /home/mckaycjm21/react-NIU/node_modules/@esbuild/netbsd-x64
183 silly reify mark deleted [ '/home/mckaycjm21/react-NIU/node_modules/@esbuild/netbsd-x64' ]
184 verbose reify failed optional dependency /home/mckaycjm21/react-NIU/node_modules/@esbuild/netbsd-arm64
185 silly reify mark deleted [ '/home/mckaycjm21/react-NIU/node_modules/@esbuild/netbsd-arm64' ]
186 verbose reify failed optional dependency /home/mckaycjm21/react-NIU/node_modules/@esbuild/linux-s390x
187 silly reify mark deleted [ '/home/mckaycjm21/react-NIU/node_modules/@esbuild/linux-s390x' ]
188 verbose reify failed optional dependency /home/mckaycjm21/react-NIU/node_modules/@esbuild/linux-riscv64
189 silly reify mark deleted [ '/home/mckaycjm21/react-NIU/node_modules/@esbuild/linux-riscv64' ]
190 verbose reify failed optional dependency /home/mckaycjm21/react-NIU/node_modules/@esbuild/linux-ppc64
191 silly reify mark deleted [ '/home/mckaycjm21/react-NIU/node_modules/@esbuild/linux-ppc64' ]
192 verbose reify failed optional dependency /home/mckaycjm21/react-NIU/node_modules/@esbuild/linux-mips64el
193 silly reify mark deleted [ '/home/mckaycjm21/react-NIU/node_modules/@esbuild/linux-mips64el' ]
194 verbose reify failed optional dependency /home/mckaycjm21/react-NIU/node_modules/@esbuild/linux-loong64
195 silly reify mark deleted [ '/home/mckaycjm21/react-NIU/node_modules/@esbuild/linux-loong64' ]
196 verbose reify failed optional dependency /home/mckaycjm21/react-NIU/node_modules/@esbuild/linux-ia32
197 silly reify mark deleted [ '/home/mckaycjm21/react-NIU/node_modules/@esbuild/linux-ia32' ]
198 verbose reify failed optional dependency /home/mckaycjm21/react-NIU/node_modules/@esbuild/linux-arm64
199 silly reify mark deleted [ '/home/mckaycjm21/react-NIU/node_modules/@esbuild/linux-arm64' ]
200 verbose reify failed optional dependency /home/mckaycjm21/react-NIU/node_modules/@esbuild/linux-arm
201 silly reify mark deleted [ '/home/mckaycjm21/react-NIU/node_modules/@esbuild/linux-arm' ]
202 verbose reify failed optional dependency /home/mckaycjm21/react-NIU/node_modules/@esbuild/freebsd-x64
203 silly reify mark deleted [ '/home/mckaycjm21/react-NIU/node_modules/@esbuild/freebsd-x64' ]
204 verbose reify failed optional dependency /home/mckaycjm21/react-NIU/node_modules/@esbuild/freebsd-arm64
205 silly reify mark deleted [ '/home/mckaycjm21/react-NIU/node_modules/@esbuild/freebsd-arm64' ]
206 verbose reify failed optional dependency /home/mckaycjm21/react-NIU/node_modules/@esbuild/darwin-x64
207 silly reify mark deleted [ '/home/mckaycjm21/react-NIU/node_modules/@esbuild/darwin-x64' ]
208 verbose reify failed optional dependency /home/mckaycjm21/react-NIU/node_modules/@esbuild/darwin-arm64
209 silly reify mark deleted [ '/home/mckaycjm21/react-NIU/node_modules/@esbuild/darwin-arm64' ]
210 verbose reify failed optional dependency /home/mckaycjm21/react-NIU/node_modules/@esbuild/android-x64
211 silly reify mark deleted [ '/home/mckaycjm21/react-NIU/node_modules/@esbuild/android-x64' ]
212 verbose reify failed optional dependency /home/mckaycjm21/react-NIU/node_modules/@esbuild/android-arm64
213 silly reify mark deleted [ '/home/mckaycjm21/react-NIU/node_modules/@esbuild/android-arm64' ]
214 verbose reify failed optional dependency /home/mckaycjm21/react-NIU/node_modules/@esbuild/android-arm
215 silly reify mark deleted [ '/home/mckaycjm21/react-NIU/node_modules/@esbuild/android-arm' ]
216 verbose reify failed optional dependency /home/mckaycjm21/react-NIU/node_modules/@esbuild/aix-ppc64
217 silly reify mark deleted [ '/home/mckaycjm21/react-NIU/node_modules/@esbuild/aix-ppc64' ]
218 timing reifyNode:node_modules/fsevents Completed in 16ms
219 timing reifyNode:node_modules/@rollup/rollup-win32-x64-msvc Completed in 16ms
220 timing reifyNode:node_modules/@rollup/rollup-win32-ia32-msvc Completed in 16ms
221 timing reifyNode:node_modules/@rollup/rollup-win32-arm64-msvc Completed in 16ms
222 timing reifyNode:node_modules/@rollup/rollup-linux-s390x-gnu Completed in 16ms
223 timing reifyNode:node_modules/@rollup/rollup-linux-riscv64-gnu Completed in 16ms
224 timing reifyNode:node_modules/@rollup/rollup-linux-powerpc64le-gnu Completed in 17ms
225 timing reifyNode:node_modules/@rollup/rollup-linux-loongarch64-gnu Completed in 17ms
226 timing reifyNode:node_modules/@rollup/rollup-linux-arm64-musl Completed in 17ms
227 timing reifyNode:node_modules/@rollup/rollup-linux-arm64-gnu Completed in 16ms
228 timing reifyNode:node_modules/@rollup/rollup-linux-arm-musleabihf Completed in 16ms
229 timing reifyNode:node_modules/@rollup/rollup-linux-arm-gnueabihf Completed in 16ms
230 timing reifyNode:node_modules/@rollup/rollup-freebsd-x64 Completed in 16ms
231 timing reifyNode:node_modules/@rollup/rollup-freebsd-arm64 Completed in 16ms
232 timing reifyNode:node_modules/@rollup/rollup-darwin-x64 Completed in 16ms
233 timing reifyNode:node_modules/@rollup/rollup-darwin-arm64 Completed in 16ms
234 timing reifyNode:node_modules/@rollup/rollup-android-arm64 Completed in 16ms
235 timing reifyNode:node_modules/@rollup/rollup-android-arm-eabi Completed in 16ms
236 timing reifyNode:node_modules/@esbuild/win32-x64 Completed in 16ms
237 timing reifyNode:node_modules/@esbuild/win32-ia32 Completed in 16ms
238 timing reifyNode:node_modules/@esbuild/win32-arm64 Completed in 16ms
239 timing reifyNode:node_modules/@esbuild/sunos-x64 Completed in 16ms
240 timing reifyNode:node_modules/@esbuild/openbsd-x64 Completed in 16ms
241 timing reifyNode:node_modules/@esbuild/openbsd-arm64 Completed in 17ms
242 timing reifyNode:node_modules/@esbuild/netbsd-x64 Completed in 17ms
243 timing reifyNode:node_modules/@esbuild/netbsd-arm64 Completed in 17ms
244 timing reifyNode:node_modules/@esbuild/linux-s390x Completed in 17ms
245 timing reifyNode:node_modules/@esbuild/linux-riscv64 Completed in 16ms
246 timing reifyNode:node_modules/@esbuild/linux-ppc64 Completed in 16ms
247 timing reifyNode:node_modules/@esbuild/linux-mips64el Completed in 16ms
248 timing reifyNode:node_modules/@esbuild/linux-loong64 Completed in 16ms
249 timing reifyNode:node_modules/@esbuild/linux-ia32 Completed in 16ms
250 timing reifyNode:node_modules/@esbuild/linux-arm64 Completed in 15ms
251 timing reifyNode:node_modules/@esbuild/linux-arm Completed in 15ms
252 timing reifyNode:node_modules/@esbuild/freebsd-x64 Completed in 15ms
253 timing reifyNode:node_modules/@esbuild/freebsd-arm64 Completed in 15ms
254 timing reifyNode:node_modules/@esbuild/darwin-x64 Completed in 15ms
255 timing reifyNode:node_modules/@esbuild/darwin-arm64 Completed in 15ms
256 timing reifyNode:node_modules/@esbuild/android-x64 Completed in 15ms
257 timing reifyNode:node_modules/@esbuild/android-arm64 Completed in 15ms
258 timing reifyNode:node_modules/@esbuild/android-arm Completed in 15ms
259 timing reifyNode:node_modules/@esbuild/aix-ppc64 Completed in 15ms
260 silly tarball no local data for qs@https://registry.npmjs.org/qs/-/qs-6.14.0.tgz. Extracting by manifest.
261 silly tarball no local data for mkdirp@https://registry.npmjs.org/mkdirp/-/mkdirp-0.5.6.tgz. Extracting by manifest.
262 silly tarball no local data for requires-port@https://registry.npmjs.org/requires-port/-/requires-port-1.0.0.tgz. Extracting by manifest.
263 silly tarball no local data for async@https://registry.npmjs.org/async/-/async-2.6.4.tgz. Extracting by manifest.
264 silly tarball no local data for eventemitter3@https://registry.npmjs.org/eventemitter3/-/eventemitter3-4.0.7.tgz. Extracting by manifest.
265 silly tarball no local data for safe-buffer@https://registry.npmjs.org/safe-buffer/-/safe-buffer-5.1.2.tgz. Extracting by manifest.
266 silly tarball no local data for url-join@https://registry.npmjs.org/url-join/-/url-join-4.0.1.tgz. Extracting by manifest.
267 silly tarball no local data for union@https://registry.npmjs.org/union/-/union-0.5.0.tgz. Extracting by manifest.
268 silly tarball no local data for secure-compare@https://registry.npmjs.org/secure-compare/-/secure-compare-3.0.1.tgz. Extracting by manifest.
269 silly tarball no local data for portfinder@https://registry.npmjs.org/portfinder/-/portfinder-1.0.32.tgz. Extracting by manifest.
270 silly tarball no local data for opener@https://registry.npmjs.org/opener/-/opener-1.5.2.tgz. Extracting by manifest.
271 silly tarball no local data for minimist@https://registry.npmjs.org/minimist/-/minimist-1.2.8.tgz. Extracting by manifest.
272 silly tarball no local data for mime@https://registry.npmjs.org/mime/-/mime-1.6.0.tgz. Extracting by manifest.
273 silly tarball no local data for he@https://registry.npmjs.org/he/-/he-1.2.0.tgz. Extracting by manifest.
274 silly tarball no local data for http-proxy@https://registry.npmjs.org/http-proxy/-/http-proxy-1.18.1.tgz. Extracting by manifest.
275 silly tarball no local data for corser@https://registry.npmjs.org/corser/-/corser-2.0.1.tgz. Extracting by manifest.
276 silly tarball no local data for basic-auth@https://registry.npmjs.org/basic-auth/-/basic-auth-2.0.1.tgz. Extracting by manifest.
277 silly tarball no local data for http-server@https://registry.npmjs.org/http-server/-/http-server-14.1.1.tgz. Extracting by manifest.
278 silly tarball no local data for debug@https://registry.npmjs.org/debug/-/debug-3.2.7.tgz. Extracting by manifest.
279 silly tarball no local data for whatwg-encoding@https://registry.npmjs.org/whatwg-encoding/-/whatwg-encoding-2.0.0.tgz. Extracting by manifest.
280 silly tarball no local data for html-encoding-sniffer@https://registry.npmjs.org/html-encoding-sniffer/-/html-encoding-sniffer-3.0.0.tgz. Extracting by manifest.
281 http fetch POST 200 https://registry.npmjs.org/-/npm/v1/security/advisories/bulk 206ms
282 timing auditReport:getReport Completed in 212ms
283 silly audit report {
283 silly audit report   esbuild: [
283 silly audit report     {
283 silly audit report       id: 1102341,
283 silly audit report       url: 'https://github.com/advisories/GHSA-67mh-4wv8-2f99',
283 silly audit report       title: 'esbuild enables any website to send any requests to the development server and read the response',
283 silly audit report       severity: 'moderate',
283 silly audit report       vulnerable_versions: '<=0.24.2',
283 silly audit report       cwe: [Array],
283 silly audit report       cvss: [Object]
283 silly audit report     }
283 silly audit report   ],
283 silly audit report   vitest: [
283 silly audit report     {
283 silly audit report       id: 1102428,
283 silly audit report       url: 'https://github.com/advisories/GHSA-9crc-q9x8-hgqq',
283 silly audit report       title: 'Vitest allows Remote Code Execution when accessing a malicious website while Vitest API server is listening',
283 silly audit report       severity: 'critical',
283 silly audit report       vulnerable_versions: '>=3.0.0 <3.0.5',
283 silly audit report       cwe: [Array],
283 silly audit report       cvss: [Object]
283 silly audit report     }
283 silly audit report   ]
283 silly audit report }
284 timing metavuln:cache:get:security-advisory:esbuild:jKdCIzePj7J1488qgRXvF8Srh9wutSuR1exB8YooNX62hT+qhtrUXYbArLNoIhgwbaCqKpmduh18syZU7BR9SA== Completed in 6ms
285 timing metavuln:cache:get:security-advisory:vitest:uk6uZdjme91QTdJ5TanpmYvDofeUa0ByRNMGacwl7sIxnp0iioB5u2pcFIJHpdF2ocSJhup1Lr5Hg56zeMcl8w== Completed in 5ms
286 http fetch GET 200 https://registry.npmjs.org/secure-compare/-/secure-compare-3.0.1.tgz 235ms (cache miss)
287 timing reifyNode:node_modules/secure-compare Completed in 273ms
288 http fetch GET 200 https://registry.npmjs.org/requires-port/-/requires-port-1.0.0.tgz 246ms (cache miss)
289 timing reifyNode:node_modules/requires-port Completed in 278ms
290 http fetch GET 200 https://registry.npmjs.org/mkdirp/-/mkdirp-0.5.6.tgz 247ms (cache miss)
291 timing reifyNode:node_modules/mkdirp Completed in 279ms
292 http fetch GET 200 https://registry.npmjs.org/eventemitter3/-/eventemitter3-4.0.7.tgz 246ms (cache miss)
293 http fetch GET 200 https://registry.npmjs.org/corser/-/corser-2.0.1.tgz 242ms (cache miss)
294 http fetch GET 200 https://registry.npmjs.org/opener/-/opener-1.5.2.tgz 254ms (cache miss)
295 timing reifyNode:node_modules/opener Completed in 293ms
296 timing reifyNode:node_modules/corser Completed in 293ms
297 timing reifyNode:node_modules/eventemitter3 Completed in 295ms
298 http fetch GET 200 https://registry.npmjs.org/whatwg-encoding/-/whatwg-encoding-2.0.0.tgz 254ms (cache miss)
299 timing reifyNode:node_modules/http-server/node_modules/whatwg-encoding Completed in 303ms
300 http fetch GET 200 https://registry.npmjs.org/url-join/-/url-join-4.0.1.tgz 275ms (cache miss)
301 http fetch GET 200 https://registry.npmjs.org/basic-auth/-/basic-auth-2.0.1.tgz 263ms (cache miss)
302 timing reifyNode:node_modules/basic-auth Completed in 311ms
303 http fetch GET 200 https://registry.npmjs.org/html-encoding-sniffer/-/html-encoding-sniffer-3.0.0.tgz 260ms (cache miss)
304 timing reifyNode:node_modules/http-server/node_modules/html-encoding-sniffer Completed in 310ms
305 http fetch GET 200 https://registry.npmjs.org/portfinder/-/portfinder-1.0.32.tgz 274ms (cache miss)
306 timing reifyNode:node_modules/portfinder Completed in 312ms
307 http fetch GET 200 https://registry.npmjs.org/safe-buffer/-/safe-buffer-5.1.2.tgz 279ms (cache miss)
308 timing reifyNode:node_modules/safe-buffer Completed in 314ms
309 timing reifyNode:node_modules/url-join Completed in 317ms
310 http fetch GET 200 https://registry.npmjs.org/debug/-/debug-3.2.7.tgz 290ms (cache miss)
311 timing reifyNode:node_modules/portfinder/node_modules/debug Completed in 341ms
312 http fetch GET 200 https://registry.npmjs.org/mime/-/mime-1.6.0.tgz 308ms (cache miss)
313 timing reifyNode:node_modules/mime Completed in 348ms
314 http fetch GET 200 https://registry.npmjs.org/http-proxy/-/http-proxy-1.18.1.tgz 330ms (cache miss)
315 timing reifyNode:node_modules/http-proxy Completed in 377ms
316 http fetch GET 200 https://registry.npmjs.org/he/-/he-1.2.0.tgz 340ms (cache miss)
317 timing reifyNode:node_modules/he Completed in 382ms
318 http fetch GET 200 https://registry.npmjs.org/minimist/-/minimist-1.2.8.tgz 347ms (cache miss)
319 timing reifyNode:node_modules/minimist Completed in 387ms
320 http fetch GET 200 https://registry.npmjs.org/qs/-/qs-6.14.0.tgz 375ms (cache miss)
321 timing reifyNode:node_modules/qs Completed in 406ms
322 http fetch GET 200 https://registry.npmjs.org/http-server/-/http-server-14.1.1.tgz 359ms (cache miss)
323 timing reifyNode:node_modules/http-server Completed in 407ms
324 http fetch GET 200 https://registry.npmjs.org/union/-/union-0.5.0.tgz 381ms (cache miss)
325 timing reifyNode:node_modules/union Completed in 420ms
326 http fetch GET 200 https://registry.npmjs.org/esbuild 282ms (cache updated)
327 timing metavuln:packument:esbuild Completed in 287ms
328 timing metavuln:load:security-advisory:esbuild:1102341 Completed in 14ms
329 http fetch GET 200 https://registry.npmjs.org/vitest 303ms (cache updated)
330 timing metavuln:packument:vitest Completed in 311ms
331 timing metavuln:load:security-advisory:vitest:1102428 Completed in 4ms
332 timing metavuln:cache:put:security-advisory:esbuild:jKdCIzePj7J1488qgRXvF8Srh9wutSuR1exB8YooNX62hT+qhtrUXYbArLNoIhgwbaCqKpmduh18syZU7BR9SA== Completed in 20ms
333 timing metavuln:calculate:security-advisory:esbuild:1102341 Completed in 322ms
334 timing metavuln:cache:put:security-advisory:vitest:uk6uZdjme91QTdJ5TanpmYvDofeUa0ByRNMGacwl7sIxnp0iioB5u2pcFIJHpdF2ocSJhup1Lr5Hg56zeMcl8w== Completed in 5ms
335 timing metavuln:calculate:security-advisory:vitest:1102428 Completed in 320ms
336 timing metavuln:cache:get:security-advisory:vite:tMBsdAS7JBTyRORp0YaJR984WAAsOxgmReSLBN0Nd41GhzEakjROICqAJ31iOdYG5Ijo/MlJ01p3ig1iN88+Tw== Completed in 1ms
337 http fetch GET 200 https://registry.npmjs.org/async/-/async-2.6.4.tgz 505ms (cache miss)
338 timing reifyNode:node_modules/async Completed in 539ms
339 timing reify:unpack Completed in 539ms
340 timing reify:unretire Completed in 0ms
341 timing build:queue Completed in 2ms
342 timing build:link:node_modules/he Completed in 3ms
343 timing build:link:node_modules/http-server Completed in 2ms
344 timing build:link:node_modules/mkdirp Completed in 2ms
345 timing build:link:node_modules/opener Completed in 2ms
346 timing build:link:node_modules/mime Completed in 2ms
347 timing build:link Completed in 3ms
348 timing build:deps Completed in 5ms
349 timing build Completed in 5ms
350 timing reify:build Completed in 6ms
351 timing reify:trash Completed in 10ms
352 timing reify:save Completed in 134ms
353 http fetch GET 200 https://registry.npmjs.org/vite 263ms (cache updated)
354 timing metavuln:packument:vite Completed in 281ms
355 timing metavuln:load:security-advisory:vite:jKdCIzePj7J1488qgRXvF8Srh9wutSuR1exB8YooNX62hT+qhtrUXYbArLNoIhgwbaCqKpmduh18syZU7BR9SA== Completed in 92ms
356 timing metavuln:cache:put:security-advisory:vite:tMBsdAS7JBTyRORp0YaJR984WAAsOxgmReSLBN0Nd41GhzEakjROICqAJ31iOdYG5Ijo/MlJ01p3ig1iN88+Tw== Completed in 3ms
357 timing metavuln:calculate:security-advisory:vite:jKdCIzePj7J1488qgRXvF8Srh9wutSuR1exB8YooNX62hT+qhtrUXYbArLNoIhgwbaCqKpmduh18syZU7BR9SA== Completed in 376ms
358 timing metavuln:cache:get:security-advisory:@vitejs/plugin-react:P4XDBxCt1M9jhU3wPSnbYo14hU9TEKKi3dRjV6pE6SGkUMgEqrUpLUvU/o4utnW6O2m8Mrkk3y+AtxEbBn/p0A== Completed in 52ms
359 timing metavuln:cache:get:security-advisory:@vitest/mocker:SJ6ALG5CByItLFxBhtpyrxAdDoKdsJCSnzbVFPNK6WdVHJq3/BQr5X33nTvglq430Jo7eFZBpLt727pFLHxHzA== Completed in 52ms
360 timing metavuln:cache:get:security-advisory:vite-node:qYQfE1mMxIUuwRggKZ3LbYT3bx3mXjMCa+BErBSpF5ui1NkOZf8s+ygWxS4DHMFgC2TLwtHm6g4avxKZe91a0g== Completed in 50ms
361 timing metavuln:cache:get:security-advisory:vitest:XRC5FYn4BgxTqFRmBvXrbhEb/XwDQF7aS38Di6r7Pv9zY1oGG9mQ2VYohi/Jc8TchbgRdRy0c0xiUZ9w83+tUA== Completed in 47ms
362 timing metavuln:load:security-advisory:vitest:tMBsdAS7JBTyRORp0YaJR984WAAsOxgmReSLBN0Nd41GhzEakjROICqAJ31iOdYG5Ijo/MlJ01p3ig1iN88+Tw== Completed in 63ms
363 timing metavuln:cache:put:security-advisory:vitest:XRC5FYn4BgxTqFRmBvXrbhEb/XwDQF7aS38Di6r7Pv9zY1oGG9mQ2VYohi/Jc8TchbgRdRy0c0xiUZ9w83+tUA== Completed in 38ms
364 timing metavuln:calculate:security-advisory:vitest:tMBsdAS7JBTyRORp0YaJR984WAAsOxgmReSLBN0Nd41GhzEakjROICqAJ31iOdYG5Ijo/MlJ01p3ig1iN88+Tw== Completed in 149ms
365 http fetch GET 200 https://registry.npmjs.org/@vitest%2fmocker 213ms (cache updated)
366 timing metavuln:packument:@vitest/mocker Completed in 214ms
367 timing metavuln:load:security-advisory:@vitest/mocker:tMBsdAS7JBTyRORp0YaJR984WAAsOxgmReSLBN0Nd41GhzEakjROICqAJ31iOdYG5Ijo/MlJ01p3ig1iN88+Tw== Completed in 1ms
368 http fetch GET 200 https://registry.npmjs.org/vite-node 224ms (cache updated)
369 timing metavuln:packument:vite-node Completed in 228ms
370 timing metavuln:load:security-advisory:vite-node:tMBsdAS7JBTyRORp0YaJR984WAAsOxgmReSLBN0Nd41GhzEakjROICqAJ31iOdYG5Ijo/MlJ01p3ig1iN88+Tw== Completed in 31ms
371 timing metavuln:cache:put:security-advisory:@vitest/mocker:SJ6ALG5CByItLFxBhtpyrxAdDoKdsJCSnzbVFPNK6WdVHJq3/BQr5X33nTvglq430Jo7eFZBpLt727pFLHxHzA== Completed in 60ms
372 timing metavuln:calculate:security-advisory:@vitest/mocker:tMBsdAS7JBTyRORp0YaJR984WAAsOxgmReSLBN0Nd41GhzEakjROICqAJ31iOdYG5Ijo/MlJ01p3ig1iN88+Tw== Completed in 276ms
373 timing metavuln:cache:put:security-advisory:vite-node:qYQfE1mMxIUuwRggKZ3LbYT3bx3mXjMCa+BErBSpF5ui1NkOZf8s+ygWxS4DHMFgC2TLwtHm6g4avxKZe91a0g== Completed in 17ms
374 timing metavuln:calculate:security-advisory:vite-node:tMBsdAS7JBTyRORp0YaJR984WAAsOxgmReSLBN0Nd41GhzEakjROICqAJ31iOdYG5Ijo/MlJ01p3ig1iN88+Tw== Completed in 276ms
375 http fetch GET 200 https://registry.npmjs.org/@vitejs%2fplugin-react 278ms (cache updated)
376 timing metavuln:packument:@vitejs/plugin-react Completed in 279ms
377 timing metavuln:load:security-advisory:@vitejs/plugin-react:tMBsdAS7JBTyRORp0YaJR984WAAsOxgmReSLBN0Nd41GhzEakjROICqAJ31iOdYG5Ijo/MlJ01p3ig1iN88+Tw== Completed in 24ms
378 timing metavuln:cache:put:security-advisory:@vitejs/plugin-react:P4XDBxCt1M9jhU3wPSnbYo14hU9TEKKi3dRjV6pE6SGkUMgEqrUpLUvU/o4utnW6O2m8Mrkk3y+AtxEbBn/p0A== Completed in 13ms
379 timing metavuln:calculate:security-advisory:@vitejs/plugin-react:tMBsdAS7JBTyRORp0YaJR984WAAsOxgmReSLBN0Nd41GhzEakjROICqAJ31iOdYG5Ijo/MlJ01p3ig1iN88+Tw== Completed in 318ms
380 timing metavuln:cache:get:security-advisory:vitest:BSMf7BHi5iZnvIquFfRkjWP6a8w6U34XKSRTgPQahAegm6GPZJH2KxXV9Lykl5yaU1n6yOYaeIOzMIn67rnZBA== Completed in 0ms
381 timing metavuln:load:security-advisory:vitest:SJ6ALG5CByItLFxBhtpyrxAdDoKdsJCSnzbVFPNK6WdVHJq3/BQr5X33nTvglq430Jo7eFZBpLt727pFLHxHzA== Completed in 7ms
382 timing metavuln:cache:put:security-advisory:vitest:BSMf7BHi5iZnvIquFfRkjWP6a8w6U34XKSRTgPQahAegm6GPZJH2KxXV9Lykl5yaU1n6yOYaeIOzMIn67rnZBA== Completed in 17ms
383 timing metavuln:calculate:security-advisory:vitest:SJ6ALG5CByItLFxBhtpyrxAdDoKdsJCSnzbVFPNK6WdVHJq3/BQr5X33nTvglq430Jo7eFZBpLt727pFLHxHzA== Completed in 24ms
384 timing metavuln:cache:get:security-advisory:vitest:/pX+ULPoj9dEnRcNW69EXnv2mQCWcvTXV+PKVdUpqTO30rpIrWPLiQ08km9aOcIK0/KGaALKzFSV/S2lNDmaxg== Completed in 1ms
385 timing metavuln:load:security-advisory:vitest:qYQfE1mMxIUuwRggKZ3LbYT3bx3mXjMCa+BErBSpF5ui1NkOZf8s+ygWxS4DHMFgC2TLwtHm6g4avxKZe91a0g== Completed in 64ms
386 timing metavuln:cache:put:security-advisory:vitest:/pX+ULPoj9dEnRcNW69EXnv2mQCWcvTXV+PKVdUpqTO30rpIrWPLiQ08km9aOcIK0/KGaALKzFSV/S2lNDmaxg== Completed in 11ms
387 timing metavuln:calculate:security-advisory:vitest:qYQfE1mMxIUuwRggKZ3LbYT3bx3mXjMCa+BErBSpF5ui1NkOZf8s+ygWxS4DHMFgC2TLwtHm6g4avxKZe91a0g== Completed in 77ms
388 timing auditReport:init Completed in 1127ms
389 timing reify:audit Completed in 1341ms
390 timing reify Completed in 2399ms
391 silly ADD node_modules/qs
392 silly ADD node_modules/mkdirp
393 silly ADD node_modules/async
394 silly ADD node_modules/requires-port
395 silly ADD node_modules/eventemitter3
396 silly ADD node_modules/safe-buffer
397 silly ADD node_modules/url-join
398 silly ADD node_modules/union
399 silly ADD node_modules/secure-compare
400 silly ADD node_modules/portfinder
401 silly ADD node_modules/portfinder/node_modules/debug
402 silly ADD node_modules/opener
403 silly ADD node_modules/minimist
404 silly ADD node_modules/mime
405 silly ADD node_modules/http-proxy
406 silly ADD node_modules/he
407 silly ADD node_modules/corser
408 silly ADD node_modules/basic-auth
409 silly ADD node_modules/http-server
410 silly ADD node_modules/http-server/node_modules/whatwg-encoding
411 silly ADD node_modules/http-server/node_modules/html-encoding-sniffer
412 silly ADD
413 silly ADD
414 silly ADD
415 silly ADD
416 silly ADD
417 silly ADD
418 silly ADD
419 silly ADD
420 silly ADD
421 silly ADD
422 silly ADD
423 silly ADD
424 silly ADD
425 silly ADD
426 silly ADD
427 silly ADD
428 silly ADD
429 silly ADD
430 silly ADD
431 silly ADD
432 silly ADD
433 silly ADD
434 silly ADD
435 silly ADD
436 silly ADD
437 silly ADD
438 silly ADD
439 silly ADD
440 silly ADD
441 silly ADD
442 silly ADD
443 silly ADD
444 silly ADD
445 silly ADD
446 silly ADD
447 silly ADD
448 silly ADD
449 silly ADD
450 silly ADD
451 silly ADD
452 silly ADD
453 silly ADD
454 timing command:i Completed in 2428ms
455 verbose exit 0
456 timing npm Completed in 2483ms
457 info ok
