0 verbose cli /usr/bin/node /usr/bin/npm
1 info using npm@9.2.0
2 info using node@v18.19.1
3 timing npm:load:whichnode Completed in 1ms
4 timing config:load:defaults Completed in 2ms
5 timing config:load:file:/usr/share/nodejs/npm/npmrc Completed in 13ms
6 timing config:load:builtin Completed in 13ms
7 timing config:load:cli Completed in 3ms
8 timing config:load:env Completed in 0ms
9 timing config:load:file:/home/mckaycjm21/.cache/typescript/5.7/.npmrc Completed in 0ms
10 timing config:load:project Completed in 5ms
11 timing config:load:file:/home/mckaycjm21/.npmrc Completed in 0ms
12 timing config:load:user Completed in 1ms
13 timing config:load:file:/etc/npmrc Completed in 0ms
14 timing config:load:global Completed in 0ms
15 timing config:load:setEnvs Completed in 1ms
16 timing config:load Completed in 25ms
17 timing npm:load:configload Completed in 25ms
18 timing npm:load:mkdirpcache Completed in 0ms
19 timing npm:load:mkdirplogs Completed in 0ms
20 verbose title npm install types-registry@latest
21 verbose argv "install" "--ignore-scripts" "types-registry@latest"
22 timing npm:load:setTitle Completed in 2ms
23 timing config:load:flatten Completed in 6ms
24 timing npm:load:display Completed in 13ms
25 verbose logfile logs-max:10 dir:/home/mckaycjm21/.npm/_logs/2025-02-20T18_14_45_647Z-
26 verbose logfile /home/mckaycjm21/.npm/_logs/2025-02-20T18_14_45_647Z-debug-0.log
27 timing npm:load:logFile Completed in 18ms
28 timing npm:load:timers Completed in 0ms
29 timing npm:load:configScope Completed in 0ms
30 timing npm:load Completed in 59ms
31 timing config:load:flatten Completed in 0ms
32 timing arborist:ctor Completed in 2ms
33 silly logfile start cleaning logs, removing 2 files
34 silly logfile done cleaning log files
35 timing idealTree:init Completed in 54ms
36 timing arborist:ctor Completed in 0ms
37 http fetch GET 200 https://registry.npmjs.org/types-registry 303ms (cache updated)
38 timing idealTree:userRequests Completed in 314ms
39 silly idealTree buildDeps
40 silly fetch manifest types-registry@0.1.708
41 silly placeDep ROOT types-registry@0.1.708 REPLACE for:  want: 0.1.708
42 timing idealTree:#root Completed in 21ms
43 timing idealTree:node_modules/types-registry Completed in 0ms
44 timing idealTree:buildDeps Completed in 22ms
45 timing idealTree:fixDepFlags Completed in 0ms
46 timing idealTree Completed in 392ms
47 timing reify:loadTrees Completed in 393ms
48 timing reify:diffTrees Completed in 3ms
49 silly reify mark retired [
49 silly reify   '/home/mckaycjm21/.cache/typescript/5.7/node_modules/types-registry'
49 silly reify ]
50 silly reify moves {
50 silly reify   '/home/mckaycjm21/.cache/typescript/5.7/node_modules/types-registry': '/home/mckaycjm21/.cache/typescript/5.7/node_modules/.types-registry-6bOCUYdq'
50 silly reify }
51 timing reify:retireShallow Completed in 19ms
52 timing reify:createSparse Completed in 2ms
53 timing reify:loadBundles Completed in 0ms
54 silly audit bulk request {
54 silly audit   '@types/jsdom': [ '21.1.7' ],
54 silly audit   '@types/less': [ '3.0.7' ],
54 silly audit   '@types/node': [ '22.10.10' ],
54 silly audit   '@types/react': [ '19.0.8' ],
54 silly audit   '@types/react-dom': [ '19.0.3' ],
54 silly audit   '@types/stylus': [ '0.48.43' ],
54 silly audit   '@types/tough-cookie': [ '4.0.5' ],
54 silly audit   csstype: [ '3.1.3' ],
54 silly audit   entities: [ '4.5.0' ],
54 silly audit   parse5: [ '7.2.1' ],
54 silly audit   'undici-types': [ '6.20.0' ],
54 silly audit   'types-registry': [ '0.1.708' ]
54 silly audit }
55 silly tarball no local data for types-registry@https://registry.npmjs.org/types-registry/-/types-registry-0.1.708.tgz. Extracting by manifest.
56 http fetch POST 200 https://registry.npmjs.org/-/npm/v1/security/advisories/bulk 87ms
57 timing auditReport:getReport Completed in 88ms
58 silly audit report {}
59 timing auditReport:init Completed in 0ms
60 timing reify:audit Completed in 90ms
61 http fetch GET 200 https://registry.npmjs.org/types-registry/-/types-registry-0.1.708.tgz 200ms (cache miss)
62 timing reifyNode:node_modules/types-registry Completed in 220ms
63 timing reify:unpack Completed in 221ms
64 timing reify:unretire Completed in 0ms
65 timing build:queue Completed in 1ms
66 timing build:deps Completed in 1ms
67 timing build Completed in 1ms
68 timing reify:build Completed in 1ms
69 timing reify:trash Completed in 1ms
70 timing reify:save Completed in 21ms
71 timing reify Completed in 688ms
72 silly CHANGE node_modules/types-registry
73 timing command:install Completed in 696ms
74 verbose exit 0
75 timing npm Completed in 788ms
76 info ok
