2025-02-20 17:43:35.524 [info] Extension host with pid 2386 started
2025-02-20 17:43:35.524 [error] Error: EEXIST: file already exists, open '/home/mckaycjm21/.vscode-server/data/User/workspaceStorage/28bdb4d8ae5825366ad45329d384ebc4/vscode.lock'
2025-02-20 17:43:35.527 [info] Lock '/home/mckaycjm21/.vscode-server/data/User/workspaceStorage/28bdb4d8ae5825366ad45329d384ebc4/vscode.lock': Could not acquire lock, checking if the file is stale.
2025-02-20 17:43:35.543 [info] ExtensionService#_doActivateExtension vscode.emmet, startup: false, activationEvent: 'onLanguage'
2025-02-20 17:43:35.548 [info] ExtensionService#_doActivateExtension vscode.typescript-language-features, startup: false, activationEvent: 'onLanguage:javascriptreact'
2025-02-20 17:43:35.847 [info] Lock '/home/mckaycjm21/.vscode-server/data/User/workspaceStorage/28bdb4d8ae5825366ad45329d384ebc4/vscode.lock': The pid 514 appears to be gone.
2025-02-20 17:43:35.847 [info] Lock '/home/mckaycjm21/.vscode-server/data/User/workspaceStorage/28bdb4d8ae5825366ad45329d384ebc4/vscode.lock': Deleting a stale lock.
2025-02-20 17:43:35.858 [info] Lock '/home/mckaycjm21/.vscode-server/data/User/workspaceStorage/28bdb4d8ae5825366ad45329d384ebc4/vscode.lock': Lock acquired.
2025-02-20 17:43:36.118 [info] ExtensionService#_doActivateExtension vscode.git-base, startup: true, activationEvent: '*', root cause: vscode.git
2025-02-20 17:43:36.146 [info] ExtensionService#_doActivateExtension vscode.npm, startup: true, activationEvent: 'workspaceContains:package.json'
2025-02-20 17:43:36.244 [info] ExtensionService#_doActivateExtension vscode.tunnel-forwarding, startup: false, activationEvent: 'onTunnel'
2025-02-20 17:43:36.255 [info] ExtensionService#_doActivateExtension vscode.git, startup: true, activationEvent: '*'
2025-02-20 17:43:36.257 [info] ExtensionService#_doActivateExtension vscode.github, startup: true, activationEvent: '*'
2025-02-20 17:43:36.877 [info] Eager extensions activated
2025-02-20 17:43:36.877 [info] ExtensionService#_doActivateExtension vscode.debug-auto-launch, startup: false, activationEvent: 'onStartupFinished'
2025-02-20 17:43:36.877 [info] ExtensionService#_doActivateExtension vscode.merge-conflict, startup: false, activationEvent: 'onStartupFinished'
2025-02-20 17:43:36.877 [info] ExtensionService#_doActivateExtension dbaeumer.vscode-eslint, startup: false, activationEvent: 'onStartupFinished'
2025-02-20 17:43:44.372 [info] ExtensionService#_doActivateExtension vscode.configuration-editing, startup: false, activationEvent: 'onLanguage:json'
2025-02-20 17:43:44.372 [info] ExtensionService#_doActivateExtension vscode.extension-editing, startup: false, activationEvent: 'onLanguage:json'
2025-02-20 17:43:44.372 [info] ExtensionService#_doActivateExtension vscode.json-language-features, startup: false, activationEvent: 'onLanguage:json'
