2025-02-15 17:02:18.727 [info] Extension host with pid 571 started
2025-02-15 17:02:18.766 [info] Lock '/home/mckaycjm21/.vscode-server/data/User/workspaceStorage/28bdb4d8ae5825366ad45329d384ebc4/vscode.lock': Lock acquired.
2025-02-15 17:02:18.823 [info] ExtensionService#_doActivateExtension vscode.tunnel-forwarding, startup: false, activationEvent: 'onTunnel'
2025-02-15 17:02:18.826 [info] ExtensionService#_doActivateExtension vscode.emmet, startup: false, activationEvent: 'onLanguage'
2025-02-15 17:02:18.826 [info] ExtensionService#_doActivateExtension vscode.typescript-language-features, startup: false, activationEvent: 'onLanguage:javascriptreact'
2025-02-15 17:02:19.641 [info] ExtensionService#_doActivateExtension vscode.git-base, startup: true, activationEvent: '*', root cause: vscode.git
2025-02-15 17:02:19.653 [info] ExtensionService#_doActivateExtension vscode.npm, startup: true, activationEvent: 'workspaceContains:package.json'
2025-02-15 17:02:19.748 [info] ExtensionService#_doActivateExtension vscode.git, startup: true, activationEvent: '*'
2025-02-15 17:02:19.750 [info] ExtensionService#_doActivateExtension vscode.github, startup: true, activationEvent: '*'
2025-02-15 17:02:20.587 [info] Eager extensions activated
2025-02-15 17:02:20.589 [info] ExtensionService#_doActivateExtension vscode.debug-auto-launch, startup: false, activationEvent: 'onStartupFinished'
2025-02-15 17:02:20.589 [info] ExtensionService#_doActivateExtension vscode.merge-conflict, startup: false, activationEvent: 'onStartupFinished'
2025-02-15 17:02:20.590 [info] ExtensionService#_doActivateExtension dbaeumer.vscode-eslint, startup: false, activationEvent: 'onStartupFinished'
2025-02-15 17:02:25.755 [info] ExtensionService#_doActivateExtension vscode.configuration-editing, startup: false, activationEvent: 'onLanguage:json'
2025-02-15 17:02:25.756 [info] ExtensionService#_doActivateExtension vscode.extension-editing, startup: false, activationEvent: 'onLanguage:json'
2025-02-15 17:02:25.756 [info] ExtensionService#_doActivateExtension vscode.json-language-features, startup: false, activationEvent: 'onLanguage:json'
2025-02-15 17:06:39.992 [info] ExtensionService#_doActivateExtension vscode.css-language-features, startup: false, activationEvent: 'onLanguage:css'
2025-02-15 19:08:46.615 [error] [vscode.typescript-language-features] provider FAILED
2025-02-15 19:08:46.615 [error] Error: DisposableStore is missing...
	at FC.l (file:///home/mckaycjm21/.vscode-server/bin/e54c774e0add60467559eb0d1e229c6452cf8447/out/vs/workbench/api/node/extensionHostProcess.js:135:142236)
	at FC.resolveCompletionItem (file:///home/mckaycjm21/.vscode-server/bin/e54c774e0add60467559eb0d1e229c6452cf8447/out/vs/workbench/api/node/extensionHostProcess.js:135:141729)
	at process.processTicksAndRejections (node:internal/process/task_queues:95:5)
2025-02-15 23:29:00.226 [info] Extension host terminating: received terminate message from renderer
2025-02-15 23:29:00.227 [info] Lock '/home/mckaycjm21/.vscode-server/data/User/workspaceStorage/28bdb4d8ae5825366ad45329d384ebc4/vscode.lock': Marking the lockfile as scheduled to be released in 6000 ms.
2025-02-15 23:29:00.345 [info] Extension host with pid 571 exiting with code 0
