2025-02-20 12:14:41.084 [info] Extension host with pid 514 started
2025-02-20 12:14:41.215 [info] ExtensionService#_doActivateExtension vscode.tunnel-forwarding, startup: false, activationEvent: 'onTunnel'
2025-02-20 12:14:41.216 [info] ExtensionService#_doActivateExtension vscode.emmet, startup: false, activationEvent: 'onLanguage'
2025-02-20 12:14:41.218 [info] ExtensionService#_doActivateExtension vscode.typescript-language-features, startup: false, activationEvent: 'onLanguage:javascriptreact'
2025-02-20 12:14:41.521 [info] Lock '/home/mckaycjm21/.vscode-server/data/User/workspaceStorage/28bdb4d8ae5825366ad45329d384ebc4/vscode.lock': Lock acquired.
2025-02-20 12:14:41.766 [info] ExtensionService#_doActivateExtension vscode.git-base, startup: true, activationEvent: '*', root cause: vscode.git
2025-02-20 12:14:41.792 [info] ExtensionService#_doActivateExtension vscode.npm, startup: true, activationEvent: 'workspaceContains:package.json'
2025-02-20 12:14:41.929 [info] ExtensionService#_doActivateExtension vscode.git, startup: true, activationEvent: '*'
2025-02-20 12:14:41.930 [info] ExtensionService#_doActivateExtension vscode.github, startup: true, activationEvent: '*'
2025-02-20 12:14:42.519 [info] Eager extensions activated
2025-02-20 12:14:42.520 [info] ExtensionService#_doActivateExtension vscode.debug-auto-launch, startup: false, activationEvent: 'onStartupFinished'
2025-02-20 12:14:42.520 [info] ExtensionService#_doActivateExtension vscode.merge-conflict, startup: false, activationEvent: 'onStartupFinished'
2025-02-20 12:14:42.520 [info] ExtensionService#_doActivateExtension dbaeumer.vscode-eslint, startup: false, activationEvent: 'onStartupFinished'
2025-02-20 12:14:47.706 [info] ExtensionService#_doActivateExtension vscode.configuration-editing, startup: false, activationEvent: 'onLanguage:json'
2025-02-20 12:14:47.706 [info] ExtensionService#_doActivateExtension vscode.extension-editing, startup: false, activationEvent: 'onLanguage:json'
2025-02-20 12:14:47.706 [info] ExtensionService#_doActivateExtension vscode.json-language-features, startup: false, activationEvent: 'onLanguage:json'
2025-02-20 13:40:10.313 [error] [vscode.typescript-language-features] provider FAILED
2025-02-20 13:40:10.318 [error] Error: <semantic> TypeScript Server Error (5.7.3)
No Project.
Error: No Project.
    at Object.ThrowNoProject (/home/mckaycjm21/.vscode-server/bin/e54c774e0add60467559eb0d1e229c6452cf8447/extensions/node_modules/typescript/lib/typescript.js:184577:11)
    at ScriptInfo.getDefaultProject (/home/mckaycjm21/.vscode-server/bin/e54c774e0add60467559eb0d1e229c6452cf8447/extensions/node_modules/typescript/lib/typescript.js:185279:23)
    at _ProjectService.doEnsureDefaultProjectForFile (/home/mckaycjm21/.vscode-server/bin/e54c774e0add60467559eb0d1e229c6452cf8447/extensions/node_modules/typescript/lib/typescript.js:188770:36)
    at _ProjectService.ensureDefaultProjectForFile (/home/mckaycjm21/.vscode-server/bin/e54c774e0add60467559eb0d1e229c6452cf8447/extensions/node_modules/typescript/lib/typescript.js:188765:103)
    at IpcIOSession.getFileAndProjectWorker (/home/mckaycjm21/.vscode-server/bin/e54c774e0add60467559eb0d1e229c6452cf8447/extensions/node_modules/typescript/lib/typescript.js:194296:77)
    at IpcIOSession.getFileAndProject (/home/mckaycjm21/.vscode-server/bin/e54c774e0add60467559eb0d1e229c6452cf8447/extensions/node_modules/typescript/lib/typescript.js:194282:17)
    at IpcIOSession.getQuickInfoWorker (/home/mckaycjm21/.vscode-server/bin/e54c774e0add60467559eb0d1e229c6452cf8447/extensions/node_modules/typescript/lib/typescript.js:194353:36)
    at quickinfo (/home/mckaycjm21/.vscode-server/bin/e54c774e0add60467559eb0d1e229c6452cf8447/extensions/node_modules/typescript/lib/typescript.js:192651:43)
    at /home/mckaycjm21/.vscode-server/bin/e54c774e0add60467559eb0d1e229c6452cf8447/extensions/node_modules/typescript/lib/typescript.js:195231:15
    at IpcIOSession.executeWithRequestId (/home/mckaycjm21/.vscode-server/bin/e54c774e0add60467559eb0d1e229c6452cf8447/extensions/node_modules/typescript/lib/typescript.js:195220:14)
    at IpcIOSession.executeCommand (/home/mckaycjm21/.vscode-server/bin/e54c774e0add60467559eb0d1e229c6452cf8447/extensions/node_modules/typescript/lib/typescript.js:195229:29)
    at IpcIOSession.onMessage (/home/mckaycjm21/.vscode-server/bin/e54c774e0add60467559eb0d1e229c6452cf8447/extensions/node_modules/typescript/lib/typescript.js:195277:68)
    at process.<anonymous> (/home/mckaycjm21/.vscode-server/bin/e54c774e0add60467559eb0d1e229c6452cf8447/extensions/node_modules/typescript/lib/_tsserver.js:525:14)
    at process.emit (node:events:518:28)
    at emit (node:internal/child_process:950:14)
    at process.processTicksAndRejections (node:internal/process/task_queues:83:21)
	at n.create (/home/mckaycjm21/.vscode-server/bin/e54c774e0add60467559eb0d1e229c6452cf8447/extensions/typescript-language-features/dist/extension.js:2:492077)
	at y.dispatchResponse (/home/mckaycjm21/.vscode-server/bin/e54c774e0add60467559eb0d1e229c6452cf8447/extensions/typescript-language-features/dist/extension.js:2:486047)
	at y.dispatchMessage (/home/mckaycjm21/.vscode-server/bin/e54c774e0add60467559eb0d1e229c6452cf8447/extensions/typescript-language-features/dist/extension.js:2:484845)
	at ChildProcess.<anonymous> (/home/mckaycjm21/.vscode-server/bin/e54c774e0add60467559eb0d1e229c6452cf8447/extensions/typescript-language-features/dist/extension.js:2:484338)
	at ChildProcess.emit (node:events:518:28)
	at emit (node:internal/child_process:950:14)
	at process.processTicksAndRejections (node:internal/process/task_queues:83:21)
2025-02-20 13:45:16.501 [error] [vscode.typescript-language-features] provider FAILED
2025-02-20 13:45:16.501 [error] Error: <semantic> TypeScript Server Error (5.7.3)
No Project.
Error: No Project.
    at Object.ThrowNoProject (/home/mckaycjm21/.vscode-server/bin/e54c774e0add60467559eb0d1e229c6452cf8447/extensions/node_modules/typescript/lib/typescript.js:184577:11)
    at ScriptInfo.getDefaultProject (/home/mckaycjm21/.vscode-server/bin/e54c774e0add60467559eb0d1e229c6452cf8447/extensions/node_modules/typescript/lib/typescript.js:185279:23)
    at _ProjectService.doEnsureDefaultProjectForFile (/home/mckaycjm21/.vscode-server/bin/e54c774e0add60467559eb0d1e229c6452cf8447/extensions/node_modules/typescript/lib/typescript.js:188770:36)
    at _ProjectService.ensureDefaultProjectForFile (/home/mckaycjm21/.vscode-server/bin/e54c774e0add60467559eb0d1e229c6452cf8447/extensions/node_modules/typescript/lib/typescript.js:188765:103)
    at IpcIOSession.getFileAndProjectWorker (/home/mckaycjm21/.vscode-server/bin/e54c774e0add60467559eb0d1e229c6452cf8447/extensions/node_modules/typescript/lib/typescript.js:194296:77)
    at IpcIOSession.getFileAndProject (/home/mckaycjm21/.vscode-server/bin/e54c774e0add60467559eb0d1e229c6452cf8447/extensions/node_modules/typescript/lib/typescript.js:194282:17)
    at IpcIOSession.getQuickInfoWorker (/home/mckaycjm21/.vscode-server/bin/e54c774e0add60467559eb0d1e229c6452cf8447/extensions/node_modules/typescript/lib/typescript.js:194353:36)
    at quickinfo (/home/mckaycjm21/.vscode-server/bin/e54c774e0add60467559eb0d1e229c6452cf8447/extensions/node_modules/typescript/lib/typescript.js:192651:43)
    at /home/mckaycjm21/.vscode-server/bin/e54c774e0add60467559eb0d1e229c6452cf8447/extensions/node_modules/typescript/lib/typescript.js:195231:15
    at IpcIOSession.executeWithRequestId (/home/mckaycjm21/.vscode-server/bin/e54c774e0add60467559eb0d1e229c6452cf8447/extensions/node_modules/typescript/lib/typescript.js:195220:14)
    at IpcIOSession.executeCommand (/home/mckaycjm21/.vscode-server/bin/e54c774e0add60467559eb0d1e229c6452cf8447/extensions/node_modules/typescript/lib/typescript.js:195229:29)
    at IpcIOSession.onMessage (/home/mckaycjm21/.vscode-server/bin/e54c774e0add60467559eb0d1e229c6452cf8447/extensions/node_modules/typescript/lib/typescript.js:195277:68)
    at process.<anonymous> (/home/mckaycjm21/.vscode-server/bin/e54c774e0add60467559eb0d1e229c6452cf8447/extensions/node_modules/typescript/lib/_tsserver.js:525:14)
    at process.emit (node:events:518:28)
    at emit (node:internal/child_process:950:14)
    at process.processTicksAndRejections (node:internal/process/task_queues:83:21)
	at n.create (/home/mckaycjm21/.vscode-server/bin/e54c774e0add60467559eb0d1e229c6452cf8447/extensions/typescript-language-features/dist/extension.js:2:492077)
	at y.dispatchResponse (/home/mckaycjm21/.vscode-server/bin/e54c774e0add60467559eb0d1e229c6452cf8447/extensions/typescript-language-features/dist/extension.js:2:486047)
	at y.dispatchMessage (/home/mckaycjm21/.vscode-server/bin/e54c774e0add60467559eb0d1e229c6452cf8447/extensions/typescript-language-features/dist/extension.js:2:484845)
	at ChildProcess.<anonymous> (/home/mckaycjm21/.vscode-server/bin/e54c774e0add60467559eb0d1e229c6452cf8447/extensions/typescript-language-features/dist/extension.js:2:484338)
	at ChildProcess.emit (node:events:518:28)
	at emit (node:internal/child_process:950:14)
	at process.processTicksAndRejections (node:internal/process/task_queues:83:21)
2025-02-20 13:48:36.170 [error] [vscode.typescript-language-features] provider FAILED
2025-02-20 13:48:36.170 [error] Error: <semantic> TypeScript Server Error (5.7.3)
No Project.
Error: No Project.
    at Object.ThrowNoProject (/home/mckaycjm21/.vscode-server/bin/e54c774e0add60467559eb0d1e229c6452cf8447/extensions/node_modules/typescript/lib/typescript.js:184577:11)
    at ScriptInfo.getDefaultProject (/home/mckaycjm21/.vscode-server/bin/e54c774e0add60467559eb0d1e229c6452cf8447/extensions/node_modules/typescript/lib/typescript.js:185279:23)
    at _ProjectService.doEnsureDefaultProjectForFile (/home/mckaycjm21/.vscode-server/bin/e54c774e0add60467559eb0d1e229c6452cf8447/extensions/node_modules/typescript/lib/typescript.js:188770:36)
    at _ProjectService.ensureDefaultProjectForFile (/home/mckaycjm21/.vscode-server/bin/e54c774e0add60467559eb0d1e229c6452cf8447/extensions/node_modules/typescript/lib/typescript.js:188765:103)
    at IpcIOSession.getFileAndProjectWorker (/home/mckaycjm21/.vscode-server/bin/e54c774e0add60467559eb0d1e229c6452cf8447/extensions/node_modules/typescript/lib/typescript.js:194296:77)
    at IpcIOSession.getFileAndProject (/home/mckaycjm21/.vscode-server/bin/e54c774e0add60467559eb0d1e229c6452cf8447/extensions/node_modules/typescript/lib/typescript.js:194282:17)
    at IpcIOSession.getQuickInfoWorker (/home/mckaycjm21/.vscode-server/bin/e54c774e0add60467559eb0d1e229c6452cf8447/extensions/node_modules/typescript/lib/typescript.js:194353:36)
    at quickinfo (/home/mckaycjm21/.vscode-server/bin/e54c774e0add60467559eb0d1e229c6452cf8447/extensions/node_modules/typescript/lib/typescript.js:192651:43)
    at /home/mckaycjm21/.vscode-server/bin/e54c774e0add60467559eb0d1e229c6452cf8447/extensions/node_modules/typescript/lib/typescript.js:195231:15
    at IpcIOSession.executeWithRequestId (/home/mckaycjm21/.vscode-server/bin/e54c774e0add60467559eb0d1e229c6452cf8447/extensions/node_modules/typescript/lib/typescript.js:195220:14)
    at IpcIOSession.executeCommand (/home/mckaycjm21/.vscode-server/bin/e54c774e0add60467559eb0d1e229c6452cf8447/extensions/node_modules/typescript/lib/typescript.js:195229:29)
    at IpcIOSession.onMessage (/home/mckaycjm21/.vscode-server/bin/e54c774e0add60467559eb0d1e229c6452cf8447/extensions/node_modules/typescript/lib/typescript.js:195277:68)
    at process.<anonymous> (/home/mckaycjm21/.vscode-server/bin/e54c774e0add60467559eb0d1e229c6452cf8447/extensions/node_modules/typescript/lib/_tsserver.js:525:14)
    at process.emit (node:events:518:28)
    at emit (node:internal/child_process:950:14)
    at process.processTicksAndRejections (node:internal/process/task_queues:83:21)
	at n.create (/home/mckaycjm21/.vscode-server/bin/e54c774e0add60467559eb0d1e229c6452cf8447/extensions/typescript-language-features/dist/extension.js:2:492077)
	at y.dispatchResponse (/home/mckaycjm21/.vscode-server/bin/e54c774e0add60467559eb0d1e229c6452cf8447/extensions/typescript-language-features/dist/extension.js:2:486047)
	at y.dispatchMessage (/home/mckaycjm21/.vscode-server/bin/e54c774e0add60467559eb0d1e229c6452cf8447/extensions/typescript-language-features/dist/extension.js:2:484845)
	at ChildProcess.<anonymous> (/home/mckaycjm21/.vscode-server/bin/e54c774e0add60467559eb0d1e229c6452cf8447/extensions/typescript-language-features/dist/extension.js:2:484338)
	at ChildProcess.emit (node:events:518:28)
	at emit (node:internal/child_process:950:14)
	at process.processTicksAndRejections (node:internal/process/task_queues:83:21)
2025-02-20 13:48:36.688 [error] [vscode.typescript-language-features] provider FAILED
2025-02-20 13:48:36.688 [error] Error: <semantic> TypeScript Server Error (5.7.3)
No Project.
Error: No Project.
    at Object.ThrowNoProject (/home/mckaycjm21/.vscode-server/bin/e54c774e0add60467559eb0d1e229c6452cf8447/extensions/node_modules/typescript/lib/typescript.js:184577:11)
    at ScriptInfo.getDefaultProject (/home/mckaycjm21/.vscode-server/bin/e54c774e0add60467559eb0d1e229c6452cf8447/extensions/node_modules/typescript/lib/typescript.js:185279:23)
    at _ProjectService.doEnsureDefaultProjectForFile (/home/mckaycjm21/.vscode-server/bin/e54c774e0add60467559eb0d1e229c6452cf8447/extensions/node_modules/typescript/lib/typescript.js:188770:36)
    at _ProjectService.ensureDefaultProjectForFile (/home/mckaycjm21/.vscode-server/bin/e54c774e0add60467559eb0d1e229c6452cf8447/extensions/node_modules/typescript/lib/typescript.js:188765:103)
    at IpcIOSession.getFileAndProjectWorker (/home/mckaycjm21/.vscode-server/bin/e54c774e0add60467559eb0d1e229c6452cf8447/extensions/node_modules/typescript/lib/typescript.js:194296:77)
    at IpcIOSession.getFileAndProject (/home/mckaycjm21/.vscode-server/bin/e54c774e0add60467559eb0d1e229c6452cf8447/extensions/node_modules/typescript/lib/typescript.js:194282:17)
    at IpcIOSession.getQuickInfoWorker (/home/mckaycjm21/.vscode-server/bin/e54c774e0add60467559eb0d1e229c6452cf8447/extensions/node_modules/typescript/lib/typescript.js:194353:36)
    at quickinfo (/home/mckaycjm21/.vscode-server/bin/e54c774e0add60467559eb0d1e229c6452cf8447/extensions/node_modules/typescript/lib/typescript.js:192651:43)
    at /home/mckaycjm21/.vscode-server/bin/e54c774e0add60467559eb0d1e229c6452cf8447/extensions/node_modules/typescript/lib/typescript.js:195231:15
    at IpcIOSession.executeWithRequestId (/home/mckaycjm21/.vscode-server/bin/e54c774e0add60467559eb0d1e229c6452cf8447/extensions/node_modules/typescript/lib/typescript.js:195220:14)
    at IpcIOSession.executeCommand (/home/mckaycjm21/.vscode-server/bin/e54c774e0add60467559eb0d1e229c6452cf8447/extensions/node_modules/typescript/lib/typescript.js:195229:29)
    at IpcIOSession.onMessage (/home/mckaycjm21/.vscode-server/bin/e54c774e0add60467559eb0d1e229c6452cf8447/extensions/node_modules/typescript/lib/typescript.js:195277:68)
    at process.<anonymous> (/home/mckaycjm21/.vscode-server/bin/e54c774e0add60467559eb0d1e229c6452cf8447/extensions/node_modules/typescript/lib/_tsserver.js:525:14)
    at process.emit (node:events:518:28)
    at emit (node:internal/child_process:950:14)
    at process.processTicksAndRejections (node:internal/process/task_queues:83:21)
	at n.create (/home/mckaycjm21/.vscode-server/bin/e54c774e0add60467559eb0d1e229c6452cf8447/extensions/typescript-language-features/dist/extension.js:2:492077)
	at y.dispatchResponse (/home/mckaycjm21/.vscode-server/bin/e54c774e0add60467559eb0d1e229c6452cf8447/extensions/typescript-language-features/dist/extension.js:2:486047)
	at y.dispatchMessage (/home/mckaycjm21/.vscode-server/bin/e54c774e0add60467559eb0d1e229c6452cf8447/extensions/typescript-language-features/dist/extension.js:2:484845)
	at ChildProcess.<anonymous> (/home/mckaycjm21/.vscode-server/bin/e54c774e0add60467559eb0d1e229c6452cf8447/extensions/typescript-language-features/dist/extension.js:2:484338)
	at ChildProcess.emit (node:events:518:28)
	at emit (node:internal/child_process:950:14)
	at process.processTicksAndRejections (node:internal/process/task_queues:83:21)
2025-02-20 13:48:51.182 [error] [vscode.typescript-language-features] provider FAILED
2025-02-20 13:48:51.182 [error] Error: <semantic> TypeScript Server Error (5.7.3)
No Project.
Error: No Project.
    at Object.ThrowNoProject (/home/mckaycjm21/.vscode-server/bin/e54c774e0add60467559eb0d1e229c6452cf8447/extensions/node_modules/typescript/lib/typescript.js:184577:11)
    at ScriptInfo.getDefaultProject (/home/mckaycjm21/.vscode-server/bin/e54c774e0add60467559eb0d1e229c6452cf8447/extensions/node_modules/typescript/lib/typescript.js:185279:23)
    at _ProjectService.doEnsureDefaultProjectForFile (/home/mckaycjm21/.vscode-server/bin/e54c774e0add60467559eb0d1e229c6452cf8447/extensions/node_modules/typescript/lib/typescript.js:188770:36)
    at _ProjectService.ensureDefaultProjectForFile (/home/mckaycjm21/.vscode-server/bin/e54c774e0add60467559eb0d1e229c6452cf8447/extensions/node_modules/typescript/lib/typescript.js:188765:103)
    at IpcIOSession.getFileAndProjectWorker (/home/mckaycjm21/.vscode-server/bin/e54c774e0add60467559eb0d1e229c6452cf8447/extensions/node_modules/typescript/lib/typescript.js:194296:77)
    at IpcIOSession.getFileAndProject (/home/mckaycjm21/.vscode-server/bin/e54c774e0add60467559eb0d1e229c6452cf8447/extensions/node_modules/typescript/lib/typescript.js:194282:17)
    at IpcIOSession.getQuickInfoWorker (/home/mckaycjm21/.vscode-server/bin/e54c774e0add60467559eb0d1e229c6452cf8447/extensions/node_modules/typescript/lib/typescript.js:194353:36)
    at quickinfo (/home/mckaycjm21/.vscode-server/bin/e54c774e0add60467559eb0d1e229c6452cf8447/extensions/node_modules/typescript/lib/typescript.js:192651:43)
    at /home/mckaycjm21/.vscode-server/bin/e54c774e0add60467559eb0d1e229c6452cf8447/extensions/node_modules/typescript/lib/typescript.js:195231:15
    at IpcIOSession.executeWithRequestId (/home/mckaycjm21/.vscode-server/bin/e54c774e0add60467559eb0d1e229c6452cf8447/extensions/node_modules/typescript/lib/typescript.js:195220:14)
    at IpcIOSession.executeCommand (/home/mckaycjm21/.vscode-server/bin/e54c774e0add60467559eb0d1e229c6452cf8447/extensions/node_modules/typescript/lib/typescript.js:195229:29)
    at IpcIOSession.onMessage (/home/mckaycjm21/.vscode-server/bin/e54c774e0add60467559eb0d1e229c6452cf8447/extensions/node_modules/typescript/lib/typescript.js:195277:68)
    at process.<anonymous> (/home/mckaycjm21/.vscode-server/bin/e54c774e0add60467559eb0d1e229c6452cf8447/extensions/node_modules/typescript/lib/_tsserver.js:525:14)
    at process.emit (node:events:518:28)
    at emit (node:internal/child_process:950:14)
    at process.processTicksAndRejections (node:internal/process/task_queues:83:21)
	at n.create (/home/mckaycjm21/.vscode-server/bin/e54c774e0add60467559eb0d1e229c6452cf8447/extensions/typescript-language-features/dist/extension.js:2:492077)
	at y.dispatchResponse (/home/mckaycjm21/.vscode-server/bin/e54c774e0add60467559eb0d1e229c6452cf8447/extensions/typescript-language-features/dist/extension.js:2:486047)
	at y.dispatchMessage (/home/mckaycjm21/.vscode-server/bin/e54c774e0add60467559eb0d1e229c6452cf8447/extensions/typescript-language-features/dist/extension.js:2:484845)
	at ChildProcess.<anonymous> (/home/mckaycjm21/.vscode-server/bin/e54c774e0add60467559eb0d1e229c6452cf8447/extensions/typescript-language-features/dist/extension.js:2:484338)
	at ChildProcess.emit (node:events:518:28)
	at emit (node:internal/child_process:950:14)
	at process.processTicksAndRejections (node:internal/process/task_queues:83:21)
2025-02-20 13:48:54.430 [error] [vscode.typescript-language-features] provider FAILED
2025-02-20 13:48:54.430 [error] Error: <semantic> TypeScript Server Error (5.7.3)
No Project.
Error: No Project.
    at Object.ThrowNoProject (/home/mckaycjm21/.vscode-server/bin/e54c774e0add60467559eb0d1e229c6452cf8447/extensions/node_modules/typescript/lib/typescript.js:184577:11)
    at ScriptInfo.getDefaultProject (/home/mckaycjm21/.vscode-server/bin/e54c774e0add60467559eb0d1e229c6452cf8447/extensions/node_modules/typescript/lib/typescript.js:185279:23)
    at _ProjectService.doEnsureDefaultProjectForFile (/home/mckaycjm21/.vscode-server/bin/e54c774e0add60467559eb0d1e229c6452cf8447/extensions/node_modules/typescript/lib/typescript.js:188770:36)
    at _ProjectService.ensureDefaultProjectForFile (/home/mckaycjm21/.vscode-server/bin/e54c774e0add60467559eb0d1e229c6452cf8447/extensions/node_modules/typescript/lib/typescript.js:188765:103)
    at IpcIOSession.getFileAndProjectWorker (/home/mckaycjm21/.vscode-server/bin/e54c774e0add60467559eb0d1e229c6452cf8447/extensions/node_modules/typescript/lib/typescript.js:194296:77)
    at IpcIOSession.getFileAndProject (/home/mckaycjm21/.vscode-server/bin/e54c774e0add60467559eb0d1e229c6452cf8447/extensions/node_modules/typescript/lib/typescript.js:194282:17)
    at IpcIOSession.getQuickInfoWorker (/home/mckaycjm21/.vscode-server/bin/e54c774e0add60467559eb0d1e229c6452cf8447/extensions/node_modules/typescript/lib/typescript.js:194353:36)
    at quickinfo (/home/mckaycjm21/.vscode-server/bin/e54c774e0add60467559eb0d1e229c6452cf8447/extensions/node_modules/typescript/lib/typescript.js:192651:43)
    at /home/mckaycjm21/.vscode-server/bin/e54c774e0add60467559eb0d1e229c6452cf8447/extensions/node_modules/typescript/lib/typescript.js:195231:15
    at IpcIOSession.executeWithRequestId (/home/mckaycjm21/.vscode-server/bin/e54c774e0add60467559eb0d1e229c6452cf8447/extensions/node_modules/typescript/lib/typescript.js:195220:14)
    at IpcIOSession.executeCommand (/home/mckaycjm21/.vscode-server/bin/e54c774e0add60467559eb0d1e229c6452cf8447/extensions/node_modules/typescript/lib/typescript.js:195229:29)
    at IpcIOSession.onMessage (/home/mckaycjm21/.vscode-server/bin/e54c774e0add60467559eb0d1e229c6452cf8447/extensions/node_modules/typescript/lib/typescript.js:195277:68)
    at process.<anonymous> (/home/mckaycjm21/.vscode-server/bin/e54c774e0add60467559eb0d1e229c6452cf8447/extensions/node_modules/typescript/lib/_tsserver.js:525:14)
    at process.emit (node:events:518:28)
    at emit (node:internal/child_process:950:14)
    at process.processTicksAndRejections (node:internal/process/task_queues:83:21)
	at n.create (/home/mckaycjm21/.vscode-server/bin/e54c774e0add60467559eb0d1e229c6452cf8447/extensions/typescript-language-features/dist/extension.js:2:492077)
	at y.dispatchResponse (/home/mckaycjm21/.vscode-server/bin/e54c774e0add60467559eb0d1e229c6452cf8447/extensions/typescript-language-features/dist/extension.js:2:486047)
	at y.dispatchMessage (/home/mckaycjm21/.vscode-server/bin/e54c774e0add60467559eb0d1e229c6452cf8447/extensions/typescript-language-features/dist/extension.js:2:484845)
	at ChildProcess.<anonymous> (/home/mckaycjm21/.vscode-server/bin/e54c774e0add60467559eb0d1e229c6452cf8447/extensions/typescript-language-features/dist/extension.js:2:484338)
	at ChildProcess.emit (node:events:518:28)
	at emit (node:internal/child_process:950:14)
	at process.processTicksAndRejections (node:internal/process/task_queues:83:21)
2025-02-20 13:57:04.314 [error] [vscode.typescript-language-features] provider FAILED
2025-02-20 13:57:04.314 [error] Error: <semantic> TypeScript Server Error (5.7.3)
No Project.
Error: No Project.
    at Object.ThrowNoProject (/home/mckaycjm21/.vscode-server/bin/e54c774e0add60467559eb0d1e229c6452cf8447/extensions/node_modules/typescript/lib/typescript.js:184577:11)
    at ScriptInfo.getDefaultProject (/home/mckaycjm21/.vscode-server/bin/e54c774e0add60467559eb0d1e229c6452cf8447/extensions/node_modules/typescript/lib/typescript.js:185279:23)
    at _ProjectService.doEnsureDefaultProjectForFile (/home/mckaycjm21/.vscode-server/bin/e54c774e0add60467559eb0d1e229c6452cf8447/extensions/node_modules/typescript/lib/typescript.js:188770:36)
    at _ProjectService.ensureDefaultProjectForFile (/home/mckaycjm21/.vscode-server/bin/e54c774e0add60467559eb0d1e229c6452cf8447/extensions/node_modules/typescript/lib/typescript.js:188765:103)
    at IpcIOSession.getFileAndProjectWorker (/home/mckaycjm21/.vscode-server/bin/e54c774e0add60467559eb0d1e229c6452cf8447/extensions/node_modules/typescript/lib/typescript.js:194296:77)
    at IpcIOSession.getFileAndProject (/home/mckaycjm21/.vscode-server/bin/e54c774e0add60467559eb0d1e229c6452cf8447/extensions/node_modules/typescript/lib/typescript.js:194282:17)
    at IpcIOSession.getQuickInfoWorker (/home/mckaycjm21/.vscode-server/bin/e54c774e0add60467559eb0d1e229c6452cf8447/extensions/node_modules/typescript/lib/typescript.js:194353:36)
    at quickinfo (/home/mckaycjm21/.vscode-server/bin/e54c774e0add60467559eb0d1e229c6452cf8447/extensions/node_modules/typescript/lib/typescript.js:192651:43)
    at /home/mckaycjm21/.vscode-server/bin/e54c774e0add60467559eb0d1e229c6452cf8447/extensions/node_modules/typescript/lib/typescript.js:195231:15
    at IpcIOSession.executeWithRequestId (/home/mckaycjm21/.vscode-server/bin/e54c774e0add60467559eb0d1e229c6452cf8447/extensions/node_modules/typescript/lib/typescript.js:195220:14)
    at IpcIOSession.executeCommand (/home/mckaycjm21/.vscode-server/bin/e54c774e0add60467559eb0d1e229c6452cf8447/extensions/node_modules/typescript/lib/typescript.js:195229:29)
    at IpcIOSession.onMessage (/home/mckaycjm21/.vscode-server/bin/e54c774e0add60467559eb0d1e229c6452cf8447/extensions/node_modules/typescript/lib/typescript.js:195277:68)
    at process.<anonymous> (/home/mckaycjm21/.vscode-server/bin/e54c774e0add60467559eb0d1e229c6452cf8447/extensions/node_modules/typescript/lib/_tsserver.js:525:14)
    at process.emit (node:events:518:28)
    at emit (node:internal/child_process:950:14)
    at process.processTicksAndRejections (node:internal/process/task_queues:83:21)
	at n.create (/home/mckaycjm21/.vscode-server/bin/e54c774e0add60467559eb0d1e229c6452cf8447/extensions/typescript-language-features/dist/extension.js:2:492077)
	at y.dispatchResponse (/home/mckaycjm21/.vscode-server/bin/e54c774e0add60467559eb0d1e229c6452cf8447/extensions/typescript-language-features/dist/extension.js:2:486047)
	at y.dispatchMessage (/home/mckaycjm21/.vscode-server/bin/e54c774e0add60467559eb0d1e229c6452cf8447/extensions/typescript-language-features/dist/extension.js:2:484845)
	at ChildProcess.<anonymous> (/home/mckaycjm21/.vscode-server/bin/e54c774e0add60467559eb0d1e229c6452cf8447/extensions/typescript-language-features/dist/extension.js:2:484338)
	at ChildProcess.emit (node:events:518:28)
	at emit (node:internal/child_process:950:14)
	at process.processTicksAndRejections (node:internal/process/task_queues:83:21)
2025-02-20 13:57:04.713 [error] [vscode.typescript-language-features] provider FAILED
2025-02-20 13:57:04.713 [error] Error: <semantic> TypeScript Server Error (5.7.3)
No Project.
Error: No Project.
    at Object.ThrowNoProject (/home/mckaycjm21/.vscode-server/bin/e54c774e0add60467559eb0d1e229c6452cf8447/extensions/node_modules/typescript/lib/typescript.js:184577:11)
    at ScriptInfo.getDefaultProject (/home/mckaycjm21/.vscode-server/bin/e54c774e0add60467559eb0d1e229c6452cf8447/extensions/node_modules/typescript/lib/typescript.js:185279:23)
    at _ProjectService.doEnsureDefaultProjectForFile (/home/mckaycjm21/.vscode-server/bin/e54c774e0add60467559eb0d1e229c6452cf8447/extensions/node_modules/typescript/lib/typescript.js:188770:36)
    at _ProjectService.ensureDefaultProjectForFile (/home/mckaycjm21/.vscode-server/bin/e54c774e0add60467559eb0d1e229c6452cf8447/extensions/node_modules/typescript/lib/typescript.js:188765:103)
    at IpcIOSession.getFileAndProjectWorker (/home/mckaycjm21/.vscode-server/bin/e54c774e0add60467559eb0d1e229c6452cf8447/extensions/node_modules/typescript/lib/typescript.js:194296:77)
    at IpcIOSession.getFileAndProject (/home/mckaycjm21/.vscode-server/bin/e54c774e0add60467559eb0d1e229c6452cf8447/extensions/node_modules/typescript/lib/typescript.js:194282:17)
    at IpcIOSession.getQuickInfoWorker (/home/mckaycjm21/.vscode-server/bin/e54c774e0add60467559eb0d1e229c6452cf8447/extensions/node_modules/typescript/lib/typescript.js:194353:36)
    at quickinfo (/home/mckaycjm21/.vscode-server/bin/e54c774e0add60467559eb0d1e229c6452cf8447/extensions/node_modules/typescript/lib/typescript.js:192651:43)
    at /home/mckaycjm21/.vscode-server/bin/e54c774e0add60467559eb0d1e229c6452cf8447/extensions/node_modules/typescript/lib/typescript.js:195231:15
    at IpcIOSession.executeWithRequestId (/home/mckaycjm21/.vscode-server/bin/e54c774e0add60467559eb0d1e229c6452cf8447/extensions/node_modules/typescript/lib/typescript.js:195220:14)
    at IpcIOSession.executeCommand (/home/mckaycjm21/.vscode-server/bin/e54c774e0add60467559eb0d1e229c6452cf8447/extensions/node_modules/typescript/lib/typescript.js:195229:29)
    at IpcIOSession.onMessage (/home/mckaycjm21/.vscode-server/bin/e54c774e0add60467559eb0d1e229c6452cf8447/extensions/node_modules/typescript/lib/typescript.js:195277:68)
    at process.<anonymous> (/home/mckaycjm21/.vscode-server/bin/e54c774e0add60467559eb0d1e229c6452cf8447/extensions/node_modules/typescript/lib/_tsserver.js:525:14)
    at process.emit (node:events:518:28)
    at emit (node:internal/child_process:950:14)
    at process.processTicksAndRejections (node:internal/process/task_queues:83:21)
	at n.create (/home/mckaycjm21/.vscode-server/bin/e54c774e0add60467559eb0d1e229c6452cf8447/extensions/typescript-language-features/dist/extension.js:2:492077)
	at y.dispatchResponse (/home/mckaycjm21/.vscode-server/bin/e54c774e0add60467559eb0d1e229c6452cf8447/extensions/typescript-language-features/dist/extension.js:2:486047)
	at y.dispatchMessage (/home/mckaycjm21/.vscode-server/bin/e54c774e0add60467559eb0d1e229c6452cf8447/extensions/typescript-language-features/dist/extension.js:2:484845)
	at ChildProcess.<anonymous> (/home/mckaycjm21/.vscode-server/bin/e54c774e0add60467559eb0d1e229c6452cf8447/extensions/typescript-language-features/dist/extension.js:2:484338)
	at ChildProcess.emit (node:events:518:28)
	at emit (node:internal/child_process:950:14)
	at process.processTicksAndRejections (node:internal/process/task_queues:83:21)
2025-02-20 14:34:34.015 [error] [vscode.typescript-language-features] provider FAILED
2025-02-20 14:34:34.015 [error] Error: <semantic> TypeScript Server Error (5.7.3)
No Project.
Error: No Project.
    at Object.ThrowNoProject (/home/mckaycjm21/.vscode-server/bin/e54c774e0add60467559eb0d1e229c6452cf8447/extensions/node_modules/typescript/lib/typescript.js:184577:11)
    at ScriptInfo.getDefaultProject (/home/mckaycjm21/.vscode-server/bin/e54c774e0add60467559eb0d1e229c6452cf8447/extensions/node_modules/typescript/lib/typescript.js:185279:23)
    at _ProjectService.doEnsureDefaultProjectForFile (/home/mckaycjm21/.vscode-server/bin/e54c774e0add60467559eb0d1e229c6452cf8447/extensions/node_modules/typescript/lib/typescript.js:188770:36)
    at _ProjectService.ensureDefaultProjectForFile (/home/mckaycjm21/.vscode-server/bin/e54c774e0add60467559eb0d1e229c6452cf8447/extensions/node_modules/typescript/lib/typescript.js:188765:103)
    at IpcIOSession.getFileAndProjectWorker (/home/mckaycjm21/.vscode-server/bin/e54c774e0add60467559eb0d1e229c6452cf8447/extensions/node_modules/typescript/lib/typescript.js:194296:77)
    at IpcIOSession.getFileAndProject (/home/mckaycjm21/.vscode-server/bin/e54c774e0add60467559eb0d1e229c6452cf8447/extensions/node_modules/typescript/lib/typescript.js:194282:17)
    at IpcIOSession.getApplicableRefactors (/home/mckaycjm21/.vscode-server/bin/e54c774e0add60467559eb0d1e229c6452cf8447/extensions/node_modules/typescript/lib/typescript.js:194801:36)
    at getApplicableRefactors (/home/mckaycjm21/.vscode-server/bin/e54c774e0add60467559eb0d1e229c6452cf8447/extensions/node_modules/typescript/lib/typescript.js:192957:43)
    at /home/mckaycjm21/.vscode-server/bin/e54c774e0add60467559eb0d1e229c6452cf8447/extensions/node_modules/typescript/lib/typescript.js:195231:15
    at IpcIOSession.executeWithRequestId (/home/mckaycjm21/.vscode-server/bin/e54c774e0add60467559eb0d1e229c6452cf8447/extensions/node_modules/typescript/lib/typescript.js:195220:14)
    at IpcIOSession.executeCommand (/home/mckaycjm21/.vscode-server/bin/e54c774e0add60467559eb0d1e229c6452cf8447/extensions/node_modules/typescript/lib/typescript.js:195229:29)
    at IpcIOSession.onMessage (/home/mckaycjm21/.vscode-server/bin/e54c774e0add60467559eb0d1e229c6452cf8447/extensions/node_modules/typescript/lib/typescript.js:195277:68)
    at process.<anonymous> (/home/mckaycjm21/.vscode-server/bin/e54c774e0add60467559eb0d1e229c6452cf8447/extensions/node_modules/typescript/lib/_tsserver.js:525:14)
    at process.emit (node:events:518:28)
    at emit (node:internal/child_process:950:14)
    at process.processTicksAndRejections (node:internal/process/task_queues:83:21)
	at n.create (/home/mckaycjm21/.vscode-server/bin/e54c774e0add60467559eb0d1e229c6452cf8447/extensions/typescript-language-features/dist/extension.js:2:492077)
	at y.dispatchResponse (/home/mckaycjm21/.vscode-server/bin/e54c774e0add60467559eb0d1e229c6452cf8447/extensions/typescript-language-features/dist/extension.js:2:486047)
	at y.dispatchMessage (/home/mckaycjm21/.vscode-server/bin/e54c774e0add60467559eb0d1e229c6452cf8447/extensions/typescript-language-features/dist/extension.js:2:484845)
	at ChildProcess.<anonymous> (/home/mckaycjm21/.vscode-server/bin/e54c774e0add60467559eb0d1e229c6452cf8447/extensions/typescript-language-features/dist/extension.js:2:484338)
	at ChildProcess.emit (node:events:518:28)
	at emit (node:internal/child_process:950:14)
	at process.processTicksAndRejections (node:internal/process/task_queues:83:21)
2025-02-20 14:34:34.757 [error] Error: <semantic> TypeScript Server Error (5.7.3)
No Project.
Error: No Project.
    at Object.ThrowNoProject (/home/mckaycjm21/.vscode-server/bin/e54c774e0add60467559eb0d1e229c6452cf8447/extensions/node_modules/typescript/lib/typescript.js:184577:11)
    at ScriptInfo.getDefaultProject (/home/mckaycjm21/.vscode-server/bin/e54c774e0add60467559eb0d1e229c6452cf8447/extensions/node_modules/typescript/lib/typescript.js:185279:23)
    at _ProjectService.doEnsureDefaultProjectForFile (/home/mckaycjm21/.vscode-server/bin/e54c774e0add60467559eb0d1e229c6452cf8447/extensions/node_modules/typescript/lib/typescript.js:188770:36)
    at _ProjectService.ensureDefaultProjectForFile (/home/mckaycjm21/.vscode-server/bin/e54c774e0add60467559eb0d1e229c6452cf8447/extensions/node_modules/typescript/lib/typescript.js:188765:103)
    at IpcIOSession.getFileAndProjectWorker (/home/mckaycjm21/.vscode-server/bin/e54c774e0add60467559eb0d1e229c6452cf8447/extensions/node_modules/typescript/lib/typescript.js:194296:77)
    at IpcIOSession.getProjectInfoWorker (/home/mckaycjm21/.vscode-server/bin/e54c774e0add60467559eb0d1e229c6452cf8447/extensions/node_modules/typescript/lib/typescript.js:194067:30)
    at IpcIOSession.getProjectInfo (/home/mckaycjm21/.vscode-server/bin/e54c774e0add60467559eb0d1e229c6452cf8447/extensions/node_modules/typescript/lib/typescript.js:194057:17)
    at projectInfo (/home/mckaycjm21/.vscode-server/bin/e54c774e0add60467559eb0d1e229c6452cf8447/extensions/node_modules/typescript/lib/typescript.js:192910:43)
    at /home/mckaycjm21/.vscode-server/bin/e54c774e0add60467559eb0d1e229c6452cf8447/extensions/node_modules/typescript/lib/typescript.js:195231:15
    at IpcIOSession.executeWithRequestId (/home/mckaycjm21/.vscode-server/bin/e54c774e0add60467559eb0d1e229c6452cf8447/extensions/node_modules/typescript/lib/typescript.js:195220:14)
    at IpcIOSession.executeCommand (/home/mckaycjm21/.vscode-server/bin/e54c774e0add60467559eb0d1e229c6452cf8447/extensions/node_modules/typescript/lib/typescript.js:195229:29)
    at IpcIOSession.onMessage (/home/mckaycjm21/.vscode-server/bin/e54c774e0add60467559eb0d1e229c6452cf8447/extensions/node_modules/typescript/lib/typescript.js:195277:68)
    at process.<anonymous> (/home/mckaycjm21/.vscode-server/bin/e54c774e0add60467559eb0d1e229c6452cf8447/extensions/node_modules/typescript/lib/_tsserver.js:525:14)
    at process.emit (node:events:518:28)
    at emit (node:internal/child_process:950:14)
    at process.processTicksAndRejections (node:internal/process/task_queues:83:21)
	at n.create (/home/mckaycjm21/.vscode-server/bin/e54c774e0add60467559eb0d1e229c6452cf8447/extensions/typescript-language-features/dist/extension.js:2:492077)
	at y.dispatchResponse (/home/mckaycjm21/.vscode-server/bin/e54c774e0add60467559eb0d1e229c6452cf8447/extensions/typescript-language-features/dist/extension.js:2:486047)
	at y.dispatchMessage (/home/mckaycjm21/.vscode-server/bin/e54c774e0add60467559eb0d1e229c6452cf8447/extensions/typescript-language-features/dist/extension.js:2:484845)
	at ChildProcess.<anonymous> (/home/mckaycjm21/.vscode-server/bin/e54c774e0add60467559eb0d1e229c6452cf8447/extensions/typescript-language-features/dist/extension.js:2:484338)
	at ChildProcess.emit (node:events:518:28)
	at emit (node:internal/child_process:950:14)
	at process.processTicksAndRejections (node:internal/process/task_queues:83:21)
2025-02-20 15:10:42.173 [error] [vscode.typescript-language-features] provider FAILED
2025-02-20 15:10:42.178 [error] Error: <semantic> TypeScript Server Error (5.7.3)
No Project.
Error: No Project.
    at Object.ThrowNoProject (/home/mckaycjm21/.vscode-server/bin/e54c774e0add60467559eb0d1e229c6452cf8447/extensions/node_modules/typescript/lib/typescript.js:184577:11)
    at ScriptInfo.getDefaultProject (/home/mckaycjm21/.vscode-server/bin/e54c774e0add60467559eb0d1e229c6452cf8447/extensions/node_modules/typescript/lib/typescript.js:185279:23)
    at _ProjectService.doEnsureDefaultProjectForFile (/home/mckaycjm21/.vscode-server/bin/e54c774e0add60467559eb0d1e229c6452cf8447/extensions/node_modules/typescript/lib/typescript.js:188770:36)
    at _ProjectService.ensureDefaultProjectForFile (/home/mckaycjm21/.vscode-server/bin/e54c774e0add60467559eb0d1e229c6452cf8447/extensions/node_modules/typescript/lib/typescript.js:188765:103)
    at IpcIOSession.getFileAndProjectWorker (/home/mckaycjm21/.vscode-server/bin/e54c774e0add60467559eb0d1e229c6452cf8447/extensions/node_modules/typescript/lib/typescript.js:194296:77)
    at IpcIOSession.getFileAndProject (/home/mckaycjm21/.vscode-server/bin/e54c774e0add60467559eb0d1e229c6452cf8447/extensions/node_modules/typescript/lib/typescript.js:194282:17)
    at IpcIOSession.getDefinitionAndBoundSpan (/home/mckaycjm21/.vscode-server/bin/e54c774e0add60467559eb0d1e229c6452cf8447/extensions/node_modules/typescript/lib/typescript.js:193650:36)
    at definitionAndBoundSpan (/home/mckaycjm21/.vscode-server/bin/e54c774e0add60467559eb0d1e229c6452cf8447/extensions/node_modules/typescript/lib/typescript.js:192573:43)
    at /home/mckaycjm21/.vscode-server/bin/e54c774e0add60467559eb0d1e229c6452cf8447/extensions/node_modules/typescript/lib/typescript.js:195231:15
    at IpcIOSession.executeWithRequestId (/home/mckaycjm21/.vscode-server/bin/e54c774e0add60467559eb0d1e229c6452cf8447/extensions/node_modules/typescript/lib/typescript.js:195220:14)
    at IpcIOSession.executeCommand (/home/mckaycjm21/.vscode-server/bin/e54c774e0add60467559eb0d1e229c6452cf8447/extensions/node_modules/typescript/lib/typescript.js:195229:29)
    at IpcIOSession.onMessage (/home/mckaycjm21/.vscode-server/bin/e54c774e0add60467559eb0d1e229c6452cf8447/extensions/node_modules/typescript/lib/typescript.js:195277:68)
    at process.<anonymous> (/home/mckaycjm21/.vscode-server/bin/e54c774e0add60467559eb0d1e229c6452cf8447/extensions/node_modules/typescript/lib/_tsserver.js:525:14)
    at process.emit (node:events:518:28)
    at emit (node:internal/child_process:950:14)
    at process.processTicksAndRejections (node:internal/process/task_queues:83:21)
	at n.create (/home/mckaycjm21/.vscode-server/bin/e54c774e0add60467559eb0d1e229c6452cf8447/extensions/typescript-language-features/dist/extension.js:2:492077)
	at y.dispatchResponse (/home/mckaycjm21/.vscode-server/bin/e54c774e0add60467559eb0d1e229c6452cf8447/extensions/typescript-language-features/dist/extension.js:2:486047)
	at y.dispatchMessage (/home/mckaycjm21/.vscode-server/bin/e54c774e0add60467559eb0d1e229c6452cf8447/extensions/typescript-language-features/dist/extension.js:2:484845)
	at ChildProcess.<anonymous> (/home/mckaycjm21/.vscode-server/bin/e54c774e0add60467559eb0d1e229c6452cf8447/extensions/typescript-language-features/dist/extension.js:2:484338)
	at ChildProcess.emit (node:events:518:28)
	at emit (node:internal/child_process:950:14)
	at process.processTicksAndRejections (node:internal/process/task_queues:83:21)
2025-02-20 15:11:35.521 [error] [vscode.typescript-language-features] provider FAILED
2025-02-20 15:11:35.521 [error] Error: <semantic> TypeScript Server Error (5.7.3)
No Project.
Error: No Project.
    at Object.ThrowNoProject (/home/mckaycjm21/.vscode-server/bin/e54c774e0add60467559eb0d1e229c6452cf8447/extensions/node_modules/typescript/lib/typescript.js:184577:11)
    at ScriptInfo.getDefaultProject (/home/mckaycjm21/.vscode-server/bin/e54c774e0add60467559eb0d1e229c6452cf8447/extensions/node_modules/typescript/lib/typescript.js:185279:23)
    at _ProjectService.doEnsureDefaultProjectForFile (/home/mckaycjm21/.vscode-server/bin/e54c774e0add60467559eb0d1e229c6452cf8447/extensions/node_modules/typescript/lib/typescript.js:188770:36)
    at _ProjectService.ensureDefaultProjectForFile (/home/mckaycjm21/.vscode-server/bin/e54c774e0add60467559eb0d1e229c6452cf8447/extensions/node_modules/typescript/lib/typescript.js:188765:103)
    at IpcIOSession.getFileAndProjectWorker (/home/mckaycjm21/.vscode-server/bin/e54c774e0add60467559eb0d1e229c6452cf8447/extensions/node_modules/typescript/lib/typescript.js:194296:77)
    at IpcIOSession.getFileAndProject (/home/mckaycjm21/.vscode-server/bin/e54c774e0add60467559eb0d1e229c6452cf8447/extensions/node_modules/typescript/lib/typescript.js:194282:17)
    at IpcIOSession.getQuickInfoWorker (/home/mckaycjm21/.vscode-server/bin/e54c774e0add60467559eb0d1e229c6452cf8447/extensions/node_modules/typescript/lib/typescript.js:194353:36)
    at quickinfo (/home/mckaycjm21/.vscode-server/bin/e54c774e0add60467559eb0d1e229c6452cf8447/extensions/node_modules/typescript/lib/typescript.js:192651:43)
    at /home/mckaycjm21/.vscode-server/bin/e54c774e0add60467559eb0d1e229c6452cf8447/extensions/node_modules/typescript/lib/typescript.js:195231:15
    at IpcIOSession.executeWithRequestId (/home/mckaycjm21/.vscode-server/bin/e54c774e0add60467559eb0d1e229c6452cf8447/extensions/node_modules/typescript/lib/typescript.js:195220:14)
    at IpcIOSession.executeCommand (/home/mckaycjm21/.vscode-server/bin/e54c774e0add60467559eb0d1e229c6452cf8447/extensions/node_modules/typescript/lib/typescript.js:195229:29)
    at IpcIOSession.onMessage (/home/mckaycjm21/.vscode-server/bin/e54c774e0add60467559eb0d1e229c6452cf8447/extensions/node_modules/typescript/lib/typescript.js:195277:68)
    at process.<anonymous> (/home/mckaycjm21/.vscode-server/bin/e54c774e0add60467559eb0d1e229c6452cf8447/extensions/node_modules/typescript/lib/_tsserver.js:525:14)
    at process.emit (node:events:518:28)
    at emit (node:internal/child_process:950:14)
    at process.processTicksAndRejections (node:internal/process/task_queues:83:21)
	at n.create (/home/mckaycjm21/.vscode-server/bin/e54c774e0add60467559eb0d1e229c6452cf8447/extensions/typescript-language-features/dist/extension.js:2:492077)
	at y.dispatchResponse (/home/mckaycjm21/.vscode-server/bin/e54c774e0add60467559eb0d1e229c6452cf8447/extensions/typescript-language-features/dist/extension.js:2:486047)
	at y.dispatchMessage (/home/mckaycjm21/.vscode-server/bin/e54c774e0add60467559eb0d1e229c6452cf8447/extensions/typescript-language-features/dist/extension.js:2:484845)
	at ChildProcess.<anonymous> (/home/mckaycjm21/.vscode-server/bin/e54c774e0add60467559eb0d1e229c6452cf8447/extensions/typescript-language-features/dist/extension.js:2:484338)
	at ChildProcess.emit (node:events:518:28)
	at emit (node:internal/child_process:950:14)
	at process.processTicksAndRejections (node:internal/process/task_queues:83:21)
2025-02-20 15:24:15.382 [error] [vscode.typescript-language-features] provider FAILED
2025-02-20 15:24:15.382 [error] Error: <semantic> TypeScript Server Error (5.7.3)
No Project.
Error: No Project.
    at Object.ThrowNoProject (/home/mckaycjm21/.vscode-server/bin/e54c774e0add60467559eb0d1e229c6452cf8447/extensions/node_modules/typescript/lib/typescript.js:184577:11)
    at ScriptInfo.getDefaultProject (/home/mckaycjm21/.vscode-server/bin/e54c774e0add60467559eb0d1e229c6452cf8447/extensions/node_modules/typescript/lib/typescript.js:185279:23)
    at _ProjectService.doEnsureDefaultProjectForFile (/home/mckaycjm21/.vscode-server/bin/e54c774e0add60467559eb0d1e229c6452cf8447/extensions/node_modules/typescript/lib/typescript.js:188770:36)
    at _ProjectService.ensureDefaultProjectForFile (/home/mckaycjm21/.vscode-server/bin/e54c774e0add60467559eb0d1e229c6452cf8447/extensions/node_modules/typescript/lib/typescript.js:188765:103)
    at IpcIOSession.getFileAndProjectWorker (/home/mckaycjm21/.vscode-server/bin/e54c774e0add60467559eb0d1e229c6452cf8447/extensions/node_modules/typescript/lib/typescript.js:194296:77)
    at IpcIOSession.getFileAndProject (/home/mckaycjm21/.vscode-server/bin/e54c774e0add60467559eb0d1e229c6452cf8447/extensions/node_modules/typescript/lib/typescript.js:194282:17)
    at IpcIOSession.getQuickInfoWorker (/home/mckaycjm21/.vscode-server/bin/e54c774e0add60467559eb0d1e229c6452cf8447/extensions/node_modules/typescript/lib/typescript.js:194353:36)
    at quickinfo (/home/mckaycjm21/.vscode-server/bin/e54c774e0add60467559eb0d1e229c6452cf8447/extensions/node_modules/typescript/lib/typescript.js:192651:43)
    at /home/mckaycjm21/.vscode-server/bin/e54c774e0add60467559eb0d1e229c6452cf8447/extensions/node_modules/typescript/lib/typescript.js:195231:15
    at IpcIOSession.executeWithRequestId (/home/mckaycjm21/.vscode-server/bin/e54c774e0add60467559eb0d1e229c6452cf8447/extensions/node_modules/typescript/lib/typescript.js:195220:14)
    at IpcIOSession.executeCommand (/home/mckaycjm21/.vscode-server/bin/e54c774e0add60467559eb0d1e229c6452cf8447/extensions/node_modules/typescript/lib/typescript.js:195229:29)
    at IpcIOSession.onMessage (/home/mckaycjm21/.vscode-server/bin/e54c774e0add60467559eb0d1e229c6452cf8447/extensions/node_modules/typescript/lib/typescript.js:195277:68)
    at process.<anonymous> (/home/mckaycjm21/.vscode-server/bin/e54c774e0add60467559eb0d1e229c6452cf8447/extensions/node_modules/typescript/lib/_tsserver.js:525:14)
    at process.emit (node:events:518:28)
    at emit (node:internal/child_process:950:14)
    at process.processTicksAndRejections (node:internal/process/task_queues:83:21)
	at n.create (/home/mckaycjm21/.vscode-server/bin/e54c774e0add60467559eb0d1e229c6452cf8447/extensions/typescript-language-features/dist/extension.js:2:492077)
	at y.dispatchResponse (/home/mckaycjm21/.vscode-server/bin/e54c774e0add60467559eb0d1e229c6452cf8447/extensions/typescript-language-features/dist/extension.js:2:486047)
	at y.dispatchMessage (/home/mckaycjm21/.vscode-server/bin/e54c774e0add60467559eb0d1e229c6452cf8447/extensions/typescript-language-features/dist/extension.js:2:484845)
	at ChildProcess.<anonymous> (/home/mckaycjm21/.vscode-server/bin/e54c774e0add60467559eb0d1e229c6452cf8447/extensions/typescript-language-features/dist/extension.js:2:484338)
	at ChildProcess.emit (node:events:518:28)
	at emit (node:internal/child_process:950:14)
	at process.processTicksAndRejections (node:internal/process/task_queues:83:21)
