2025-02-20 12:14:42.718 [info] [main] Log level: Info
2025-02-20 12:14:42.718 [info] [main] Validating found git in: "git"
2025-02-20 12:14:42.718 [info] [main] Using git "2.43.0" from "git"
2025-02-20 12:14:42.718 [info] [Model][doInitialScan] Initial repository scan started
2025-02-20 12:14:42.718 [info] > git rev-parse --show-toplevel [40ms]
2025-02-20 12:14:42.718 [info] fatal: not a git repository (or any of the parent directories): .git
2025-02-20 12:14:42.725 [info] > git rev-parse --show-toplevel [10ms]
2025-02-20 12:14:42.725 [info] fatal: not a git repository (or any of the parent directories): .git
2025-02-20 12:14:42.937 [info] > git rev-parse --show-toplevel [209ms]
2025-02-20 12:14:42.937 [info] fatal: not a git repository (or any of the parent directories): .git
2025-02-20 12:14:43.038 [info] > git rev-parse --show-toplevel [25ms]
2025-02-20 12:14:43.038 [info] fatal: not a git repository (or any of the parent directories): .git
2025-02-20 12:14:43.092 [info] > git rev-parse --show-toplevel [29ms]
2025-02-20 12:14:43.092 [info] fatal: not a git repository (or any of the parent directories): .git
2025-02-20 12:14:43.148 [info] > git rev-parse --show-toplevel [22ms]
2025-02-20 12:14:43.148 [info] fatal: not a git repository (or any of the parent directories): .git
2025-02-20 12:14:43.150 [info] [Model][doInitialScan] Initial repository scan completed - repositories (0), closed repositories (0), parent repositories (0), unsafe repositories (0)
2025-02-20 12:14:43.175 [info] > git rev-parse --show-toplevel [9ms]
2025-02-20 12:14:43.175 [info] fatal: not a git repository (or any of the parent directories): .git
2025-02-20 12:14:47.526 [info] > git rev-parse --show-toplevel [3ms]
2025-02-20 12:14:47.526 [info] fatal: not a git repository (or any of the parent directories): .git
2025-02-20 12:14:47.652 [info] > git rev-parse --show-toplevel [9ms]
2025-02-20 12:14:47.652 [info] fatal: not a git repository (or any of the parent directories): .git
2025-02-20 12:14:47.664 [info] > git rev-parse --show-toplevel [3ms]
2025-02-20 12:14:47.664 [info] fatal: not a git repository (or any of the parent directories): .git
2025-02-20 12:16:20.444 [info] > git rev-parse --show-toplevel [3ms]
2025-02-20 12:16:20.444 [info] fatal: not a git repository (or any of the parent directories): .git
2025-02-20 12:16:20.449 [info] > git rev-parse --show-toplevel [2ms]
2025-02-20 12:16:20.449 [info] fatal: not a git repository (or any of the parent directories): .git
2025-02-20 12:16:20.458 [info] > git rev-parse --show-toplevel [6ms]
2025-02-20 12:16:20.458 [info] fatal: not a git repository (or any of the parent directories): .git
2025-02-20 12:16:21.969 [info] > git rev-parse --show-toplevel [3ms]
2025-02-20 12:16:21.969 [info] fatal: not a git repository (or any of the parent directories): .git
2025-02-20 12:16:21.976 [info] > git rev-parse --show-toplevel [3ms]
2025-02-20 12:16:21.976 [info] fatal: not a git repository (or any of the parent directories): .git
2025-02-20 12:16:21.980 [info] > git rev-parse --show-toplevel [2ms]
2025-02-20 12:16:21.980 [info] fatal: not a git repository (or any of the parent directories): .git
2025-02-20 12:16:21.987 [info] > git rev-parse --show-toplevel [0ms]
2025-02-20 12:16:21.987 [info] fatal: not a git repository (or any of the parent directories): .git
2025-02-20 12:16:42.948 [info] > git rev-parse --show-toplevel [1ms]
2025-02-20 12:16:42.948 [info] fatal: not a git repository (or any of the parent directories): .git
2025-02-20 12:16:43.025 [info] > git rev-parse --show-toplevel [3ms]
2025-02-20 12:16:43.025 [info] fatal: not a git repository (or any of the parent directories): .git
2025-02-20 12:16:43.039 [info] > git rev-parse --show-toplevel [3ms]
2025-02-20 12:16:43.039 [info] fatal: not a git repository (or any of the parent directories): .git
2025-02-20 12:16:44.636 [info] > git rev-parse --show-toplevel [1ms]
2025-02-20 12:16:44.636 [info] fatal: not a git repository (or any of the parent directories): .git
2025-02-20 12:16:44.639 [info] > git rev-parse --show-toplevel [1ms]
2025-02-20 12:16:44.639 [info] fatal: not a git repository (or any of the parent directories): .git
2025-02-20 12:16:44.649 [info] > git rev-parse --show-toplevel [1ms]
2025-02-20 12:16:44.649 [info] fatal: not a git repository (or any of the parent directories): .git
2025-02-20 12:16:47.475 [info] > git rev-parse --show-toplevel [1ms]
2025-02-20 12:16:47.475 [info] fatal: not a git repository (or any of the parent directories): .git
2025-02-20 12:16:47.479 [info] > git rev-parse --show-toplevel [2ms]
2025-02-20 12:16:47.479 [info] fatal: not a git repository (or any of the parent directories): .git
2025-02-20 12:16:47.487 [info] > git rev-parse --show-toplevel [1ms]
2025-02-20 12:16:47.487 [info] fatal: not a git repository (or any of the parent directories): .git
2025-02-20 12:19:13.756 [info] > git rev-parse --show-toplevel [9ms]
2025-02-20 12:19:13.756 [info] fatal: not a git repository (or any of the parent directories): .git
2025-02-20 12:19:13.763 [info] > git rev-parse --show-toplevel [1ms]
2025-02-20 12:19:13.763 [info] fatal: not a git repository (or any of the parent directories): .git
2025-02-20 12:19:13.766 [info] > git rev-parse --show-toplevel [1ms]
2025-02-20 12:19:13.766 [info] fatal: not a git repository (or any of the parent directories): .git
2025-02-20 12:19:56.474 [info] > git rev-parse --show-toplevel [3ms]
2025-02-20 12:19:56.474 [info] fatal: not a git repository (or any of the parent directories): .git
2025-02-20 12:19:56.480 [info] > git rev-parse --show-toplevel [2ms]
2025-02-20 12:19:56.480 [info] fatal: not a git repository (or any of the parent directories): .git
2025-02-20 12:19:56.483 [info] > git rev-parse --show-toplevel [1ms]
2025-02-20 12:19:56.483 [info] fatal: not a git repository (or any of the parent directories): .git
2025-02-20 12:20:38.123 [info] > git rev-parse --show-toplevel [2ms]
2025-02-20 12:20:38.123 [info] fatal: not a git repository (or any of the parent directories): .git
2025-02-20 12:20:38.127 [info] > git rev-parse --show-toplevel [2ms]
2025-02-20 12:20:38.127 [info] fatal: not a git repository (or any of the parent directories): .git
2025-02-20 12:20:38.130 [info] > git rev-parse --show-toplevel [1ms]
2025-02-20 12:20:38.130 [info] fatal: not a git repository (or any of the parent directories): .git
2025-02-20 12:21:48.738 [info] > git rev-parse --show-toplevel [3ms]
2025-02-20 12:21:48.738 [info] fatal: not a git repository (or any of the parent directories): .git
2025-02-20 12:21:48.744 [info] > git rev-parse --show-toplevel [1ms]
2025-02-20 12:21:48.744 [info] fatal: not a git repository (or any of the parent directories): .git
2025-02-20 12:21:48.748 [info] > git rev-parse --show-toplevel [2ms]
2025-02-20 12:21:48.748 [info] fatal: not a git repository (or any of the parent directories): .git
2025-02-20 12:21:49.963 [info] > git rev-parse --show-toplevel [2ms]
2025-02-20 12:21:49.963 [info] fatal: not a git repository (or any of the parent directories): .git
2025-02-20 12:21:49.971 [info] > git rev-parse --show-toplevel [3ms]
2025-02-20 12:21:49.971 [info] fatal: not a git repository (or any of the parent directories): .git
2025-02-20 12:21:49.974 [info] > git rev-parse --show-toplevel [1ms]
2025-02-20 12:21:49.974 [info] fatal: not a git repository (or any of the parent directories): .git
2025-02-20 12:21:51.210 [info] > git rev-parse --show-toplevel [1ms]
2025-02-20 12:21:51.210 [info] fatal: not a git repository (or any of the parent directories): .git
2025-02-20 12:21:51.288 [info] > git rev-parse --show-toplevel [7ms]
2025-02-20 12:21:51.288 [info] fatal: not a git repository (or any of the parent directories): .git
2025-02-20 12:21:51.300 [info] > git rev-parse --show-toplevel [1ms]
2025-02-20 12:21:51.300 [info] fatal: not a git repository (or any of the parent directories): .git
2025-02-20 12:21:51.970 [info] > git rev-parse --show-toplevel [1ms]
2025-02-20 12:21:51.970 [info] fatal: not a git repository (or any of the parent directories): .git
2025-02-20 12:22:11.204 [info] > git rev-parse --show-toplevel [5ms]
2025-02-20 12:22:11.204 [info] fatal: not a git repository (or any of the parent directories): .git
2025-02-20 12:22:15.778 [info] > git rev-parse --show-toplevel [5ms]
2025-02-20 12:22:15.778 [info] fatal: not a git repository (or any of the parent directories): .git
2025-02-20 12:22:15.781 [info] > git rev-parse --show-toplevel [1ms]
2025-02-20 12:22:15.781 [info] fatal: not a git repository (or any of the parent directories): .git
2025-02-20 12:22:15.785 [info] > git rev-parse --show-toplevel [1ms]
2025-02-20 12:22:15.785 [info] fatal: not a git repository (or any of the parent directories): .git
2025-02-20 12:22:18.513 [info] > git rev-parse --show-toplevel [2ms]
2025-02-20 12:22:18.513 [info] fatal: not a git repository (or any of the parent directories): .git
2025-02-20 12:22:18.517 [info] > git rev-parse --show-toplevel [1ms]
2025-02-20 12:22:18.517 [info] fatal: not a git repository (or any of the parent directories): .git
2025-02-20 12:22:18.916 [info] > git rev-parse --show-toplevel [2ms]
2025-02-20 12:22:18.916 [info] fatal: not a git repository (or any of the parent directories): .git
2025-02-20 12:22:26.410 [info] > git rev-parse --show-toplevel [4ms]
2025-02-20 12:22:26.410 [info] fatal: not a git repository (or any of the parent directories): .git
2025-02-20 12:22:26.414 [info] > git rev-parse --show-toplevel [1ms]
2025-02-20 12:22:26.414 [info] fatal: not a git repository (or any of the parent directories): .git
2025-02-20 12:22:26.424 [info] > git rev-parse --show-toplevel [1ms]
2025-02-20 12:22:26.424 [info] fatal: not a git repository (or any of the parent directories): .git
